srun: Warning: can't honor --ntasks-per-node set to 4 which doesn't match the requested tasks 16 with the number of requested nodes 16. Ignoring --ntasks-per-node.
 0: Namespace(dataset='Amazon_Large', dropout=0.5, gpu=4, lr=0.01, n_epochs=100, n_hidden=16, n_layers=1, weight_decay=0.0, aggregator_type='gcn', world_size=-1, rank=-1, dist_url='env://', dist_backend='nccl', hostname='nid001605', normalize=False, partitioning='ONED', timers=True, partitions='')
 0: hostname: nid001605 rank: 0 size: 16
 1: Namespace(dataset='Amazon_Large', dropout=0.5, gpu=4, lr=0.01, n_epochs=100, n_hidden=16, n_layers=1, weight_decay=0.0, aggregator_type='gcn', world_size=-1, rank=-1, dist_url='env://', dist_backend='nccl', hostname='nid001605', normalize=False, partitioning='ONED', timers=True, partitions='')
 1: hostname: nid001608 rank: 1 size: 16
 2: Namespace(dataset='Amazon_Large', dropout=0.5, gpu=4, lr=0.01, n_epochs=100, n_hidden=16, n_layers=1, weight_decay=0.0, aggregator_type='gcn', world_size=-1, rank=-1, dist_url='env://', dist_backend='nccl', hostname='nid001605', normalize=False, partitioning='ONED', timers=True, partitions='')
 2: hostname: nid002193 rank: 2 size: 16
 0: 0
 0: Loading coo...
 3: Namespace(dataset='Amazon_Large', dropout=0.5, gpu=4, lr=0.01, n_epochs=100, n_hidden=16, n_layers=1, weight_decay=0.0, aggregator_type='gcn', world_size=-1, rank=-1, dist_url='env://', dist_backend='nccl', hostname='nid001605', normalize=False, partitioning='ONED', timers=True, partitions='')
 3: hostname: nid002196 rank: 3 size: 16
 7: Namespace(dataset='Amazon_Large', dropout=0.5, gpu=4, lr=0.01, n_epochs=100, n_hidden=16, n_layers=1, weight_decay=0.0, aggregator_type='gcn', world_size=-1, rank=-1, dist_url='env://', dist_backend='nccl', hostname='nid001605', normalize=False, partitioning='ONED', timers=True, partitions='')
 7: hostname: nid002313 rank: 7 size: 16
 4: Namespace(dataset='Amazon_Large', dropout=0.5, gpu=4, lr=0.01, n_epochs=100, n_hidden=16, n_layers=1, weight_decay=0.0, aggregator_type='gcn', world_size=-1, rank=-1, dist_url='env://', dist_backend='nccl', hostname='nid001605', normalize=False, partitioning='ONED', timers=True, partitions='')
 4: hostname: nid002244 rank: 4 size: 16
 9: Namespace(dataset='Amazon_Large', dropout=0.5, gpu=4, lr=0.01, n_epochs=100, n_hidden=16, n_layers=1, weight_decay=0.0, aggregator_type='gcn', world_size=-1, rank=-1, dist_url='env://', dist_backend='nccl', hostname='nid001605', normalize=False, partitioning='ONED', timers=True, partitions='')
 9: hostname: nid002465 rank: 9 size: 16
10: Namespace(dataset='Amazon_Large', dropout=0.5, gpu=4, lr=0.01, n_epochs=100, n_hidden=16, n_layers=1, weight_decay=0.0, aggregator_type='gcn', world_size=-1, rank=-1, dist_url='env://', dist_backend='nccl', hostname='nid001605', normalize=False, partitioning='ONED', timers=True, partitions='')
10: hostname: nid003781 rank: 10 size: 16
 6: Namespace(dataset='Amazon_Large', dropout=0.5, gpu=4, lr=0.01, n_epochs=100, n_hidden=16, n_layers=1, weight_decay=0.0, aggregator_type='gcn', world_size=-1, rank=-1, dist_url='env://', dist_backend='nccl', hostname='nid001605', normalize=False, partitioning='ONED', timers=True, partitions='')
 6: hostname: nid002312 rank: 6 size: 16
14: Namespace(dataset='Amazon_Large', dropout=0.5, gpu=4, lr=0.01, n_epochs=100, n_hidden=16, n_layers=1, weight_decay=0.0, aggregator_type='gcn', world_size=-1, rank=-1, dist_url='env://', dist_backend='nccl', hostname='nid001605', normalize=False, partitioning='ONED', timers=True, partitions='')
14: hostname: nid004068 rank: 14 size: 16
11: Namespace(dataset='Amazon_Large', dropout=0.5, gpu=4, lr=0.01, n_epochs=100, n_hidden=16, n_layers=1, weight_decay=0.0, aggregator_type='gcn', world_size=-1, rank=-1, dist_url='env://', dist_backend='nccl', hostname='nid001605', normalize=False, partitioning='ONED', timers=True, partitions='')
11: hostname: nid003784 rank: 11 size: 16
 8: Namespace(dataset='Amazon_Large', dropout=0.5, gpu=4, lr=0.01, n_epochs=100, n_hidden=16, n_layers=1, weight_decay=0.0, aggregator_type='gcn', world_size=-1, rank=-1, dist_url='env://', dist_backend='nccl', hostname='nid001605', normalize=False, partitioning='ONED', timers=True, partitions='')
 8: hostname: nid002464 rank: 8 size: 16
15: Namespace(dataset='Amazon_Large', dropout=0.5, gpu=4, lr=0.01, n_epochs=100, n_hidden=16, n_layers=1, weight_decay=0.0, aggregator_type='gcn', world_size=-1, rank=-1, dist_url='env://', dist_backend='nccl', hostname='nid001605', normalize=False, partitioning='ONED', timers=True, partitions='')
15: hostname: nid004069 rank: 15 size: 16
13: Namespace(dataset='Amazon_Large', dropout=0.5, gpu=4, lr=0.01, n_epochs=100, n_hidden=16, n_layers=1, weight_decay=0.0, aggregator_type='gcn', world_size=-1, rank=-1, dist_url='env://', dist_backend='nccl', hostname='nid001605', normalize=False, partitioning='ONED', timers=True, partitions='')
13: hostname: nid004065 rank: 13 size: 16
12: Namespace(dataset='Amazon_Large', dropout=0.5, gpu=4, lr=0.01, n_epochs=100, n_hidden=16, n_layers=1, weight_decay=0.0, aggregator_type='gcn', world_size=-1, rank=-1, dist_url='env://', dist_backend='nccl', hostname='nid001605', normalize=False, partitioning='ONED', timers=True, partitions='')
12: hostname: nid003785 rank: 12 size: 16
 5: Namespace(dataset='Amazon_Large', dropout=0.5, gpu=4, lr=0.01, n_epochs=100, n_hidden=16, n_layers=1, weight_decay=0.0, aggregator_type='gcn', world_size=-1, rank=-1, dist_url='env://', dist_backend='nccl', hostname='nid001605', normalize=False, partitioning='ONED', timers=True, partitions='')
 5: hostname: nid002245 rank: 5 size: 16
 1: 1
 1: Loading coo...
 2: 2
 2: Loading coo...
 3: 3
 3: Loading coo...
 7: 3
 7: Loading coo...
 4: 0
 4: Loading coo...
 9: 1
 9: Loading coo...
 6: 2
 6: Loading coo...
14: 2
14: Loading coo...
11: 3
11: Loading coo...
 8: 0
 8: Loading coo...
15: 3
15: Loading coo...
13: 1
13: Loading coo...
12: 0
12: Loading coo...
 5: 1
 5: Loading coo...
10: 2
10: Loading coo...
 2: Done loading coo
 3: Done loading coo
 8: Done loading coo
 0: Done loading coo
 6: Done loading coo
12: Done loading coo
 7: Done loading coo
11: Done loading coo
13: Done loading coo
 9: Done loading coo
15: Done loading coo
14: Done loading coo
10: Done loading coo
 4: Done loading coo
 1: Done loading coo
 5: Done loading coo
 3: partitioning...
 4: partitioning...
 2: partitioning...
 0: partitioning...
12: partitioning...
14: partitioning...
15: partitioning...
 6: partitioning...
 1: partitioning...
13: partitioning...
 8: partitioning...
10: partitioning...
 9: partitioning...
11: partitioning...
 5: partitioning...
 7: partitioning...
 5: rank: 5 adj_matrix_loc.size: torch.Size([14249639, 890603])
 5: rank: 5 inputs.size: torch.Size([14249639, 300])
 7: rank: 7 adj_matrix_loc.size: torch.Size([14249639, 890603])
 7: rank: 7 inputs.size: torch.Size([14249639, 300])
 5: done partitioning
 7: done partitioning
12: rank: 12 adj_matrix_loc.size: torch.Size([14249639, 890603])
12: rank: 12 inputs.size: torch.Size([14249639, 300])
12: done partitioning
 1: rank: 1 adj_matrix_loc.size: torch.Size([14249639, 890603])
 1: rank: 1 inputs.size: torch.Size([14249639, 300])
 2: rank: 2 adj_matrix_loc.size: torch.Size([14249639, 890603])
 2: rank: 2 inputs.size: torch.Size([14249639, 300])
 1: done partitioning
15: rank: 15 adj_matrix_loc.size: torch.Size([14249639, 890594])
15: rank: 15 inputs.size: torch.Size([14249639, 300])
 2: done partitioning
15: done partitioning
11: rank: 11 adj_matrix_loc.size: torch.Size([14249639, 890603])
11: rank: 11 inputs.size: torch.Size([14249639, 300])
11: done partitioning
14: rank: 14 adj_matrix_loc.size: torch.Size([14249639, 890603])
14: rank: 14 inputs.size: torch.Size([14249639, 300])
14: done partitioning
 6: rank: 6 adj_matrix_loc.size: torch.Size([14249639, 890603])
 6: rank: 6 inputs.size: torch.Size([14249639, 300])
 3: rank: 3 adj_matrix_loc.size: torch.Size([14249639, 890603])
 3: rank: 3 inputs.size: torch.Size([14249639, 300])
10: rank: 10 adj_matrix_loc.size: torch.Size([14249639, 890603])
10: rank: 10 inputs.size: torch.Size([14249639, 300])
 6: done partitioning
 3: done partitioning
 9: rank: 9 adj_matrix_loc.size: torch.Size([14249639, 890603])
 9: rank: 9 inputs.size: torch.Size([14249639, 300])
 0: rank: 0 adj_matrix_loc.size: torch.Size([14249639, 890603])
 0: rank: 0 inputs.size: torch.Size([14249639, 300])
10: done partitioning
 9: done partitioning
 0: done partitioning
 4: rank: 4 adj_matrix_loc.size: torch.Size([14249639, 890603])
 4: rank: 4 inputs.size: torch.Size([14249639, 300])
 4: done partitioning
 8: rank: 8 adj_matrix_loc.size: torch.Size([14249639, 890603])
 8: rank: 8 inputs.size: torch.Size([14249639, 300])
13: rank: 13 adj_matrix_loc.size: torch.Size([14249639, 890603])
13: rank: 13 inputs.size: torch.Size([14249639, 300])
 8: done partitioning
13: done partitioning
13: tensor(890598, device='cuda:1')
13: torch.Size([890603, 890603])
13: tensor(890602, device='cuda:1')
13: torch.Size([890603, 890603])
13: tensor(890601, device='cuda:1')
13: torch.Size([890603, 890603])
13: tensor(890601, device='cuda:1')
13: torch.Size([890603, 890603])
13: tensor(890595, device='cuda:1')
13: torch.Size([890603, 890603])
13: tensor(890597, device='cuda:1')
13: torch.Size([890603, 890603])
13: tensor(890602, device='cuda:1')
13: torch.Size([890603, 890603])
13: tensor(890601, device='cuda:1')
13: torch.Size([890603, 890603])
13: tensor(890602, device='cuda:1')
13: torch.Size([890603, 890603])
13: tensor(890601, device='cuda:1')
13: torch.Size([890603, 890603])
13: tensor(890597, device='cuda:1')
13: torch.Size([890603, 890603])
13: tensor(890601, device='cuda:1')
13: torch.Size([890603, 890603])
13: tensor(890601, device='cuda:1')
13: torch.Size([890603, 890603])
13: tensor(890601, device='cuda:1')
13: torch.Size([890603, 890603])
13: tensor(890598, device='cuda:1')
13: torch.Size([890603, 890603])
13: tensor(890593, device='cuda:1')
13: torch.Size([890603, 890594])
13: Epoch: 0
 1: tensor(890601, device='cuda:1')
 1: torch.Size([890603, 890603])
 1: tensor(890602, device='cuda:1')
 1: torch.Size([890603, 890603])
 1: tensor(890601, device='cuda:1')
 1: torch.Size([890603, 890603])
 1: tensor(890595, device='cuda:1')
 1: torch.Size([890603, 890603])
 1: tensor(890595, device='cuda:1')
 1: torch.Size([890603, 890603])
 1: tensor(890597, device='cuda:1')
 1: torch.Size([890603, 890603])
 1: tensor(890602, device='cuda:1')
 1: torch.Size([890603, 890603])
 1: tensor(890598, device='cuda:1')
 1: torch.Size([890603, 890603])
 1: tensor(890601, device='cuda:1')
 1: torch.Size([890603, 890603])
 1: tensor(890601, device='cuda:1')
 1: torch.Size([890603, 890603])
 1: tensor(890593, device='cuda:1')
 1: torch.Size([890603, 890603])
 1: tensor(890602, device='cuda:1')
 1: torch.Size([890603, 890603])
 1: tensor(890601, device='cuda:1')
 1: torch.Size([890603, 890603])
 1: tensor(890598, device='cuda:1')
 1: torch.Size([890603, 890603])
 1: tensor(890595, device='cuda:1')
 1: torch.Size([890603, 890603])
 1: tensor(890593, device='cuda:1')
 1: torch.Size([890603, 890594])
 1: Epoch: 0
 3: tensor(890595, device='cuda:3')
 3: torch.Size([890603, 890603])
 3: tensor(890602, device='cuda:3')
 3: torch.Size([890603, 890603])
 3: tensor(890601, device='cuda:3')
 3: torch.Size([890603, 890603])
 3: tensor(890594, device='cuda:3')
 3: torch.Size([890603, 890603])
 3: tensor(890598, device='cuda:3')
 3: torch.Size([890603, 890603])
 3: tensor(890602, device='cuda:3')
 3: torch.Size([890603, 890603])
 3: tensor(890602, device='cuda:3')
 3: torch.Size([890603, 890603])
 3: tensor(890594, device='cuda:3')
 3: torch.Size([890603, 890603])
 3: tensor(890602, device='cuda:3')
 3: torch.Size([890603, 890603])
 3: tensor(890601, device='cuda:3')
 3: torch.Size([890603, 890603])
 3: tensor(890602, device='cuda:3')
 3: torch.Size([890603, 890603])
 3: tensor(890601, device='cuda:3')
 3: torch.Size([890603, 890603])
 3: tensor(890602, device='cuda:3')
 3: torch.Size([890603, 890603])
 3: tensor(890598, device='cuda:3')
 3: torch.Size([890603, 890603])
 3: tensor(890591, device='cuda:3')
 3: torch.Size([890603, 890603])
 3: tensor(890593, device='cuda:3')
 3: torch.Size([890603, 890594])
 3: Epoch: 0
15: tensor(890602, device='cuda:3')
15: torch.Size([890594, 890603])
15: tensor(890602, device='cuda:3')
15: torch.Size([890594, 890603])
15: tensor(890601, device='cuda:3')
15: torch.Size([890594, 890603])
15: tensor(890591, device='cuda:3')
15: torch.Size([890594, 890603])
15: tensor(890599, device='cuda:3')
15: torch.Size([890594, 890603])
15: tensor(890597, device='cuda:3')
15: torch.Size([890594, 890603])
15: tensor(890602, device='cuda:3')
15: torch.Size([890594, 890603])
15: tensor(890601, device='cuda:3')
15: torch.Size([890594, 890603])
15: tensor(890601, device='cuda:3')
15: torch.Size([890594, 890603])
15: tensor(890601, device='cuda:3')
15: torch.Size([890594, 890603])
15: tensor(890598, device='cuda:3')
15: torch.Size([890594, 890603])
15: tensor(890601, device='cuda:3')
15: torch.Size([890594, 890603])
15: tensor(890602, device='cuda:3')
15: torch.Size([890594, 890603])
15: tensor(890598, device='cuda:3')
15: torch.Size([890594, 890603])
15: tensor(890596, device='cuda:3')
15: torch.Size([890594, 890603])
15: tensor(890593, device='cuda:3')
15: torch.Size([890594, 890594])
15: Epoch: 0
 0: tensor(890598, device='cuda:0')
 0: torch.Size([890603, 890603])
 0: tensor(890602, device='cuda:0')
 0: torch.Size([890603, 890603])
 0: tensor(890601, device='cuda:0')
 0: torch.Size([890603, 890603])
 0: tensor(890599, device='cuda:0')
 0: torch.Size([890603, 890603])
 0: tensor(890602, device='cuda:0')
 0: torch.Size([890603, 890603])
 0: tensor(890597, device='cuda:0')
 0: torch.Size([890603, 890603])
 0: tensor(890602, device='cuda:0')
 0: torch.Size([890603, 890603])
 0: tensor(890598, device='cuda:0')
 0: torch.Size([890603, 890603])
 0: tensor(890601, device='cuda:0')
 0: torch.Size([890603, 890603])
 0: tensor(890601, device='cuda:0')
 0: torch.Size([890603, 890603])
 0: tensor(890602, device='cuda:0')
 0: torch.Size([890603, 890603])
 0: tensor(890601, device='cuda:0')
 0: torch.Size([890603, 890603])
 0: tensor(890602, device='cuda:0')
 0: torch.Size([890603, 890603])
 0: tensor(890602, device='cuda:0')
 0: torch.Size([890603, 890603])
 0: tensor(890598, device='cuda:0')
 0: torch.Size([890603, 890603])
 0: tensor(890593, device='cuda:0')
 0: torch.Size([890603, 890594])
 0: Epoch: 0
10: tensor(890595, device='cuda:2')
10: torch.Size([890603, 890603])
10: tensor(890602, device='cuda:2')
10: torch.Size([890603, 890603])
10: tensor(890601, device='cuda:2')
10: torch.Size([890603, 890603])
10: tensor(890594, device='cuda:2')
10: torch.Size([890603, 890603])
10: tensor(890596, device='cuda:2')
10: torch.Size([890603, 890603])
10: tensor(890597, device='cuda:2')
10: torch.Size([890603, 890603])
10: tensor(890602, device='cuda:2')
10: torch.Size([890603, 890603])
10: tensor(890600, device='cuda:2')
10: torch.Size([890603, 890603])
10: tensor(890601, device='cuda:2')
10: torch.Size([890603, 890603])
10: tensor(890601, device='cuda:2')
10: torch.Size([890603, 890603])
10: tensor(890593, device='cuda:2')
10: torch.Size([890603, 890603])
10: tensor(890601, device='cuda:2')
10: torch.Size([890603, 890603])
10: tensor(890602, device='cuda:2')
10: torch.Size([890603, 890603])
10: tensor(890598, device='cuda:2')
10: torch.Size([890603, 890603])
10: tensor(890598, device='cuda:2')
10: torch.Size([890603, 890603])
10: tensor(890593, device='cuda:2')
10: torch.Size([890603, 890594])
10: Epoch: 0
 6: tensor(890602, device='cuda:2')
 6: torch.Size([890603, 890603])
 6: tensor(890602, device='cuda:2')
 6: torch.Size([890603, 890603])
 6: tensor(890599, device='cuda:2')
 6: torch.Size([890603, 890603])
 6: tensor(890596, device='cuda:2')
 6: torch.Size([890603, 890603])
 6: tensor(890599, device='cuda:2')
 6: torch.Size([890603, 890603])
 6: tensor(890597, device='cuda:2')
 6: torch.Size([890603, 890603])
 6: tensor(890602, device='cuda:2')
 6: torch.Size([890603, 890603])
 6: tensor(890597, device='cuda:2')
 6: torch.Size([890603, 890603])
 6: tensor(890601, device='cuda:2')
 6: torch.Size([890603, 890603])
 6: tensor(890601, device='cuda:2')
 6: torch.Size([890603, 890603])
 6: tensor(890601, device='cuda:2')
 6: torch.Size([890603, 890603])
 6: tensor(890601, device='cuda:2')
 6: torch.Size([890603, 890603])
 6: tensor(890601, device='cuda:2')
 6: torch.Size([890603, 890603])
 6: tensor(890598, device='cuda:2')
 6: torch.Size([890603, 890603])
 6: tensor(890596, device='cuda:2')
 6: torch.Size([890603, 890603])
 6: tensor(890593, device='cuda:2')
 6: torch.Size([890603, 890594])
 6: Epoch: 0
 2: tensor(890598, device='cuda:2')
 2: torch.Size([890603, 890603])
 2: tensor(890602, device='cuda:2')
 2: torch.Size([890603, 890603])
 2: tensor(890602, device='cuda:2')
 2: torch.Size([890603, 890603])
 2: tensor(890599, device='cuda:2')
 2: torch.Size([890603, 890603])
 2: tensor(890599, device='cuda:2')
 2: torch.Size([890603, 890603])
 2: tensor(890597, device='cuda:2')
 2: torch.Size([890603, 890603])
 2: tensor(890602, device='cuda:2')
 2: torch.Size([890603, 890603])
 2: tensor(890598, device='cuda:2')
 2: torch.Size([890603, 890603])
 2: tensor(890601, device='cuda:2')
 2: torch.Size([890603, 890603])
 2: tensor(890601, device='cuda:2')
 2: torch.Size([890603, 890603])
 2: tensor(890598, device='cuda:2')
 2: torch.Size([890603, 890603])
 2: tensor(890602, device='cuda:2')
 2: torch.Size([890603, 890603])
 2: tensor(890599, device='cuda:2')
 2: torch.Size([890603, 890603])
 2: tensor(890598, device='cuda:2')
 2: torch.Size([890603, 890603])
 2: tensor(890591, device='cuda:2')
 2: torch.Size([890603, 890603])
 2: tensor(890593, device='cuda:2')
 2: torch.Size([890603, 890594])
 2: Epoch: 0
 4: tensor(890595, device='cuda:0')
 4: torch.Size([890603, 890603])
 4: tensor(890602, device='cuda:0')
 4: torch.Size([890603, 890603])
 4: tensor(890601, device='cuda:0')
 4: torch.Size([890603, 890603])
 4: tensor(890594, device='cuda:0')
 4: torch.Size([890603, 890603])
 4: tensor(890599, device='cuda:0')
 4: torch.Size([890603, 890603])
 4: tensor(890597, device='cuda:0')
 4: torch.Size([890603, 890603])
 4: tensor(890602, device='cuda:0')
 4: torch.Size([890603, 890603])
 4: tensor(890601, device='cuda:0')
 4: torch.Size([890603, 890603])
 4: tensor(890602, device='cuda:0')
 4: torch.Size([890603, 890603])
 4: tensor(890601, device='cuda:0')
 4: torch.Size([890603, 890603])
 4: tensor(890598, device='cuda:0')
 4: torch.Size([890603, 890603])
 4: tensor(890601, device='cuda:0')
 4: torch.Size([890603, 890603])
 4: tensor(890601, device='cuda:0')
 4: torch.Size([890603, 890603])
 4: tensor(890594, device='cuda:0')
 4: torch.Size([890603, 890603])
 4: tensor(890591, device='cuda:0')
 4: torch.Size([890603, 890603])
 4: tensor(890593, device='cuda:0')
 4: torch.Size([890603, 890594])
 4: Epoch: 0
 9: tensor(890602, device='cuda:1')
 9: torch.Size([890603, 890603])
 9: tensor(890602, device='cuda:1')
 9: torch.Size([890603, 890603])
 9: tensor(890599, device='cuda:1')
 9: torch.Size([890603, 890603])
 9: tensor(890585, device='cuda:1')
 9: torch.Size([890603, 890603])
 9: tensor(890602, device='cuda:1')
 9: torch.Size([890603, 890603])
 9: tensor(890602, device='cuda:1')
 9: torch.Size([890603, 890603])
 9: tensor(890602, device='cuda:1')
 9: torch.Size([890603, 890603])
 9: tensor(890601, device='cuda:1')
 9: torch.Size([890603, 890603])
 9: tensor(890602, device='cuda:1')
 9: torch.Size([890603, 890603])
 9: tensor(890601, device='cuda:1')
 9: torch.Size([890603, 890603])
 9: tensor(890593, device='cuda:1')
 9: torch.Size([890603, 890603])
 9: tensor(890602, device='cuda:1')
 9: torch.Size([890603, 890603])
 9: tensor(890601, device='cuda:1')
 9: torch.Size([890603, 890603])
 9: tensor(890598, device='cuda:1')
 9: torch.Size([890603, 890603])
 9: tensor(890591, device='cuda:1')
 9: torch.Size([890603, 890603])
 9: tensor(890593, device='cuda:1')
 9: torch.Size([890603, 890594])
 9: Epoch: 0
11: tensor(890595, device='cuda:3')
11: torch.Size([890603, 890603])
11: tensor(890602, device='cuda:3')
11: torch.Size([890603, 890603])
11: tensor(890602, device='cuda:3')
11: torch.Size([890603, 890603])
11: tensor(890594, device='cuda:3')
11: torch.Size([890603, 890603])
11: tensor(890599, device='cuda:3')
11: torch.Size([890603, 890603])
11: tensor(890595, device='cuda:3')
11: torch.Size([890603, 890603])
11: tensor(890602, device='cuda:3')
11: torch.Size([890603, 890603])
11: tensor(890601, device='cuda:3')
11: torch.Size([890603, 890603])
11: tensor(890601, device='cuda:3')
11: torch.Size([890603, 890603])
11: tensor(890601, device='cuda:3')
11: torch.Size([890603, 890603])
11: tensor(890596, device='cuda:3')
11: torch.Size([890603, 890603])
11: tensor(890601, device='cuda:3')
11: torch.Size([890603, 890603])
11: tensor(890591, device='cuda:3')
11: torch.Size([890603, 890603])
11: tensor(890598, device='cuda:3')
11: torch.Size([890603, 890603])
11: tensor(890600, device='cuda:3')
11: torch.Size([890603, 890603])
11: tensor(890593, device='cuda:3')
11: torch.Size([890603, 890594])
11: Epoch: 0
 5: tensor(890595, device='cuda:1')
 5: torch.Size([890603, 890603])
 5: tensor(890602, device='cuda:1')
 5: torch.Size([890603, 890603])
 5: tensor(890601, device='cuda:1')
 5: torch.Size([890603, 890603])
 5: tensor(890599, device='cuda:1')
 5: torch.Size([890603, 890603])
 5: tensor(890595, device='cuda:1')
 5: torch.Size([890603, 890603])
 5: tensor(890597, device='cuda:1')
 5: torch.Size([890603, 890603])
 5: tensor(890602, device='cuda:1')
 5: torch.Size([890603, 890603])
 5: tensor(890601, device='cuda:1')
 5: torch.Size([890603, 890603])
 5: tensor(890601, device='cuda:1')
 5: torch.Size([890603, 890603])
 5: tensor(890601, device='cuda:1')
 5: torch.Size([890603, 890603])
 5: tensor(890602, device='cuda:1')
 5: torch.Size([890603, 890603])
 5: tensor(890601, device='cuda:1')
 5: torch.Size([890603, 890603])
 5: tensor(890601, device='cuda:1')
 5: torch.Size([890603, 890603])
 5: tensor(890598, device='cuda:1')
 5: torch.Size([890603, 890603])
 5: tensor(890598, device='cuda:1')
 5: torch.Size([890603, 890603])
 5: tensor(890593, device='cuda:1')
 5: torch.Size([890603, 890594])
 5: Epoch: 0
 7: tensor(890595, device='cuda:3')
 7: torch.Size([890603, 890603])
 7: tensor(890602, device='cuda:3')
 7: torch.Size([890603, 890603])
 7: tensor(890601, device='cuda:3')
 7: torch.Size([890603, 890603])
 7: tensor(890594, device='cuda:3')
 7: torch.Size([890603, 890603])
 7: tensor(890595, device='cuda:3')
 7: torch.Size([890603, 890603])
 7: tensor(890602, device='cuda:3')
 7: torch.Size([890603, 890603])
 7: tensor(890602, device='cuda:3')
 7: torch.Size([890603, 890603])
 7: tensor(890597, device='cuda:3')
 7: torch.Size([890603, 890603])
 7: tensor(890601, device='cuda:3')
 7: torch.Size([890603, 890603])
 7: tensor(890600, device='cuda:3')
 7: torch.Size([890603, 890603])
 7: tensor(890598, device='cuda:3')
 7: torch.Size([890603, 890603])
 7: tensor(890601, device='cuda:3')
 7: torch.Size([890603, 890603])
 7: tensor(890601, device='cuda:3')
 7: torch.Size([890603, 890603])
 7: tensor(890598, device='cuda:3')
 7: torch.Size([890603, 890603])
 7: tensor(890600, device='cuda:3')
 7: torch.Size([890603, 890603])
 7: tensor(890593, device='cuda:3')
 7: torch.Size([890603, 890594])
 7: Epoch: 0
12: tensor(890602, device='cuda:0')
12: torch.Size([890603, 890603])
12: tensor(890602, device='cuda:0')
12: torch.Size([890603, 890603])
12: tensor(890601, device='cuda:0')
12: torch.Size([890603, 890603])
12: tensor(890594, device='cuda:0')
12: torch.Size([890603, 890603])
12: tensor(890599, device='cuda:0')
12: torch.Size([890603, 890603])
12: tensor(890601, device='cuda:0')
12: torch.Size([890603, 890603])
12: tensor(890602, device='cuda:0')
12: torch.Size([890603, 890603])
12: tensor(890597, device='cuda:0')
12: torch.Size([890603, 890603])
12: tensor(890601, device='cuda:0')
12: torch.Size([890603, 890603])
12: tensor(890601, device='cuda:0')
12: torch.Size([890603, 890603])
12: tensor(890598, device='cuda:0')
12: torch.Size([890603, 890603])
12: tensor(890601, device='cuda:0')
12: torch.Size([890603, 890603])
12: tensor(890591, device='cuda:0')
12: torch.Size([890603, 890603])
12: tensor(890598, device='cuda:0')
12: torch.Size([890603, 890603])
12: tensor(890595, device='cuda:0')
12: torch.Size([890603, 890603])
12: tensor(890593, device='cuda:0')
12: torch.Size([890603, 890594])
12: Epoch: 0
14: tensor(890595, device='cuda:2')
14: torch.Size([890603, 890603])
14: tensor(890602, device='cuda:2')
14: torch.Size([890603, 890603])
14: tensor(890596, device='cuda:2')
14: torch.Size([890603, 890603])
14: tensor(890596, device='cuda:2')
14: torch.Size([890603, 890603])
14: tensor(890595, device='cuda:2')
14: torch.Size([890603, 890603])
14: tensor(890602, device='cuda:2')
14: torch.Size([890603, 890603])
14: tensor(890602, device='cuda:2')
14: torch.Size([890603, 890603])
14: tensor(890598, device='cuda:2')
14: torch.Size([890603, 890603])
14: tensor(890602, device='cuda:2')
14: torch.Size([890603, 890603])
14: tensor(890601, device='cuda:2')
14: torch.Size([890603, 890603])
14: tensor(890598, device='cuda:2')
14: torch.Size([890603, 890603])
14: tensor(890602, device='cuda:2')
14: torch.Size([890603, 890603])
14: tensor(890601, device='cuda:2')
14: torch.Size([890603, 890603])
14: tensor(890598, device='cuda:2')
14: torch.Size([890603, 890603])
14: tensor(890591, device='cuda:2')
14: torch.Size([890603, 890603])
14: tensor(890593, device='cuda:2')
14: torch.Size([890603, 890594])
14: Epoch: 0
 8: tensor(890595, device='cuda:0')
 8: torch.Size([890603, 890603])
 8: tensor(890602, device='cuda:0')
 8: torch.Size([890603, 890603])
 8: tensor(890601, device='cuda:0')
 8: torch.Size([890603, 890603])
 8: tensor(890594, device='cuda:0')
 8: torch.Size([890603, 890603])
 8: tensor(890595, device='cuda:0')
 8: torch.Size([890603, 890603])
 8: tensor(890602, device='cuda:0')
 8: torch.Size([890603, 890603])
 8: tensor(890602, device='cuda:0')
 8: torch.Size([890603, 890603])
 8: tensor(890598, device='cuda:0')
 8: torch.Size([890603, 890603])
 8: tensor(890601, device='cuda:0')
 8: torch.Size([890603, 890603])
 8: tensor(890601, device='cuda:0')
 8: torch.Size([890603, 890603])
 8: tensor(890598, device='cuda:0')
 8: torch.Size([890603, 890603])
 8: tensor(890601, device='cuda:0')
 8: torch.Size([890603, 890603])
 8: tensor(890602, device='cuda:0')
 8: torch.Size([890603, 890603])
 8: tensor(890600, device='cuda:0')
 8: torch.Size([890603, 890603])
 8: tensor(890598, device='cuda:0')
 8: torch.Size([890603, 890603])
 8: tensor(890593, device='cuda:0')
 8: torch.Size([890603, 890594])
 8: Epoch: 0
 9: Epoch: 1
10: Epoch: 1
11: Epoch: 1
13: Epoch: 1
12: Epoch: 1
 3: Epoch: 1
 7: Epoch: 1
 2: Epoch: 1
 0: Epoch: 1
 6: Epoch: 1
15: Epoch: 1
 1: Epoch: 1
 4: Epoch: 1
 5: Epoch: 1
14: Epoch: 1
 8: Epoch: 1
11: Epoch: 2
 8: Epoch: 2
 3: Epoch: 2
13: Epoch: 2
 5: Epoch: 2
 7: Epoch: 2
 0: Epoch: 2
 6: Epoch: 2
 4: Epoch: 2
14: Epoch: 2
15: Epoch: 2
 1: Epoch: 2
 2: Epoch: 2
 9: Epoch: 2
12: Epoch: 2
10: Epoch: 2
11: Epoch: 3
 0: Epoch: 3
 7: Epoch: 3
13: Epoch: 3
 9: Epoch: 3
 6: Epoch: 3
12: Epoch: 3
 4: Epoch: 3
15: Epoch: 3
 8: Epoch: 3
 2: Epoch: 3
 1: Epoch: 3
 3: Epoch: 3
 5: Epoch: 3
14: Epoch: 3
10: Epoch: 3
11: Epoch: 4
 8: Epoch: 4
 0: Epoch: 4
13: Epoch: 4
 2: Epoch: 4
10: Epoch: 4
12: Epoch: 4
 5: Epoch: 4
14: Epoch: 4
 1: Epoch: 4
 9: Epoch: 4
15: Epoch: 4
 3: Epoch: 4
 7: Epoch: 4
 4: Epoch: 4
 6: Epoch: 4
 0: Epoch: 5
11: Epoch: 5
 8: Epoch: 5
 9: Epoch: 5
13: Epoch: 5
10: Epoch: 5
 3: Epoch: 5
 7: Epoch: 5
14: Epoch: 5
 6: Epoch: 5
15: Epoch: 5
12: Epoch: 5
 2: Epoch: 5
 4: Epoch: 5
 5: Epoch: 5
 1: Epoch: 5
 8: Epoch: 6
 2: Epoch: 6
13: Epoch: 6
 0: Epoch: 6
10: Epoch: 6
 5: Epoch: 6
 9: Epoch: 6
 3: Epoch: 6
 7: Epoch: 6
14: Epoch: 6
 1: Epoch: 6
 4: Epoch: 6
 6: Epoch: 6
15: Epoch: 6
11: Epoch: 6
12: Epoch: 6
10: Epoch: 7
 0: Epoch: 7
11: Epoch: 7
 1: Epoch: 7
 3: Epoch: 7
 7: Epoch: 7
 4: Epoch: 7
14: Epoch: 7
12: Epoch: 7
 6: Epoch: 7
 2: Epoch: 7
15: Epoch: 7
 9: Epoch: 7
13: Epoch: 7
 5: Epoch: 7
 8: Epoch: 7
10: Epoch: 8
11: Epoch: 8
 9: Epoch: 8
 0: Epoch: 8
 7: Epoch: 8
 4: Epoch: 8
12: Epoch: 8
14: Epoch: 8
 1: Epoch: 8
 3: Epoch: 8
 6: Epoch: 8
15: Epoch: 8
13: Epoch: 8
 2: Epoch: 8
 8: Epoch: 8
 5: Epoch: 8
 8: Epoch: 9
 9: Epoch: 9
10: Epoch: 9
11: Epoch: 9
 0: Epoch: 9
 1: Epoch: 9
 3: Epoch: 9
 7: Epoch: 9
 4: Epoch: 9
 6: Epoch: 9
14: Epoch: 9
12: Epoch: 9
 2: Epoch: 9
13: Epoch: 9
 5: Epoch: 9
15: Epoch: 9
 0: Epoch: 10
10: Epoch: 10
11: Epoch: 10
 2: Epoch: 10
 9: Epoch: 10
 7: Epoch: 10
 4: Epoch: 10
14: Epoch: 10
 3: Epoch: 10
12: Epoch: 10
 1: Epoch: 10
 6: Epoch: 10
 8: Epoch: 10
13: Epoch: 10
 5: Epoch: 10
15: Epoch: 10
15: Epoch: 11
11: Epoch: 11
 2: Epoch: 11
10: Epoch: 11
 0: Epoch: 11
 9: Epoch: 11
 7: Epoch: 11
 4: Epoch: 11
 3: Epoch: 11
14: Epoch: 11
 1: Epoch: 11
 6: Epoch: 11
 8: Epoch: 11
12: Epoch: 11
 5: Epoch: 11
13: Epoch: 11
11: Epoch: 12
 0: Epoch: 12
 9: Epoch: 12
10: Epoch: 12
 2: Epoch: 12
 3: Epoch: 12
 4: Epoch: 12
14: Epoch: 12
 7: Epoch: 12
 6: Epoch: 12
 1: Epoch: 12
 8: Epoch: 12
12: Epoch: 12
 5: Epoch: 12
13: Epoch: 12
15: Epoch: 12
11: Epoch: 13
 9: Epoch: 13
 8: Epoch: 13
 0: Epoch: 13
10: Epoch: 13
 2: Epoch: 13
 7: Epoch: 13
 4: Epoch: 13
14: Epoch: 13
12: Epoch: 13
 1: Epoch: 13
 3: Epoch: 13
 6: Epoch: 13
13: Epoch: 13
15: Epoch: 13
 5: Epoch: 13
 0: Epoch: 14
10: Epoch: 14
11: Epoch: 14
13: Epoch: 14
 2: Epoch: 14
 9: Epoch: 14
12: Epoch: 14
 7: Epoch: 14
 6: Epoch: 14
 3: Epoch: 14
14: Epoch: 14
 4: Epoch: 14
 1: Epoch: 14
 8: Epoch: 14
15: Epoch: 14
 5: Epoch: 14
11: Epoch: 15
15: Epoch: 15
 0: Epoch: 15
 9: Epoch: 15
10: Epoch: 15
 3: Epoch: 15
 7: Epoch: 15
 4: Epoch: 15
 6: Epoch: 15
12: Epoch: 15
 1: Epoch: 15
 2: Epoch: 15
13: Epoch: 15
 5: Epoch: 15
 8: Epoch: 15
14: Epoch: 15
11: Epoch: 16
10: Epoch: 16
 2: Epoch: 16
 0: Epoch: 16
 9: Epoch: 16
12: Epoch: 16
 7: Epoch: 16
 4: Epoch: 16
 1: Epoch: 16
 3: Epoch: 16
 6: Epoch: 16
15: Epoch: 16
13: Epoch: 16
 5: Epoch: 16
 8: Epoch: 16
14: Epoch: 16
 8: Epoch: 17
 0: Epoch: 17
 9: Epoch: 17
10: Epoch: 17
11: Epoch: 17
 2: Epoch: 17
 7: Epoch: 17
 4: Epoch: 17
 1: Epoch: 17
 3: Epoch: 17
 6: Epoch: 17
13: Epoch: 17
12: Epoch: 17
 5: Epoch: 17
15: Epoch: 17
14: Epoch: 17
15: Epoch: 18
10: Epoch: 18
 0: Epoch: 18
 3: Epoch: 18
 1: Epoch: 18
 2: Epoch: 18
 7: Epoch: 18
 4: Epoch: 18
 9: Epoch: 18
 6: Epoch: 18
12: Epoch: 18
 8: Epoch: 18
13: Epoch: 18
14: Epoch: 18
11: Epoch: 18
 5: Epoch: 18
 9: Epoch: 19
 0: Epoch: 19
10: Epoch: 19
12: Epoch: 19
 7: Epoch: 19
 4: Epoch: 19
 1: Epoch: 19
 2: Epoch: 19
 3: Epoch: 19
15: Epoch: 19
 6: Epoch: 19
14: Epoch: 19
11: Epoch: 19
 5: Epoch: 19
13: Epoch: 19
 8: Epoch: 19
 8: Epoch: 20
11: Epoch: 20
 2: Epoch: 20
 0: Epoch: 20
 7: Epoch: 20
10: Epoch: 20
 4: Epoch: 20
 3: Epoch: 20
 1: Epoch: 20
 6: Epoch: 20
12: Epoch: 20
 5: Epoch: 20
13: Epoch: 20
14: Epoch: 20
15: Epoch: 20
 9: Epoch: 20
11: Epoch: 21
15: Epoch: 21
 7: Epoch: 21
 5: Epoch: 21
10: Epoch: 21
12: Epoch: 21
13: Epoch: 21
 6: Epoch: 21
14: Epoch: 21
 3: Epoch: 21
 9: Epoch: 21
 2: Epoch: 21
 1: Epoch: 21
 4: Epoch: 21
 8: Epoch: 21
 0: Epoch: 21
 8: Epoch: 22
11: Epoch: 22
 5: Epoch: 22
 2: Epoch: 22
 9: Epoch: 22
12: Epoch: 22
 4: Epoch: 22
 6: Epoch: 22
13: Epoch: 22
 1: Epoch: 22
 3: Epoch: 22
14: Epoch: 22
15: Epoch: 22
 0: Epoch: 22
 7: Epoch: 22
10: Epoch: 22
 8: Epoch: 23
11: Epoch: 23
 1: Epoch: 23
 2: Epoch: 23
 4: Epoch: 23
 6: Epoch: 23
14: Epoch: 23
15: Epoch: 23
13: Epoch: 23
12: Epoch: 23
 5: Epoch: 23
 3: Epoch: 23
 9: Epoch: 23
10: Epoch: 23
 0: Epoch: 23
 7: Epoch: 23
 2: Epoch: 24
 8: Epoch: 24
15: Epoch: 24
 0: Epoch: 24
 9: Epoch: 24
 5: Epoch: 24
10: Epoch: 24
11: Epoch: 24
13: Epoch: 24
 7: Epoch: 24
14: Epoch: 24
 3: Epoch: 24
 6: Epoch: 24
12: Epoch: 24
 4: Epoch: 24
 1: Epoch: 24
 0: Epoch: 25
 9: Epoch: 25
10: Epoch: 25
11: Epoch: 25
14: Epoch: 25
13: Epoch: 25
12: Epoch: 25
 4: Epoch: 25
 1: Epoch: 25
 7: Epoch: 25
 8: Epoch: 25
 6: Epoch: 25
15: Epoch: 25
 5: Epoch: 25
 2: Epoch: 25
 3: Epoch: 25
15: Epoch: 26
 8: Epoch: 26
 2: Epoch: 26
 0: Epoch: 26
 9: Epoch: 26
10: Epoch: 26
13: Epoch: 26
14: Epoch: 26
 7: Epoch: 26
12: Epoch: 26
 4: Epoch: 26
 6: Epoch: 26
 5: Epoch: 26
11: Epoch: 26
 3: Epoch: 26
 1: Epoch: 26
 8: Epoch: 27
15: Epoch: 27
 9: Epoch: 27
 0: Epoch: 27
 7: Epoch: 27
10: Epoch: 27
13: Epoch: 27
 4: Epoch: 27
12: Epoch: 27
 5: Epoch: 27
14: Epoch: 27
 6: Epoch: 27
 3: Epoch: 27
 2: Epoch: 27
 1: Epoch: 27
11: Epoch: 27
 8: Epoch: 28
 9: Epoch: 28
10: Epoch: 28
13: Epoch: 28
 0: Epoch: 28
 1: Epoch: 28
 3: Epoch: 28
 7: Epoch: 28
 4: Epoch: 28
14: Epoch: 28
12: Epoch: 28
 5: Epoch: 28
 6: Epoch: 28
 2: Epoch: 28
11: Epoch: 28
15: Epoch: 28
 8: Epoch: 29
15: Epoch: 29
10: Epoch: 29
 0: Epoch: 29
11: Epoch: 29
 6: Epoch: 29
 5: Epoch: 29
12: Epoch: 29
 1: Epoch: 29
 7: Epoch: 29
 4: Epoch: 29
14: Epoch: 29
13: Epoch: 29
 3: Epoch: 29
 2: Epoch: 29
 9: Epoch: 29
 8: Epoch: 30
15: Epoch: 30
11: Epoch: 30
 0: Epoch: 30
 5: Epoch: 30
10: Epoch: 30
13: Epoch: 30
 4: Epoch: 30
 1: Epoch: 30
 3: Epoch: 30
 7: Epoch: 30
12: Epoch: 30
 9: Epoch: 30
 2: Epoch: 30
 6: Epoch: 30
14: Epoch: 30
 8: Epoch: 31
10: Epoch: 31
11: Epoch: 31
 0: Epoch: 31
 7: Epoch: 31
13: Epoch: 31
12: Epoch: 31
 4: Epoch: 31
 1: Epoch: 31
 3: Epoch: 31
 2: Epoch: 31
 5: Epoch: 31
14: Epoch: 31
 9: Epoch: 31
 6: Epoch: 31
15: Epoch: 31
 8: Epoch: 32
 2: Epoch: 32
 0: Epoch: 32
11: Epoch: 32
 7: Epoch: 32
 4: Epoch: 32
 9: Epoch: 32
10: Epoch: 32
 5: Epoch: 32
14: Epoch: 32
 3: Epoch: 32
12: Epoch: 32
 6: Epoch: 32
13: Epoch: 32
 1: Epoch: 32
15: Epoch: 32
 8: Epoch: 33
 2: Epoch: 33
 9: Epoch: 33
11: Epoch: 33
14: Epoch: 33
 6: Epoch: 33
12: Epoch: 33
 1: Epoch: 33
 3: Epoch: 33
10: Epoch: 33
 4: Epoch: 33
 0: Epoch: 33
 5: Epoch: 33
15: Epoch: 33
13: Epoch: 33
 7: Epoch: 33
 9: Epoch: 34
10: Epoch: 34
11: Epoch: 34
 2: Epoch: 34
 3: Epoch: 34
 4: Epoch: 34
 6: Epoch: 34
14: Epoch: 34
12: Epoch: 34
 1: Epoch: 34
13: Epoch: 34
 0: Epoch: 34
 8: Epoch: 34
 5: Epoch: 34
 7: Epoch: 34
15: Epoch: 34
10: Epoch: 35
 2: Epoch: 35
 3: Epoch: 35
13: Epoch: 35
12: Epoch: 35
 4: Epoch: 35
 6: Epoch: 35
14: Epoch: 35
 1: Epoch: 35
 9: Epoch: 35
 5: Epoch: 35
 0: Epoch: 35
 7: Epoch: 35
11: Epoch: 35
15: Epoch: 35
 8: Epoch: 35
10: Epoch: 36
 0: Epoch: 36
 3: Epoch: 36
 9: Epoch: 36
11: Epoch: 36
 6: Epoch: 36
 1: Epoch: 36
 2: Epoch: 36
 4: Epoch: 36
14: Epoch: 36
12: Epoch: 36
 7: Epoch: 36
 5: Epoch: 36
13: Epoch: 36
15: Epoch: 36
 8: Epoch: 36
 2: Epoch: 37
 0: Epoch: 37
 3: Epoch: 37
 9: Epoch: 37
10: Epoch: 37
11: Epoch: 37
13: Epoch: 37
14: Epoch: 37
 1: Epoch: 37
 7: Epoch: 37
 4: Epoch: 37
 6: Epoch: 37
12: Epoch: 37
 5: Epoch: 37
15: Epoch: 37
 8: Epoch: 37
 9: Epoch: 38
10: Epoch: 38
13: Epoch: 38
 2: Epoch: 38
 1: Epoch: 38
 3: Epoch: 38
 7: Epoch: 38
 4: Epoch: 38
 6: Epoch: 38
14: Epoch: 38
12: Epoch: 38
 5: Epoch: 38
11: Epoch: 38
 0: Epoch: 38
15: Epoch: 38
 8: Epoch: 38
 8: Epoch: 39
 9: Epoch: 39
15: Epoch: 39
 3: Epoch: 39
10: Epoch: 39
 2: Epoch: 39
 0: Epoch: 39
 7: Epoch: 39
 6: Epoch: 39
12: Epoch: 39
 5: Epoch: 39
 4: Epoch: 39
14: Epoch: 39
13: Epoch: 39
11: Epoch: 39
 1: Epoch: 39
 0: Epoch: 40
 7: Epoch: 40
 4: Epoch: 40
14: Epoch: 40
 8: Epoch: 40
13: Epoch: 40
12: Epoch: 40
 5: Epoch: 40
 6: Epoch: 40
 2: Epoch: 40
 1: Epoch: 40
 9: Epoch: 40
15: Epoch: 40
11: Epoch: 40
10: Epoch: 40
 3: Epoch: 40
 8: Epoch: 41
 0: Epoch: 41
15: Epoch: 41
 2: Epoch: 41
10: Epoch: 41
13: Epoch: 41
 4: Epoch: 41
 9: Epoch: 41
11: Epoch: 41
12: Epoch: 41
 5: Epoch: 41
 7: Epoch: 41
 6: Epoch: 41
 1: Epoch: 41
 3: Epoch: 41
14: Epoch: 41
15: Epoch: 42
 0: Epoch: 42
 2: Epoch: 42
 9: Epoch: 42
 6: Epoch: 42
14: Epoch: 42
11: Epoch: 42
13: Epoch: 42
12: Epoch: 42
 5: Epoch: 42
 1: Epoch: 42
 7: Epoch: 42
 8: Epoch: 42
 3: Epoch: 42
10: Epoch: 42
 4: Epoch: 42
 8: Epoch: 43
 0: Epoch: 43
 9: Epoch: 43
 2: Epoch: 43
11: Epoch: 43
12: Epoch: 43
 5: Epoch: 43
 1: Epoch: 43
 7: Epoch: 43
 6: Epoch: 43
14: Epoch: 43
13: Epoch: 43
 3: Epoch: 43
15: Epoch: 43
10: Epoch: 43
 4: Epoch: 43
15: Epoch: 44
 8: Epoch: 44
 9: Epoch: 44
 0: Epoch: 44
11: Epoch: 44
13: Epoch: 44
10: Epoch: 44
 7: Epoch: 44
 5: Epoch: 44
 6: Epoch: 44
14: Epoch: 44
12: Epoch: 44
 3: Epoch: 44
 2: Epoch: 44
 1: Epoch: 44
 4: Epoch: 44
15: Epoch: 45
 8: Epoch: 45
 9: Epoch: 45
10: Epoch: 45
11: Epoch: 45
 5: Epoch: 45
 0: Epoch: 45
13: Epoch: 45
 1: Epoch: 45
 7: Epoch: 45
 4: Epoch: 45
14: Epoch: 45
12: Epoch: 45
 3: Epoch: 45
 2: Epoch: 45
 6: Epoch: 45
 8: Epoch: 46
10: Epoch: 46
11: Epoch: 46
13: Epoch: 46
 5: Epoch: 46
 3: Epoch: 46
 7: Epoch: 46
 4: Epoch: 46
 2: Epoch: 46
 1: Epoch: 46
 6: Epoch: 46
15: Epoch: 46
14: Epoch: 46
12: Epoch: 46
 0: Epoch: 46
 9: Epoch: 46
 2: Epoch: 47
 7: Epoch: 47
 9: Epoch: 47
10: Epoch: 47
 8: Epoch: 47
14: Epoch: 47
 4: Epoch: 47
 1: Epoch: 47
 6: Epoch: 47
12: Epoch: 47
 3: Epoch: 47
13: Epoch: 47
 5: Epoch: 47
11: Epoch: 47
15: Epoch: 47
 0: Epoch: 47
 9: Epoch: 48
 0: Epoch: 48
 1: Epoch: 48
 2: Epoch: 48
 3: Epoch: 48
 7: Epoch: 48
 4: Epoch: 48
10: Epoch: 48
 6: Epoch: 48
14: Epoch: 48
15: Epoch: 48
13: Epoch: 48
12: Epoch: 48
 5: Epoch: 48
11: Epoch: 48
 8: Epoch: 48
 8: Epoch: 49
 0: Epoch: 49
 4: Epoch: 49
11: Epoch: 49
 3: Epoch: 49
 7: Epoch: 49
13: Epoch: 49
 5: Epoch: 49
14: Epoch: 49
 6: Epoch: 49
15: Epoch: 49
12: Epoch: 49
 9: Epoch: 49
 2: Epoch: 49
10: Epoch: 49
 1: Epoch: 49
15: Epoch: 50
 0: Epoch: 50
 2: Epoch: 50
 5: Epoch: 50
11: Epoch: 50
 7: Epoch: 50
 6: Epoch: 50
14: Epoch: 50
13: Epoch: 50
12: Epoch: 50
 8: Epoch: 50
 1: Epoch: 50
10: Epoch: 50
 9: Epoch: 50
 4: Epoch: 50
 3: Epoch: 50
15: Epoch: 51
 8: Epoch: 51
11: Epoch: 51
 0: Epoch: 51
 2: Epoch: 51
13: Epoch: 51
 5: Epoch: 51
 6: Epoch: 51
14: Epoch: 51
12: Epoch: 51
 4: Epoch: 51
 7: Epoch: 51
10: Epoch: 51
 3: Epoch: 51
 1: Epoch: 51
 9: Epoch: 51
15: Epoch: 52
 8: Epoch: 52
13: Epoch: 52
11: Epoch: 52
 5: Epoch: 52
 4: Epoch: 52
 6: Epoch: 52
14: Epoch: 52
12: Epoch: 52
10: Epoch: 52
 1: Epoch: 52
 7: Epoch: 52
 0: Epoch: 52
 2: Epoch: 52
 3: Epoch: 52
 9: Epoch: 52
 8: Epoch: 53
15: Epoch: 53
 2: Epoch: 53
 6: Epoch: 53
11: Epoch: 53
13: Epoch: 53
12: Epoch: 53
 5: Epoch: 53
14: Epoch: 53
 4: Epoch: 53
 0: Epoch: 53
10: Epoch: 53
 1: Epoch: 53
 7: Epoch: 53
 9: Epoch: 53
 3: Epoch: 53
 0: Epoch: 54
 8: Epoch: 54
15: Epoch: 54
 5: Epoch: 54
 4: Epoch: 54
12: Epoch: 54
 7: Epoch: 54
10: Epoch: 54
11: Epoch: 54
 1: Epoch: 54
 9: Epoch: 54
 3: Epoch: 54
13: Epoch: 54
 6: Epoch: 54
14: Epoch: 54
 2: Epoch: 54
 8: Epoch: 55
10: Epoch: 55
15: Epoch: 55
13: Epoch: 55
11: Epoch: 55
 9: Epoch: 55
 3: Epoch: 55
 6: Epoch: 55
 7: Epoch: 55
12: Epoch: 55
 5: Epoch: 55
 1: Epoch: 55
14: Epoch: 55
 2: Epoch: 55
 4: Epoch: 55
 0: Epoch: 55
 8: Epoch: 56
10: Epoch: 56
11: Epoch: 56
13: Epoch: 56
 3: Epoch: 56
 5: Epoch: 56
 2: Epoch: 56
14: Epoch: 56
12: Epoch: 56
15: Epoch: 56
 1: Epoch: 56
 7: Epoch: 56
 9: Epoch: 56
 4: Epoch: 56
 0: Epoch: 56
 6: Epoch: 56
 8: Epoch: 57
11: Epoch: 57
 2: Epoch: 57
10: Epoch: 57
 5: Epoch: 57
 1: Epoch: 57
 3: Epoch: 57
 7: Epoch: 57
 4: Epoch: 57
 9: Epoch: 57
14: Epoch: 57
15: Epoch: 57
12: Epoch: 57
 0: Epoch: 57
13: Epoch: 57
 6: Epoch: 57
 8: Epoch: 58
11: Epoch: 58
10: Epoch: 58
 9: Epoch: 58
 0: Epoch: 58
 5: Epoch: 58
 2: Epoch: 58
 3: Epoch: 58
12: Epoch: 58
 7: Epoch: 58
14: Epoch: 58
 1: Epoch: 58
13: Epoch: 58
 4: Epoch: 58
15: Epoch: 58
 6: Epoch: 58
 0: Epoch: 59
 8: Epoch: 59
15: Epoch: 59
13: Epoch: 59
 3: Epoch: 59
 2: Epoch: 59
10: Epoch: 59
12: Epoch: 59
 1: Epoch: 59
14: Epoch: 59
 9: Epoch: 59
 7: Epoch: 59
 5: Epoch: 59
 6: Epoch: 59
 4: Epoch: 59
11: Epoch: 59
 8: Epoch: 60
15: Epoch: 60
10: Epoch: 60
 9: Epoch: 60
11: Epoch: 60
 3: Epoch: 60
 2: Epoch: 60
 1: Epoch: 60
 7: Epoch: 60
14: Epoch: 60
12: Epoch: 60
 0: Epoch: 60
 6: Epoch: 60
 4: Epoch: 60
 5: Epoch: 60
13: Epoch: 60
 9: Epoch: 61
 2: Epoch: 61
 3: Epoch: 61
 0: Epoch: 61
 7: Epoch: 61
11: Epoch: 61
 6: Epoch: 61
12: Epoch: 61
14: Epoch: 61
 1: Epoch: 61
 5: Epoch: 61
13: Epoch: 61
 4: Epoch: 61
10: Epoch: 61
15: Epoch: 61
 8: Epoch: 61
15: Epoch: 62
 2: Epoch: 62
11: Epoch: 62
 3: Epoch: 62
 0: Epoch: 62
14: Epoch: 62
12: Epoch: 62
 7: Epoch: 62
 1: Epoch: 62
 6: Epoch: 62
13: Epoch: 62
 5: Epoch: 62
10: Epoch: 62
 4: Epoch: 62
 8: Epoch: 62
 9: Epoch: 62
15: Epoch: 63
 3: Epoch: 63
 2: Epoch: 63
11: Epoch: 63
 5: Epoch: 63
 0: Epoch: 63
 1: Epoch: 63
 4: Epoch: 63
 6: Epoch: 63
12: Epoch: 63
 7: Epoch: 63
13: Epoch: 63
14: Epoch: 63
 8: Epoch: 63
10: Epoch: 63
 9: Epoch: 63
11: Epoch: 64
 2: Epoch: 64
 0: Epoch: 64
 3: Epoch: 64
12: Epoch: 64
 6: Epoch: 64
 1: Epoch: 64
 7: Epoch: 64
 5: Epoch: 64
 9: Epoch: 64
13: Epoch: 64
 4: Epoch: 64
15: Epoch: 64
14: Epoch: 64
 8: Epoch: 64
10: Epoch: 64
15: Epoch: 65
 3: Epoch: 65
11: Epoch: 65
 2: Epoch: 65
13: Epoch: 65
12: Epoch: 65
 5: Epoch: 65
 6: Epoch: 65
 4: Epoch: 65
 0: Epoch: 65
 1: Epoch: 65
 8: Epoch: 65
 9: Epoch: 65
10: Epoch: 65
14: Epoch: 65
 7: Epoch: 65
 9: Epoch: 66
 4: Epoch: 66
 0: Epoch: 66
14: Epoch: 66
12: Epoch: 66
11: Epoch: 66
 5: Epoch: 66
 2: Epoch: 66
 3: Epoch: 66
 7: Epoch: 66
 6: Epoch: 66
 8: Epoch: 66
13: Epoch: 66
 1: Epoch: 66
10: Epoch: 66
15: Epoch: 66
 8: Epoch: 67
 2: Epoch: 67
 9: Epoch: 67
11: Epoch: 67
13: Epoch: 67
 5: Epoch: 67
14: Epoch: 67
 0: Epoch: 67
 7: Epoch: 67
 6: Epoch: 67
10: Epoch: 67
 3: Epoch: 67
 4: Epoch: 67
12: Epoch: 67
 1: Epoch: 67
15: Epoch: 67
 8: Epoch: 68
 2: Epoch: 68
13: Epoch: 68
 5: Epoch: 68
11: Epoch: 68
14: Epoch: 68
 1: Epoch: 68
10: Epoch: 68
 3: Epoch: 68
 7: Epoch: 68
 4: Epoch: 68
 9: Epoch: 68
 6: Epoch: 68
15: Epoch: 68
12: Epoch: 68
 0: Epoch: 68
15: Epoch: 69
11: Epoch: 69
 8: Epoch: 69
13: Epoch: 69
10: Epoch: 69
12: Epoch: 69
 7: Epoch: 69
 3: Epoch: 69
 5: Epoch: 69
 9: Epoch: 69
 6: Epoch: 69
14: Epoch: 69
 1: Epoch: 69
 2: Epoch: 69
 4: Epoch: 69
 0: Epoch: 69
 8: Epoch: 70
 3: Epoch: 70
 9: Epoch: 70
13: Epoch: 70
 5: Epoch: 70
 7: Epoch: 70
10: Epoch: 70
12: Epoch: 70
15: Epoch: 70
11: Epoch: 70
 1: Epoch: 70
 6: Epoch: 70
14: Epoch: 70
 4: Epoch: 70
 2: Epoch: 70
 0: Epoch: 70
 8: Epoch: 71
13: Epoch: 71
15: Epoch: 71
 3: Epoch: 71
 2: Epoch: 71
10: Epoch: 71
 5: Epoch: 71
 6: Epoch: 71
 0: Epoch: 71
 4: Epoch: 71
 1: Epoch: 71
 9: Epoch: 71
14: Epoch: 71
12: Epoch: 71
11: Epoch: 71
 7: Epoch: 71
 3: Epoch: 72
10: Epoch: 72
15: Epoch: 72
 2: Epoch: 72
 5: Epoch: 72
 7: Epoch: 72
 4: Epoch: 72
 9: Epoch: 72
 6: Epoch: 72
14: Epoch: 72
12: Epoch: 72
 0: Epoch: 72
11: Epoch: 72
13: Epoch: 72
 8: Epoch: 72
 1: Epoch: 72
 8: Epoch: 73
 4: Epoch: 73
15: Epoch: 73
13: Epoch: 73
 2: Epoch: 73
11: Epoch: 73
 5: Epoch: 73
12: Epoch: 73
 0: Epoch: 73
 7: Epoch: 73
 6: Epoch: 73
14: Epoch: 73
 1: Epoch: 73
10: Epoch: 73
 9: Epoch: 73
 3: Epoch: 73
 8: Epoch: 74
15: Epoch: 74
13: Epoch: 74
 5: Epoch: 74
 0: Epoch: 74
 4: Epoch: 74
14: Epoch: 74
 7: Epoch: 74
 6: Epoch: 74
 1: Epoch: 74
 2: Epoch: 74
 9: Epoch: 74
11: Epoch: 74
12: Epoch: 74
10: Epoch: 74
 3: Epoch: 74
15: Epoch: 75
13: Epoch: 75
 9: Epoch: 75
 2: Epoch: 75
 8: Epoch: 75
 4: Epoch: 75
11: Epoch: 75
 5: Epoch: 75
 7: Epoch: 75
 0: Epoch: 75
14: Epoch: 75
 6: Epoch: 75
 1: Epoch: 75
12: Epoch: 75
10: Epoch: 75
 3: Epoch: 75
 8: Epoch: 76
13: Epoch: 76
 3: Epoch: 76
 9: Epoch: 76
10: Epoch: 76
11: Epoch: 76
 5: Epoch: 76
 2: Epoch: 76
 0: Epoch: 76
14: Epoch: 76
 7: Epoch: 76
 6: Epoch: 76
12: Epoch: 76
 1: Epoch: 76
 4: Epoch: 76
15: Epoch: 76
 8: Epoch: 77
15: Epoch: 77
13: Epoch: 77
 3: Epoch: 77
10: Epoch: 77
11: Epoch: 77
 7: Epoch: 77
 4: Epoch: 77
 6: Epoch: 77
 1: Epoch: 77
14: Epoch: 77
12: Epoch: 77
 5: Epoch: 77
 2: Epoch: 77
 0: Epoch: 77
 9: Epoch: 77
 8: Epoch: 78
11: Epoch: 78
15: Epoch: 78
 5: Epoch: 78
 9: Epoch: 78
12: Epoch: 78
 0: Epoch: 78
 7: Epoch: 78
14: Epoch: 78
 2: Epoch: 78
 4: Epoch: 78
10: Epoch: 78
 1: Epoch: 78
13: Epoch: 78
 3: Epoch: 78
 6: Epoch: 78
 3: Epoch: 79
 4: Epoch: 79
 9: Epoch: 79
12: Epoch: 79
 7: Epoch: 79
 0: Epoch: 79
 6: Epoch: 79
14: Epoch: 79
15: Epoch: 79
10: Epoch: 79
 2: Epoch: 79
 1: Epoch: 79
13: Epoch: 79
11: Epoch: 79
 5: Epoch: 79
 8: Epoch: 79
 3: Epoch: 80
 9: Epoch: 80
10: Epoch: 80
11: Epoch: 80
12: Epoch: 80
 6: Epoch: 80
 2: Epoch: 80
 7: Epoch: 80
14: Epoch: 80
 5: Epoch: 80
 0: Epoch: 80
15: Epoch: 80
13: Epoch: 80
 1: Epoch: 80
 8: Epoch: 80
 4: Epoch: 80
15: Epoch: 81
 2: Epoch: 81
 0: Epoch: 81
 7: Epoch: 81
 4: Epoch: 81
 9: Epoch: 81
10: Epoch: 81
 6: Epoch: 81
11: Epoch: 81
13: Epoch: 81
12: Epoch: 81
 5: Epoch: 81
14: Epoch: 81
 1: Epoch: 81
 8: Epoch: 81
 3: Epoch: 81
 2: Epoch: 82
 8: Epoch: 82
 9: Epoch: 82
 3: Epoch: 82
13: Epoch: 82
 5: Epoch: 82
11: Epoch: 82
 6: Epoch: 82
12: Epoch: 82
 0: Epoch: 82
 4: Epoch: 82
 1: Epoch: 82
10: Epoch: 82
15: Epoch: 82
 7: Epoch: 82
14: Epoch: 82
 8: Epoch: 83
10: Epoch: 83
13: Epoch: 83
 3: Epoch: 83
 5: Epoch: 83
 1: Epoch: 83
 7: Epoch: 83
 4: Epoch: 83
 9: Epoch: 83
 6: Epoch: 83
14: Epoch: 83
15: Epoch: 83
12: Epoch: 83
 2: Epoch: 83
11: Epoch: 83
 0: Epoch: 83
 8: Epoch: 84
15: Epoch: 84
13: Epoch: 84
 4: Epoch: 84
 3: Epoch: 84
 2: Epoch: 84
 0: Epoch: 84
 9: Epoch: 84
10: Epoch: 84
11: Epoch: 84
 5: Epoch: 84
14: Epoch: 84
 7: Epoch: 84
 1: Epoch: 84
 6: Epoch: 84
12: Epoch: 84
 8: Epoch: 85
15: Epoch: 85
 2: Epoch: 85
 3: Epoch: 85
 4: Epoch: 85
13: Epoch: 85
10: Epoch: 85
 0: Epoch: 85
12: Epoch: 85
 7: Epoch: 85
14: Epoch: 85
 1: Epoch: 85
 6: Epoch: 85
 9: Epoch: 85
11: Epoch: 85
 5: Epoch: 85
15: Epoch: 86
 2: Epoch: 86
 3: Epoch: 86
11: Epoch: 86
 0: Epoch: 86
 7: Epoch: 86
 4: Epoch: 86
 9: Epoch: 86
12: Epoch: 86
 5: Epoch: 86
 6: Epoch: 86
 1: Epoch: 86
13: Epoch: 86
10: Epoch: 86
14: Epoch: 86
 8: Epoch: 86
15: Epoch: 87
 9: Epoch: 87
 2: Epoch: 87
 0: Epoch: 87
11: Epoch: 87
 8: Epoch: 87
13: Epoch: 87
10: Epoch: 87
 5: Epoch: 87
12: Epoch: 87
 6: Epoch: 87
 4: Epoch: 87
14: Epoch: 87
 1: Epoch: 87
 3: Epoch: 87
 7: Epoch: 87
 0: Epoch: 88
11: Epoch: 88
 8: Epoch: 88
13: Epoch: 88
 9: Epoch: 88
 2: Epoch: 88
 4: Epoch: 88
10: Epoch: 88
12: Epoch: 88
 5: Epoch: 88
 7: Epoch: 88
 1: Epoch: 88
14: Epoch: 88
 6: Epoch: 88
 3: Epoch: 88
15: Epoch: 88
 8: Epoch: 89
15: Epoch: 89
13: Epoch: 89
11: Epoch: 89
 5: Epoch: 89
 4: Epoch: 89
 3: Epoch: 89
 7: Epoch: 89
10: Epoch: 89
 6: Epoch: 89
14: Epoch: 89
 1: Epoch: 89
 0: Epoch: 89
 9: Epoch: 89
 2: Epoch: 89
12: Epoch: 89
10: Epoch: 90
 8: Epoch: 90
15: Epoch: 90
11: Epoch: 90
13: Epoch: 90
 3: Epoch: 90
 4: Epoch: 90
 7: Epoch: 90
 5: Epoch: 90
12: Epoch: 90
 0: Epoch: 90
14: Epoch: 90
 1: Epoch: 90
 9: Epoch: 90
 2: Epoch: 90
 6: Epoch: 90
 8: Epoch: 91
 2: Epoch: 91
 0: Epoch: 91
 3: Epoch: 91
 4: Epoch: 91
 9: Epoch: 91
10: Epoch: 91
15: Epoch: 91
13: Epoch: 91
12: Epoch: 91
 7: Epoch: 91
 6: Epoch: 91
11: Epoch: 91
 1: Epoch: 91
 5: Epoch: 91
14: Epoch: 91
15: Epoch: 92
 3: Epoch: 92
 1: Epoch: 92
 2: Epoch: 92
 0: Epoch: 92
 4: Epoch: 92
 9: Epoch: 92
 6: Epoch: 92
14: Epoch: 92
12: Epoch: 92
 5: Epoch: 92
11: Epoch: 92
13: Epoch: 92
10: Epoch: 92
 8: Epoch: 92
 7: Epoch: 92
15: Epoch: 93
 2: Epoch: 93
11: Epoch: 93
 1: Epoch: 93
 0: Epoch: 93
 7: Epoch: 93
 4: Epoch: 93
 9: Epoch: 93
10: Epoch: 93
 6: Epoch: 93
12: Epoch: 93
 5: Epoch: 93
 8: Epoch: 93
14: Epoch: 93
13: Epoch: 93
 3: Epoch: 93
 9: Epoch: 94
11: Epoch: 94
13: Epoch: 94
 3: Epoch: 94
 7: Epoch: 94
 4: Epoch: 94
10: Epoch: 94
 5: Epoch: 94
 2: Epoch: 94
 6: Epoch: 94
14: Epoch: 94
 1: Epoch: 94
 0: Epoch: 94
 8: Epoch: 94
12: Epoch: 94
15: Epoch: 94
 8: Epoch: 95
15: Epoch: 95
13: Epoch: 95
11: Epoch: 95
 9: Epoch: 95
10: Epoch: 95
 4: Epoch: 95
 3: Epoch: 95
12: Epoch: 95
 7: Epoch: 95
 6: Epoch: 95
14: Epoch: 95
 1: Epoch: 95
 5: Epoch: 95
 0: Epoch: 95
 2: Epoch: 95
 0: Epoch: 96
 8: Epoch: 96
15: Epoch: 96
13: Epoch: 96
 3: Epoch: 96
11: Epoch: 96
 5: Epoch: 96
 2: Epoch: 96
 1: Epoch: 96
 4: Epoch: 96
 9: Epoch: 96
 6: Epoch: 96
14: Epoch: 96
12: Epoch: 96
 7: Epoch: 96
10: Epoch: 96
 8: Epoch: 97
 3: Epoch: 97
 7: Epoch: 97
13: Epoch: 97
 5: Epoch: 97
15: Epoch: 97
12: Epoch: 97
 6: Epoch: 97
10: Epoch: 97
14: Epoch: 97
 1: Epoch: 97
 2: Epoch: 97
 9: Epoch: 97
 0: Epoch: 97
11: Epoch: 97
 4: Epoch: 97
 8: Epoch: 98
15: Epoch: 98
 2: Epoch: 98
 3: Epoch: 98
10: Epoch: 98
13: Epoch: 98
12: Epoch: 98
 4: Epoch: 98
14: Epoch: 98
 5: Epoch: 98
 1: Epoch: 98
 0: Epoch: 98
11: Epoch: 98
 6: Epoch: 98
 9: Epoch: 98
 7: Epoch: 98
 8: Epoch: 99
15: Epoch: 99
10: Epoch: 99
13: Epoch: 99
 3: Epoch: 99
 2: Epoch: 99
 0: Epoch: 99
 7: Epoch: 99
 4: Epoch: 99
 9: Epoch: 99
14: Epoch: 99
12: Epoch: 99
 6: Epoch: 99
11: Epoch: 99
 5: Epoch: 99
 1: Epoch: 99
 0: rank: 0 total_time: 335.59119629859924
 0: rank: 0 timings: defaultdict(<class 'float'>, {'allocate tensors': 13.627660512924194, 'gather_row_data': 1.5988123416900635, 'a2a3': 298.0316390991211, 'barrier': 4.569086790084839, 'spmm_gpu': 17.522395849227905})
 8: rank: 8 total_time: 335.55276250839233
 8: rank: 8 timings: defaultdict(<class 'float'>, {'allocate tensors': 13.578116178512573, 'gather_row_data': 1.599269151687622, 'a2a3': 294.94164514541626, 'barrier': 7.49031400680542, 'spmm_gpu': 17.714116096496582})
12: rank: 12 total_time: 335.5913760662079
12: rank: 12 timings: defaultdict(<class 'float'>, {'allocate tensors': 14.158753871917725, 'gather_row_data': 1.6010785102844238, 'a2a3': 296.3436424732208, 'barrier': 6.205508708953857, 'spmm_gpu': 17.03155517578125})
 1: rank: 1 total_time: 335.5897002220154
 1: rank: 1 timings: defaultdict(<class 'float'>, {'allocate tensors': 13.588179111480713, 'gather_row_data': 1.6006975173950195, 'a2a3': 294.36335945129395, 'barrier': 7.6288135051727295, 'spmm_gpu': 18.170971870422363})
 2: rank: 2 total_time: 335.59128761291504
 3: rank: 3 total_time: 335.5914373397827
 3: rank: 3 timings: defaultdict(<class 'float'>, {'allocate tensors': 13.871362209320068, 'gather_row_data': 1.600567102432251, 'a2a3': 297.555650472641, 'barrier': 4.811899185180664, 'spmm_gpu': 17.545626640319824})
 7: rank: 7 total_time: 335.5914132595062
 7: rank: 7 timings: defaultdict(<class 'float'>, {'allocate tensors': 13.382059574127197, 'gather_row_data': 1.595104455947876, 'a2a3': 295.03625535964966, 'barrier': 7.204611301422119, 'spmm_gpu': 18.13605284690857})
 4: rank: 4 total_time: 335.58091163635254
 4: rank: 4 timings: defaultdict(<class 'float'>, {'allocate tensors': 13.90286898612976, 'gather_row_data': 1.6038312911987305, 'a2a3': 297.6635959148407, 'barrier': 4.8070478439331055, 'spmm_gpu': 17.357594966888428})
 9: rank: 9 total_time: 335.59144926071167
10: rank: 10 total_time: 335.5914092063904
10: rank: 10 timings: defaultdict(<class 'float'>, {'allocate tensors': 13.872384786605835, 'gather_row_data': 1.5944783687591553, 'a2a3': 295.95334482192993, 'barrier': 6.437023878097534, 'spmm_gpu': 17.495733976364136})
 6: rank: 6 total_time: 335.59132146835327
 6: rank: 6 timings: defaultdict(<class 'float'>, {'allocate tensors': 13.470013856887817, 'gather_row_data': 1.5952973365783691, 'a2a3': 296.8626527786255, 'barrier': 5.516434669494629, 'spmm_gpu': 17.903846740722656})
14: rank: 14 total_time: 335.57653546333313
11: rank: 11 total_time: 335.5914375782013
15: rank: 15 total_time: 335.5911867618561
15: rank: 15 timings: defaultdict(<class 'float'>, {'allocate tensors': 13.718177318572998, 'gather_row_data': 1.5939860343933105, 'a2a3': 295.56578183174133, 'barrier': 7.201061248779297, 'spmm_gpu': 17.271273374557495})
13: rank: 13 total_time: 335.59131836891174
13: rank: 13 timings: defaultdict(<class 'float'>, {'allocate tensors': 13.855797529220581, 'gather_row_data': 1.6009676456451416, 'a2a3': 298.2443389892578, 'barrier': 4.505079746246338, 'spmm_gpu': 17.145962238311768})
 5: rank: 5 total_time: 335.5797429084778
 5: rank: 5 timings: defaultdict(<class 'float'>, {'allocate tensors': 13.458348035812378, 'gather_row_data': 1.6015875339508057, 'a2a3': 296.45191168785095, 'barrier': 5.950495004653931, 'spmm_gpu': 17.87917447090149})
 2: rank: 2 timings: defaultdict(<class 'float'>, {'allocate tensors': 13.906317710876465, 'gather_row_data': 1.6005966663360596, 'a2a3': 297.2575252056122, 'barrier': 5.414478302001953, 'spmm_gpu': 17.170440196990967})
 9: rank: 9 timings: defaultdict(<class 'float'>, {'allocate tensors': 13.057530641555786, 'gather_row_data': 1.6022140979766846, 'a2a3': 296.15521216392517, 'barrier': 6.30966591835022, 'spmm_gpu': 18.2299222946167})
14: rank: 14 timings: defaultdict(<class 'float'>, {'allocate tensors': 13.549576044082642, 'gather_row_data': 1.601233959197998, 'a2a3': 301.81128334999084, 'barrier': 0.6915469169616699, 'spmm_gpu': 17.685192584991455})
11: rank: 11 timings: defaultdict(<class 'float'>, {'allocate tensors': 13.632604598999023, 'gather_row_data': 1.596618413925171, 'a2a3': 296.27462244033813, 'barrier': 6.293294906616211, 'spmm_gpu': 17.548790454864502})
