srun: Warning: can't run 4 processes on 16 nodes, setting nnodes to 4
0: Namespace(dataset='Amazon_Large', dropout=0.5, gpu=4, lr=0.01, n_epochs=100, n_hidden=16, n_layers=1, weight_decay=0.0, aggregator_type='gcn', world_size=-1, rank=-1, dist_url='env://', dist_backend='nccl', hostname='nid001308', normalize=False, partitioning='ONED', timers=True, partitions='')
0: hostname: nid001308 rank: 0 size: 4
1: Namespace(dataset='Amazon_Large', dropout=0.5, gpu=4, lr=0.01, n_epochs=100, n_hidden=16, n_layers=1, weight_decay=0.0, aggregator_type='gcn', world_size=-1, rank=-1, dist_url='env://', dist_backend='nccl', hostname='nid001308', normalize=False, partitioning='ONED', timers=True, partitions='')
1: hostname: nid001309 rank: 1 size: 4
2: Namespace(dataset='Amazon_Large', dropout=0.5, gpu=4, lr=0.01, n_epochs=100, n_hidden=16, n_layers=1, weight_decay=0.0, aggregator_type='gcn', world_size=-1, rank=-1, dist_url='env://', dist_backend='nccl', hostname='nid001308', normalize=False, partitioning='ONED', timers=True, partitions='')
2: hostname: nid001312 rank: 2 size: 4
3: Namespace(dataset='Amazon_Large', dropout=0.5, gpu=4, lr=0.01, n_epochs=100, n_hidden=16, n_layers=1, weight_decay=0.0, aggregator_type='gcn', world_size=-1, rank=-1, dist_url='env://', dist_backend='nccl', hostname='nid001308', normalize=False, partitioning='ONED', timers=True, partitions='')
3: hostname: nid001313 rank: 3 size: 4
1: 1
1: Loading coo...
2: 2
2: Loading coo...
3: 3
3: Loading coo...
0: 0
0: Loading coo...
3: Done loading coo
2: Done loading coo
1: Done loading coo
0: Done loading coo
3: partitioning...
0: partitioning...
2: partitioning...
1: partitioning...
1: rank: 1 adj_matrix_loc.size: torch.Size([14249639, 3562410])
1: rank: 1 inputs.size: torch.Size([14249639, 300])
1: done partitioning
3: rank: 3 adj_matrix_loc.size: torch.Size([14249639, 3562409])
3: rank: 3 inputs.size: torch.Size([14249639, 300])
2: rank: 2 adj_matrix_loc.size: torch.Size([14249639, 3562410])
2: rank: 2 inputs.size: torch.Size([14249639, 300])
3: done partitioning
2: done partitioning
0: rank: 0 adj_matrix_loc.size: torch.Size([14249639, 3562410])
0: rank: 0 inputs.size: torch.Size([14249639, 300])
0: done partitioning
0: tensor(3562408, device='cuda:0')
0: torch.Size([3562410, 3562410])
0: tensor(3562409, device='cuda:0')
0: torch.Size([3562410, 3562410])
0: tensor(3562405, device='cuda:0')
0: torch.Size([3562410, 3562410])
0: tensor(3562408, device='cuda:0')
0: torch.Size([3562410, 3562409])
0: Epoch: 0
3: tensor(3562405, device='cuda:3')
3: torch.Size([3562409, 3562410])
3: tensor(3562409, device='cuda:3')
3: torch.Size([3562409, 3562410])
3: tensor(3562401, device='cuda:3')
3: torch.Size([3562409, 3562410])
3: tensor(3562408, device='cuda:3')
3: torch.Size([3562409, 3562409])
3: Epoch: 0
2: tensor(3562403, device='cuda:2')
2: torch.Size([3562410, 3562410])
2: tensor(3562409, device='cuda:2')
2: torch.Size([3562410, 3562410])
2: tensor(3562408, device='cuda:2')
2: torch.Size([3562410, 3562410])
2: tensor(3562408, device='cuda:2')
2: torch.Size([3562410, 3562409])
2: Epoch: 0
1: tensor(3562408, device='cuda:1')
1: torch.Size([3562410, 3562410])
1: tensor(3562408, device='cuda:1')
1: torch.Size([3562410, 3562410])
1: tensor(3562408, device='cuda:1')
1: torch.Size([3562410, 3562410])
1: tensor(3562408, device='cuda:1')
1: torch.Size([3562410, 3562409])
1: Epoch: 0
0: Epoch: 1
1: Epoch: 1
3: Epoch: 1
2: Epoch: 1
0: Epoch: 2
3: Epoch: 2
2: Epoch: 2
1: Epoch: 2
0: Epoch: 3
1: Epoch: 3
2: Epoch: 3
3: Epoch: 3
0: Epoch: 4
3: Epoch: 4
1: Epoch: 4
2: Epoch: 4
0: Epoch: 5
3: Epoch: 5
1: Epoch: 5
2: Epoch: 5
2: Epoch: 6
3: Epoch: 6
1: Epoch: 6
0: Epoch: 6
0: Epoch: 7
1: Epoch: 7
2: Epoch: 7
3: Epoch: 7
0: Epoch: 8
1: Epoch: 8
2: Epoch: 8
3: Epoch: 8
0: Epoch: 9
1: Epoch: 9
2: Epoch: 9
3: Epoch: 9
0: Epoch: 10
1: Epoch: 10
2: Epoch: 10
3: Epoch: 10
0: Epoch: 11
2: Epoch: 11
1: Epoch: 11
3: Epoch: 11
0: Epoch: 12
2: Epoch: 12
3: Epoch: 12
1: Epoch: 12
3: Epoch: 13
0: Epoch: 13
1: Epoch: 13
2: Epoch: 13
0: Epoch: 14
3: Epoch: 14
1: Epoch: 14
2: Epoch: 14
1: Epoch: 15
0: Epoch: 15
3: Epoch: 15
2: Epoch: 15
0: Epoch: 16
3: Epoch: 16
2: Epoch: 16
1: Epoch: 16
0: Epoch: 17
3: Epoch: 17
1: Epoch: 17
2: Epoch: 17
0: Epoch: 18
3: Epoch: 18
1: Epoch: 18
2: Epoch: 18
0: Epoch: 19
1: Epoch: 19
2: Epoch: 19
3: Epoch: 19
3: Epoch: 20
1: Epoch: 20
2: Epoch: 20
0: Epoch: 20
0: Epoch: 21
3: Epoch: 21
1: Epoch: 21
2: Epoch: 21
3: Epoch: 22
0: Epoch: 22
2: Epoch: 22
1: Epoch: 22
0: Epoch: 23
3: Epoch: 23
1: Epoch: 23
2: Epoch: 23
0: Epoch: 24
3: Epoch: 24
1: Epoch: 24
2: Epoch: 24
3: Epoch: 25
1: Epoch: 25
0: Epoch: 25
2: Epoch: 25
3: Epoch: 26
1: Epoch: 26
2: Epoch: 26
0: Epoch: 26
1: Epoch: 27
2: Epoch: 27
3: Epoch: 27
0: Epoch: 27
0: Epoch: 28
1: Epoch: 28
2: Epoch: 28
3: Epoch: 28
1: Epoch: 29
2: Epoch: 29
0: Epoch: 29
3: Epoch: 29
0: Epoch: 30
3: Epoch: 30
2: Epoch: 30
1: Epoch: 30
0: Epoch: 31
3: Epoch: 31
1: Epoch: 31
2: Epoch: 31
0: Epoch: 32
3: Epoch: 32
2: Epoch: 32
1: Epoch: 32
3: Epoch: 33
1: Epoch: 33
2: Epoch: 33
0: Epoch: 33
0: Epoch: 34
3: Epoch: 34
1: Epoch: 34
2: Epoch: 34
1: Epoch: 35
0: Epoch: 35
2: Epoch: 35
3: Epoch: 35
0: Epoch: 36
3: Epoch: 36
1: Epoch: 36
2: Epoch: 36
3: Epoch: 37
1: Epoch: 37
2: Epoch: 37
0: Epoch: 37
3: Epoch: 38
1: Epoch: 38
2: Epoch: 38
0: Epoch: 38
0: Epoch: 39
3: Epoch: 39
2: Epoch: 39
1: Epoch: 39
0: Epoch: 40
3: Epoch: 40
2: Epoch: 40
1: Epoch: 40
0: Epoch: 41
3: Epoch: 41
1: Epoch: 41
2: Epoch: 41
0: Epoch: 42
1: Epoch: 42
2: Epoch: 42
3: Epoch: 42
3: Epoch: 43
2: Epoch: 43
0: Epoch: 43
1: Epoch: 43
2: Epoch: 44
3: Epoch: 44
0: Epoch: 44
1: Epoch: 44
0: Epoch: 45
2: Epoch: 45
3: Epoch: 45
1: Epoch: 45
3: Epoch: 46
2: Epoch: 46
0: Epoch: 46
1: Epoch: 46
3: Epoch: 47
0: Epoch: 47
2: Epoch: 47
1: Epoch: 47
2: Epoch: 48
1: Epoch: 48
3: Epoch: 48
0: Epoch: 48
3: Epoch: 49
0: Epoch: 49
1: Epoch: 49
2: Epoch: 49
0: Epoch: 50
1: Epoch: 50
2: Epoch: 50
3: Epoch: 50
3: Epoch: 51
0: Epoch: 51
2: Epoch: 51
1: Epoch: 51
0: Epoch: 52
3: Epoch: 52
1: Epoch: 52
2: Epoch: 52
0: Epoch: 53
3: Epoch: 53
1: Epoch: 53
2: Epoch: 53
1: Epoch: 54
2: Epoch: 54
0: Epoch: 54
3: Epoch: 54
0: Epoch: 55
3: Epoch: 55
2: Epoch: 55
1: Epoch: 55
3: Epoch: 56
0: Epoch: 56
2: Epoch: 56
1: Epoch: 56
0: Epoch: 57
1: Epoch: 57
2: Epoch: 57
3: Epoch: 57
3: Epoch: 58
0: Epoch: 58
2: Epoch: 58
1: Epoch: 58
3: Epoch: 59
2: Epoch: 59
1: Epoch: 59
0: Epoch: 59
0: Epoch: 60
2: Epoch: 60
1: Epoch: 60
3: Epoch: 60
0: Epoch: 61
3: Epoch: 61
1: Epoch: 61
2: Epoch: 61
0: Epoch: 62
3: Epoch: 62
2: Epoch: 62
1: Epoch: 62
3: Epoch: 63
1: Epoch: 63
2: Epoch: 63
0: Epoch: 63
0: Epoch: 64
3: Epoch: 64
1: Epoch: 64
2: Epoch: 64
0: Epoch: 65
3: Epoch: 65
1: Epoch: 65
2: Epoch: 65
0: Epoch: 66
3: Epoch: 66
1: Epoch: 66
2: Epoch: 66
0: Epoch: 67
3: Epoch: 67
1: Epoch: 67
2: Epoch: 67
1: Epoch: 68
2: Epoch: 68
0: Epoch: 68
3: Epoch: 68
3: Epoch: 69
0: Epoch: 69
2: Epoch: 69
1: Epoch: 69
3: Epoch: 70
1: Epoch: 70
2: Epoch: 70
0: Epoch: 70
3: Epoch: 71
0: Epoch: 71
1: Epoch: 71
2: Epoch: 71
1: Epoch: 72
0: Epoch: 72
3: Epoch: 72
2: Epoch: 72
2: Epoch: 73
3: Epoch: 73
0: Epoch: 73
1: Epoch: 73
3: Epoch: 74
2: Epoch: 74
1: Epoch: 74
0: Epoch: 74
3: Epoch: 75
2: Epoch: 75
1: Epoch: 75
0: Epoch: 75
0: Epoch: 76
3: Epoch: 76
1: Epoch: 76
2: Epoch: 76
1: Epoch: 77
0: Epoch: 77
2: Epoch: 77
3: Epoch: 77
0: Epoch: 78
3: Epoch: 78
2: Epoch: 78
1: Epoch: 78
3: Epoch: 79
1: Epoch: 79
2: Epoch: 79
0: Epoch: 79
0: Epoch: 80
3: Epoch: 80
2: Epoch: 80
1: Epoch: 80
1: Epoch: 81
2: Epoch: 81
0: Epoch: 81
3: Epoch: 81
0: Epoch: 82
1: Epoch: 82
3: Epoch: 82
2: Epoch: 82
0: Epoch: 83
3: Epoch: 83
2: Epoch: 83
1: Epoch: 83
3: Epoch: 84
0: Epoch: 84
2: Epoch: 84
1: Epoch: 84
3: Epoch: 85
1: Epoch: 85
0: Epoch: 85
2: Epoch: 85
0: Epoch: 86
1: Epoch: 86
2: Epoch: 86
3: Epoch: 86
3: Epoch: 87
0: Epoch: 87
2: Epoch: 87
1: Epoch: 87
3: Epoch: 88
2: Epoch: 88
1: Epoch: 88
0: Epoch: 88
3: Epoch: 89
0: Epoch: 89
1: Epoch: 89
2: Epoch: 89
0: Epoch: 90
3: Epoch: 90
1: Epoch: 90
2: Epoch: 90
0: Epoch: 91
1: Epoch: 91
2: Epoch: 91
3: Epoch: 91
3: Epoch: 92
0: Epoch: 92
2: Epoch: 92
1: Epoch: 92
0: Epoch: 93
3: Epoch: 93
1: Epoch: 93
2: Epoch: 93
0: Epoch: 94
3: Epoch: 94
1: Epoch: 94
2: Epoch: 94
0: Epoch: 95
3: Epoch: 95
1: Epoch: 95
2: Epoch: 95
3: Epoch: 96
1: Epoch: 96
2: Epoch: 96
0: Epoch: 96
3: Epoch: 97
0: Epoch: 97
2: Epoch: 97
1: Epoch: 97
0: Epoch: 98
3: Epoch: 98
2: Epoch: 98
1: Epoch: 98
3: Epoch: 99
1: Epoch: 99
0: Epoch: 99
2: Epoch: 99
0: rank: 0 total_time: 418.1340675354004
0: rank: 0 timings: defaultdict(<class 'float'>, {'allocate tensors': 20.209510803222656, 'gather_row_data': 2.4377613067626953, 'a2a3': 355.5166563987732, 'barrier': 1.945742130279541, 'spmm_gpu': 37.82294321060181})
1: rank: 1 total_time: 418.13400745391846
1: rank: 1 timings: defaultdict(<class 'float'>, {'allocate tensors': 20.144286155700684, 'gather_row_data': 2.436025619506836, 'a2a3': 355.7151117324829, 'barrier': 1.7434799671173096, 'spmm_gpu': 37.891125202178955})
3: rank: 3 total_time: 418.1337823867798
3: rank: 3 timings: defaultdict(<class 'float'>, {'allocate tensors': 20.151859998703003, 'gather_row_data': 2.4344797134399414, 'a2a3': 354.8521022796631, 'barrier': 2.8013644218444824, 'spmm_gpu': 37.69757032394409})
2: rank: 2 total_time: 418.13282918930054
2: rank: 2 timings: defaultdict(<class 'float'>, {'allocate tensors': 20.178043365478516, 'gather_row_data': 2.44136643409729, 'a2a3': 356.58999466896057, 'barrier': 0.9487481117248535, 'spmm_gpu': 37.775386095047})
