Tue Dec 10 12:31:46 2019       
+-----------------------------------------------------------------------------+
| NVIDIA-SMI 410.104      Driver Version: 410.104      CUDA Version: 10.0     |
|-------------------------------+----------------------+----------------------+
| GPU  Name        Persistence-M| Bus-Id        Disp.A | Volatile Uncorr. ECC |
| Fan  Temp  Perf  Pwr:Usage/Cap|         Memory-Usage | GPU-Util  Compute M. |
|===============================+======================+======================|
|   0  Tesla V100-SXM2...  Off  | 00000000:62:00.0 Off |                    0 |
| N/A   40C    P0    38W / 300W |     10MiB / 16130MiB |      0%      Default |
+-------------------------------+----------------------+----------------------+
|   1  Tesla V100-SXM2...  Off  | 00000000:89:00.0 Off |                    0 |
| N/A   48C    P0    81W / 300W |    537MiB / 16130MiB |     67%      Default |
+-------------------------------+----------------------+----------------------+
                                                                               
+-----------------------------------------------------------------------------+
| Processes:                                                       GPU Memory |
|  GPU       PID   Type   Process name                             Usage      |
|=============================================================================|
|    1    136671      C   python3.6                                    527MiB |
+-----------------------------------------------------------------------------+
sys:1: DtypeWarning: Columns (3) have mixed types. Specify dtype option on import or set low_memory=False.
session_id     9249729
timestamp     32937845
item_id          52739
category           340
dtype: int64
session_id     509696
timestamp     1136477
item_id         19949
price             735
quantity           28
dtype: int64
session_id     4431931
timestamp     24590089
item_id          48255
category           331
dtype: int64
session_id    1000000
timestamp     5546275
item_id         37353
category          260
dtype: int64
session_id    0
timestamp     0
item_id       0
category      0
dtype: int64
5.548274
0.085507
800000 100000 100000
37353
Training Epoch: {:03d} 0
Epoch: 000, Loss: 0.28278, Train Auc: 0.76499, Val Auc: 0.71679, Test Auc: 0.72783
