14: Namespace(local_rank=None, accperrank=1, epochs=100, graphname='subgraph3', timing='True', midlayer=16, runcount=1, replication=1, normalization=None, activations='True', accuracy=None, download=None)
14: Arguments: epochs: 100 graph: subgraph3 timing: True mid: 16 norm: False act: True acc: False runs: 1 rep: 1
14: nid002824
14: Processes: 16
14: Loading coo...
12: Namespace(local_rank=None, accperrank=1, epochs=100, graphname='subgraph3', timing='True', midlayer=16, runcount=1, replication=1, normalization=None, activations='True', accuracy=None, download=None)
12: Arguments: epochs: 100 graph: subgraph3 timing: True mid: 16 norm: False act: True acc: False runs: 1 rep: 1
12: nid002824
12: Processes: 16
12: Loading coo...
 0: Namespace(local_rank=None, accperrank=1, epochs=100, graphname='subgraph3', timing='True', midlayer=16, runcount=1, replication=1, normalization=None, activations='True', accuracy=None, download=None)
 0: Arguments: epochs: 100 graph: subgraph3 timing: True mid: 16 norm: False act: True acc: False runs: 1 rep: 1
 0: nid002309
 0: Processes: 16
 0: Loading coo...
 3: Namespace(local_rank=None, accperrank=1, epochs=100, graphname='subgraph3', timing='True', midlayer=16, runcount=1, replication=1, normalization=None, activations='True', accuracy=None, download=None)
 3: Arguments: epochs: 100 graph: subgraph3 timing: True mid: 16 norm: False act: True acc: False runs: 1 rep: 1
 3: nid002309
 3: Processes: 16
 3: Loading coo...
 2: Namespace(local_rank=None, accperrank=1, epochs=100, graphname='subgraph3', timing='True', midlayer=16, runcount=1, replication=1, normalization=None, activations='True', accuracy=None, download=None)
 2: Arguments: epochs: 100 graph: subgraph3 timing: True mid: 16 norm: False act: True acc: False runs: 1 rep: 1
 2: nid002309
 2: Processes: 16
 2: Loading coo...
15: Namespace(local_rank=None, accperrank=1, epochs=100, graphname='subgraph3', timing='True', midlayer=16, runcount=1, replication=1, normalization=None, activations='True', accuracy=None, download=None)
15: Arguments: epochs: 100 graph: subgraph3 timing: True mid: 16 norm: False act: True acc: False runs: 1 rep: 1
15: nid002824
15: Processes: 16
15: Loading coo...
 1: Namespace(local_rank=None, accperrank=1, epochs=100, graphname='subgraph3', timing='True', midlayer=16, runcount=1, replication=1, normalization=None, activations='True', accuracy=None, download=None)
 1: Arguments: epochs: 100 graph: subgraph3 timing: True mid: 16 norm: False act: True acc: False runs: 1 rep: 1
 1: nid002309
 1: Processes: 16
 1: Loading coo...
10: Namespace(local_rank=None, accperrank=1, epochs=100, graphname='subgraph3', timing='True', midlayer=16, runcount=1, replication=1, normalization=None, activations='True', accuracy=None, download=None)
10: Arguments: epochs: 100 graph: subgraph3 timing: True mid: 16 norm: False act: True acc: False runs: 1 rep: 1
10: nid002821
10: Processes: 16
10: Loading coo...
13: Namespace(local_rank=None, accperrank=1, epochs=100, graphname='subgraph3', timing='True', midlayer=16, runcount=1, replication=1, normalization=None, activations='True', accuracy=None, download=None)
13: Arguments: epochs: 100 graph: subgraph3 timing: True mid: 16 norm: False act: True acc: False runs: 1 rep: 1
13: nid002824
13: Processes: 16
13: Loading coo...
11: Namespace(local_rank=None, accperrank=1, epochs=100, graphname='subgraph3', timing='True', midlayer=16, runcount=1, replication=1, normalization=None, activations='True', accuracy=None, download=None)
11: Arguments: epochs: 100 graph: subgraph3 timing: True mid: 16 norm: False act: True acc: False runs: 1 rep: 1
11: nid002821
11: Processes: 16
11: Loading coo...
 8: Namespace(local_rank=None, accperrank=1, epochs=100, graphname='subgraph3', timing='True', midlayer=16, runcount=1, replication=1, normalization=None, activations='True', accuracy=None, download=None)
 8: Arguments: epochs: 100 graph: subgraph3 timing: True mid: 16 norm: False act: True acc: False runs: 1 rep: 1
 8: nid002821
 8: Processes: 16
 8: Loading coo...
 9: Namespace(local_rank=None, accperrank=1, epochs=100, graphname='subgraph3', timing='True', midlayer=16, runcount=1, replication=1, normalization=None, activations='True', accuracy=None, download=None)
 9: Arguments: epochs: 100 graph: subgraph3 timing: True mid: 16 norm: False act: True acc: False runs: 1 rep: 1
 9: nid002821
 9: Processes: 16
 9: Loading coo...
 5: Namespace(local_rank=None, accperrank=1, epochs=100, graphname='subgraph3', timing='True', midlayer=16, runcount=1, replication=1, normalization=None, activations='True', accuracy=None, download=None)
 5: Arguments: epochs: 100 graph: subgraph3 timing: True mid: 16 norm: False act: True acc: False runs: 1 rep: 1
 5: nid002364
 5: Processes: 16
 5: Loading coo...
 7: Namespace(local_rank=None, accperrank=1, epochs=100, graphname='subgraph3', timing='True', midlayer=16, runcount=1, replication=1, normalization=None, activations='True', accuracy=None, download=None)
 7: Arguments: epochs: 100 graph: subgraph3 timing: True mid: 16 norm: False act: True acc: False runs: 1 rep: 1
 7: nid002364
 7: Processes: 16
 7: Loading coo...
 6: Namespace(local_rank=None, accperrank=1, epochs=100, graphname='subgraph3', timing='True', midlayer=16, runcount=1, replication=1, normalization=None, activations='True', accuracy=None, download=None)
 6: Arguments: epochs: 100 graph: subgraph3 timing: True mid: 16 norm: False act: True acc: False runs: 1 rep: 1
 6: nid002364
 6: Processes: 16
 6: Loading coo...
 4: Namespace(local_rank=None, accperrank=1, epochs=100, graphname='subgraph3', timing='True', midlayer=16, runcount=1, replication=1, normalization=None, activations='True', accuracy=None, download=None)
 4: Arguments: epochs: 100 graph: subgraph3 timing: True mid: 16 norm: False act: True acc: False runs: 1 rep: 1
 4: nid002364
 4: Processes: 16
 4: Loading coo...
11: Done loading coo
 0: Done loading coo
14: Done loading coo
15: Done loading coo
 7: Done loading coo
15: edge_index.size: torch.Size([2, 1309240502])
14: edge_index.size: torch.Size([2, 1309240502])
 0: edge_index.size: torch.Size([2, 1309240502])
 7: edge_index.size: torch.Size([2, 1309240502])
 8: Done loading coo
 2: Done loading coo
11: edge_index.size: torch.Size([2, 1309240502])
 8: edge_index.size: torch.Size([2, 1309240502])
 2: edge_index.size: torch.Size([2, 1309240502])
10: Done loading coo
 9: Done loading coo
 3: Done loading coo
 1: Done loading coo
 6: Done loading coo
 4: Done loading coo
 5: Done loading coo
13: Done loading coo
12: Done loading coo
10: edge_index.size: torch.Size([2, 1309240502])
 9: edge_index.size: torch.Size([2, 1309240502])
 3: edge_index.size: torch.Size([2, 1309240502])
 1: edge_index.size: torch.Size([2, 1309240502])
 4: edge_index.size: torch.Size([2, 1309240502])
 6: edge_index.size: torch.Size([2, 1309240502])
 5: edge_index.size: torch.Size([2, 1309240502])
12: edge_index.size: torch.Size([2, 1309240502])
13: edge_index.size: torch.Size([2, 1309240502])
 9: rank: 9 adj_matrix_loc.size: torch.Size([8745542, 546597])
 9: rank: 9 inputs_loc.size: torch.Size([546597, 128])
10: rank: 10 adj_matrix_loc.size: torch.Size([8745542, 546597])
10: rank: 10 inputs_loc.size: torch.Size([546597, 128])
11: rank: 11 adj_matrix_loc.size: torch.Size([8745542, 546597])
11: rank: 11 inputs_loc.size: torch.Size([546597, 128])
 8: rank: 8 adj_matrix_loc.size: torch.Size([8745542, 546597])
 8: rank: 8 inputs_loc.size: torch.Size([546597, 128])
 1: rank: 1 adj_matrix_loc.size: torch.Size([8745542, 546597])
 1: rank: 1 inputs_loc.size: torch.Size([546597, 128])
 2: rank: 2 adj_matrix_loc.size: torch.Size([8745542, 546597])
 2: rank: 2 inputs_loc.size: torch.Size([546597, 128])
 3: rank: 3 adj_matrix_loc.size: torch.Size([8745542, 546597])
 3: rank: 3 inputs_loc.size: torch.Size([546597, 128])
 0: rank: 0 adj_matrix_loc.size: torch.Size([8745542, 546597])
 0: rank: 0 inputs_loc.size: torch.Size([546597, 128])
15: rank: 15 adj_matrix_loc.size: torch.Size([8745542, 546587])
15: rank: 15 inputs_loc.size: torch.Size([546587, 128])
14: rank: 14 adj_matrix_loc.size: torch.Size([8745542, 546597])
14: rank: 14 inputs_loc.size: torch.Size([546597, 128])
13: rank: 13 adj_matrix_loc.size: torch.Size([8745542, 546597])
13: rank: 13 inputs_loc.size: torch.Size([546597, 128])
12: rank: 12 adj_matrix_loc.size: torch.Size([8745542, 546597])
12: rank: 12 inputs_loc.size: torch.Size([546597, 128])
 6: rank: 6 adj_matrix_loc.size: torch.Size([8745542, 546597])
 6: rank: 6 inputs_loc.size: torch.Size([546597, 128])
 5: rank: 5 adj_matrix_loc.size: torch.Size([8745542, 546597])
 5: rank: 5 inputs_loc.size: torch.Size([546597, 128])
 4: rank: 4 adj_matrix_loc.size: torch.Size([8745542, 546597])
 4: rank: 4 inputs_loc.size: torch.Size([546597, 128])
 7: rank: 7 adj_matrix_loc.size: torch.Size([8745542, 546597])
 7: rank: 7 inputs_loc.size: torch.Size([546597, 128])
15: /global/common/software/nersc/pm-2022q4/sw/pytorch/1.13.1/lib/python3.9/site-packages/torch/distributed/distributed_c10d.py:262: UserWarning: torch.distributed.reduce_op is deprecated, please use torch.distributed.ReduceOp instead
15:   warnings.warn(
 0: /global/common/software/nersc/pm-2022q4/sw/pytorch/1.13.1/lib/python3.9/site-packages/torch/distributed/distributed_c10d.py:262: UserWarning: torch.distributed.reduce_op is deprecated, please use torch.distributed.ReduceOp instead
 0:   warnings.warn(
 1: /global/common/software/nersc/pm-2022q4/sw/pytorch/1.13.1/lib/python3.9/site-packages/torch/distributed/distributed_c10d.py:262: UserWarning: torch.distributed.reduce_op is deprecated, please use torch.distributed.ReduceOp instead
 1:   warnings.warn(
 2: /global/common/software/nersc/pm-2022q4/sw/pytorch/1.13.1/lib/python3.9/site-packages/torch/distributed/distributed_c10d.py:262: UserWarning: torch.distributed.reduce_op is deprecated, please use torch.distributed.ReduceOp instead
 2:   warnings.warn(
 3: /global/common/software/nersc/pm-2022q4/sw/pytorch/1.13.1/lib/python3.9/site-packages/torch/distributed/distributed_c10d.py:262: UserWarning: torch.distributed.reduce_op is deprecated, please use torch.distributed.ReduceOp instead
 3:   warnings.warn(
 4: /global/common/software/nersc/pm-2022q4/sw/pytorch/1.13.1/lib/python3.9/site-packages/torch/distributed/distributed_c10d.py:262: UserWarning: torch.distributed.reduce_op is deprecated, please use torch.distributed.ReduceOp instead
 4:   warnings.warn(
 5: /global/common/software/nersc/pm-2022q4/sw/pytorch/1.13.1/lib/python3.9/site-packages/torch/distributed/distributed_c10d.py:262: UserWarning: torch.distributed.reduce_op is deprecated, please use torch.distributed.ReduceOp instead
 5:   warnings.warn(
 6: /global/common/software/nersc/pm-2022q4/sw/pytorch/1.13.1/lib/python3.9/site-packages/torch/distributed/distributed_c10d.py:262: UserWarning: torch.distributed.reduce_op is deprecated, please use torch.distributed.ReduceOp instead
 6:   warnings.warn(
 7: /global/common/software/nersc/pm-2022q4/sw/pytorch/1.13.1/lib/python3.9/site-packages/torch/distributed/distributed_c10d.py:262: UserWarning: torch.distributed.reduce_op is deprecated, please use torch.distributed.ReduceOp instead
 7:   warnings.warn(
12: /global/common/software/nersc/pm-2022q4/sw/pytorch/1.13.1/lib/python3.9/site-packages/torch/distributed/distributed_c10d.py:262: UserWarning: torch.distributed.reduce_op is deprecated, please use torch.distributed.ReduceOp instead
12:   warnings.warn(
13: /global/common/software/nersc/pm-2022q4/sw/pytorch/1.13.1/lib/python3.9/site-packages/torch/distributed/distributed_c10d.py:262: UserWarning: torch.distributed.reduce_op is deprecated, please use torch.distributed.ReduceOp instead
13:   warnings.warn(
 8: /global/common/software/nersc/pm-2022q4/sw/pytorch/1.13.1/lib/python3.9/site-packages/torch/distributed/distributed_c10d.py:262: UserWarning: torch.distributed.reduce_op is deprecated, please use torch.distributed.ReduceOp instead
 8:   warnings.warn(
 9: /global/common/software/nersc/pm-2022q4/sw/pytorch/1.13.1/lib/python3.9/site-packages/torch/distributed/distributed_c10d.py:262: UserWarning: torch.distributed.reduce_op is deprecated, please use torch.distributed.ReduceOp instead
 9:   warnings.warn(
10: /global/common/software/nersc/pm-2022q4/sw/pytorch/1.13.1/lib/python3.9/site-packages/torch/distributed/distributed_c10d.py:262: UserWarning: torch.distributed.reduce_op is deprecated, please use torch.distributed.ReduceOp instead
10:   warnings.warn(
11: /global/common/software/nersc/pm-2022q4/sw/pytorch/1.13.1/lib/python3.9/site-packages/torch/distributed/distributed_c10d.py:262: UserWarning: torch.distributed.reduce_op is deprecated, please use torch.distributed.ReduceOp instead
11:   warnings.warn(
14: /global/common/software/nersc/pm-2022q4/sw/pytorch/1.13.1/lib/python3.9/site-packages/torch/distributed/distributed_c10d.py:262: UserWarning: torch.distributed.reduce_op is deprecated, please use torch.distributed.ReduceOp instead
14:   warnings.warn(
 0: Starting training... rank 0 run 0
 4: Starting training... rank 4 run 0
 8: Starting training... rank 8 run 0
12: Starting training... rank 12 run 0
 1: Starting training... rank 1 run 0
 5: Starting training... rank 5 run 0
10: Starting training... rank 10 run 0
13: Starting training... rank 13 run 0
 2: Starting training... rank 2 run 0
 6: Starting training... rank 6 run 0
 9: Starting training... rank 9 run 0
14: Starting training... rank 14 run 0
 3: Starting training... rank 3 run 0
 7: Starting training... rank 7 run 0
11: Starting training... rank 11 run 0
15: Starting training... rank 15 run 0
15: Epoch: 001
 5: Epoch: 001
14: Epoch: 001
 7: Epoch: 001
 8: Epoch: 001
 3: Epoch: 001
 4: Epoch: 001
11: Epoch: 001
 2: Epoch: 001
 6: Epoch: 001
12: Epoch: 001
 9: Epoch: 001
10: Epoch: 001
13: Epoch: 001
 0: Epoch: 001
 1: Epoch: 001
15: Epoch: 002
 1: Epoch: 002
12: Epoch: 002
 2: Epoch: 002
 3: Epoch: 002
14: Epoch: 002
 7: Epoch: 002
 8: Epoch: 002
13: Epoch: 002
 5: Epoch: 002
11: Epoch: 002
 9: Epoch: 002
10: Epoch: 002
 0: Epoch: 002
 4: Epoch: 002
 6: Epoch: 002
 1: Epoch: 003
12: Epoch: 003
 0: Epoch: 003
 5: Epoch: 003
 2: Epoch: 003
 7: Epoch: 003
14: Epoch: 003
15: Epoch: 003
11: Epoch: 003
 6: Epoch: 003
 3: Epoch: 003
 4: Epoch: 003
13: Epoch: 003
 9: Epoch: 003
10: Epoch: 003
 8: Epoch: 003
14: Epoch: 004
 1: Epoch: 004
 6: Epoch: 004
12: Epoch: 004
 7: Epoch: 004
13: Epoch: 004
15: Epoch: 004
 5: Epoch: 004
 0: Epoch: 004
 4: Epoch: 004
 2: Epoch: 004
 8: Epoch: 004
 3: Epoch: 004
10: Epoch: 004
 9: Epoch: 004
11: Epoch: 004
12: Epoch: 005
 1: Epoch: 005
 5: Epoch: 005
 9: Epoch: 005
 7: Epoch: 005
13: Epoch: 005
 6: Epoch: 005
15: Epoch: 005
 4: Epoch: 005
 8: Epoch: 005
14: Epoch: 005
 3: Epoch: 005
11: Epoch: 005
10: Epoch: 005
 0: Epoch: 005
 2: Epoch: 005
14: Epoch: 006
 1: Epoch: 006
 5: Epoch: 006
 9: Epoch: 006
 7: Epoch: 006
12: Epoch: 006
 6: Epoch: 006
 8: Epoch: 006
13: Epoch: 006
 4: Epoch: 006
15: Epoch: 006
 3: Epoch: 006
10: Epoch: 006
 0: Epoch: 006
 2: Epoch: 006
11: Epoch: 006
 1: Epoch: 007
14: Epoch: 007
 5: Epoch: 007
12: Epoch: 007
 7: Epoch: 007
 8: Epoch: 007
13: Epoch: 007
 6: Epoch: 007
15: Epoch: 007
 0: Epoch: 007
 9: Epoch: 007
 2: Epoch: 007
10: Epoch: 007
11: Epoch: 007
 4: Epoch: 007
 3: Epoch: 007
12: Epoch: 008
 1: Epoch: 008
14: Epoch: 008
 2: Epoch: 008
 5: Epoch: 008
13: Epoch: 008
 6: Epoch: 008
 7: Epoch: 008
15: Epoch: 008
 0: Epoch: 008
10: Epoch: 008
 4: Epoch: 008
 8: Epoch: 008
 9: Epoch: 008
11: Epoch: 008
 3: Epoch: 008
 1: Epoch: 009
 2: Epoch: 009
13: Epoch: 009
 7: Epoch: 009
 6: Epoch: 009
14: Epoch: 009
15: Epoch: 009
12: Epoch: 009
 0: Epoch: 009
 8: Epoch: 009
 3: Epoch: 009
 4: Epoch: 009
 9: Epoch: 009
10: Epoch: 009
11: Epoch: 009
 5: Epoch: 009
13: Epoch: 010
 7: Epoch: 010
10: Epoch: 010
 6: Epoch: 010
15: Epoch: 010
 2: Epoch: 010
12: Epoch: 010
 0: Epoch: 010
 1: Epoch: 010
 5: Epoch: 010
 8: Epoch: 010
 4: Epoch: 010
 9: Epoch: 010
11: Epoch: 010
14: Epoch: 010
 3: Epoch: 010
15: Epoch: 011
13: Epoch: 011
10: Epoch: 011
12: Epoch: 011
 7: Epoch: 011
 0: Epoch: 011
 3: Epoch: 011
 6: Epoch: 011
 1: Epoch: 011
 2: Epoch: 011
 8: Epoch: 011
 4: Epoch: 011
 9: Epoch: 011
11: Epoch: 011
 5: Epoch: 011
14: Epoch: 011
12: Epoch: 012
 7: Epoch: 012
10: Epoch: 012
13: Epoch: 012
 6: Epoch: 012
15: Epoch: 012
14: Epoch: 012
 4: Epoch: 012
 0: Epoch: 012
 1: Epoch: 012
 3: Epoch: 012
 5: Epoch: 012
11: Epoch: 012
 2: Epoch: 012
 8: Epoch: 012
 9: Epoch: 012
12: Epoch: 013
13: Epoch: 013
10: Epoch: 013
 0: Epoch: 013
 6: Epoch: 013
 2: Epoch: 013
 1: Epoch: 013
 4: Epoch: 013
 8: Epoch: 013
15: Epoch: 013
 3: Epoch: 013
 5: Epoch: 013
 7: Epoch: 013
 9: Epoch: 013
11: Epoch: 013
14: Epoch: 013
12: Epoch: 014
 0: Epoch: 014
 2: Epoch: 014
13: Epoch: 014
 9: Epoch: 014
 4: Epoch: 014
10: Epoch: 014
11: Epoch: 014
 3: Epoch: 014
 6: Epoch: 014
14: Epoch: 014
 1: Epoch: 014
 5: Epoch: 014
15: Epoch: 014
 7: Epoch: 014
 8: Epoch: 014
13: Epoch: 015
 2: Epoch: 015
 9: Epoch: 015
12: Epoch: 015
 4: Epoch: 015
10: Epoch: 015
15: Epoch: 015
11: Epoch: 015
 5: Epoch: 015
 1: Epoch: 015
 6: Epoch: 015
 8: Epoch: 015
14: Epoch: 015
 7: Epoch: 015
 0: Epoch: 015
 3: Epoch: 015
12: Epoch: 016
 1: Epoch: 016
 4: Epoch: 016
 9: Epoch: 016
13: Epoch: 016
 2: Epoch: 016
11: Epoch: 016
15: Epoch: 016
 0: Epoch: 016
 3: Epoch: 016
 7: Epoch: 016
10: Epoch: 016
 5: Epoch: 016
 8: Epoch: 016
 6: Epoch: 016
14: Epoch: 016
 2: Epoch: 017
 1: Epoch: 017
 4: Epoch: 017
 9: Epoch: 017
15: Epoch: 017
 7: Epoch: 017
11: Epoch: 017
 8: Epoch: 017
10: Epoch: 017
 5: Epoch: 017
13: Epoch: 017
 0: Epoch: 017
 6: Epoch: 017
 3: Epoch: 017
12: Epoch: 017
14: Epoch: 017
 1: Epoch: 018
 2: Epoch: 018
 9: Epoch: 018
13: Epoch: 018
 4: Epoch: 018
14: Epoch: 018
10: Epoch: 018
15: Epoch: 018
12: Epoch: 018
 8: Epoch: 018
11: Epoch: 018
 7: Epoch: 018
 5: Epoch: 018
 6: Epoch: 018
 0: Epoch: 018
 3: Epoch: 018
 6: Epoch: 019
 9: Epoch: 019
13: Epoch: 019
14: Epoch: 019
 1: Epoch: 019
 7: Epoch: 019
12: Epoch: 019
 2: Epoch: 019
 4: Epoch: 019
15: Epoch: 019
 0: Epoch: 019
 3: Epoch: 019
 8: Epoch: 019
11: Epoch: 019
10: Epoch: 019
 5: Epoch: 019
 1: Epoch: 020
 7: Epoch: 020
 9: Epoch: 020
12: Epoch: 020
 2: Epoch: 020
 4: Epoch: 020
 6: Epoch: 020
11: Epoch: 020
15: Epoch: 020
14: Epoch: 020
10: Epoch: 020
 8: Epoch: 020
 0: Epoch: 020
 5: Epoch: 020
13: Epoch: 020
 3: Epoch: 020
 1: Epoch: 021
 7: Epoch: 021
12: Epoch: 021
 6: Epoch: 021
11: Epoch: 021
15: Epoch: 021
 2: Epoch: 021
 4: Epoch: 021
14: Epoch: 021
 0: Epoch: 021
 3: Epoch: 021
 9: Epoch: 021
 8: Epoch: 021
13: Epoch: 021
10: Epoch: 021
 5: Epoch: 021
 1: Epoch: 022
12: Epoch: 022
 6: Epoch: 022
11: Epoch: 022
15: Epoch: 022
 2: Epoch: 022
13: Epoch: 022
 7: Epoch: 022
14: Epoch: 022
 4: Epoch: 022
 0: Epoch: 022
 9: Epoch: 022
 3: Epoch: 022
10: Epoch: 022
 8: Epoch: 022
 5: Epoch: 022
 1: Epoch: 023
 6: Epoch: 023
 9: Epoch: 023
 4: Epoch: 023
11: Epoch: 023
12: Epoch: 023
 8: Epoch: 023
 7: Epoch: 023
 2: Epoch: 023
13: Epoch: 023
14: Epoch: 023
15: Epoch: 023
 0: Epoch: 023
 3: Epoch: 023
 5: Epoch: 023
10: Epoch: 023
 1: Epoch: 024
14: Epoch: 024
 4: Epoch: 024
 6: Epoch: 024
 2: Epoch: 024
12: Epoch: 024
 0: Epoch: 024
 3: Epoch: 024
13: Epoch: 024
 7: Epoch: 024
15: Epoch: 024
 5: Epoch: 024
 9: Epoch: 024
11: Epoch: 024
 8: Epoch: 024
10: Epoch: 024
 1: Epoch: 025
 4: Epoch: 025
11: Epoch: 025
 2: Epoch: 025
 5: Epoch: 025
 3: Epoch: 025
 6: Epoch: 025
12: Epoch: 025
 7: Epoch: 025
 0: Epoch: 025
13: Epoch: 025
15: Epoch: 025
14: Epoch: 025
 8: Epoch: 025
 9: Epoch: 025
10: Epoch: 025
 4: Epoch: 026
 2: Epoch: 026
 9: Epoch: 026
15: Epoch: 026
 5: Epoch: 026
11: Epoch: 026
13: Epoch: 026
 8: Epoch: 026
 6: Epoch: 026
 7: Epoch: 026
12: Epoch: 026
10: Epoch: 026
14: Epoch: 026
 3: Epoch: 026
 0: Epoch: 026
 1: Epoch: 026
15: Epoch: 027
 4: Epoch: 027
13: Epoch: 027
 5: Epoch: 027
 9: Epoch: 027
 1: Epoch: 027
 6: Epoch: 027
10: Epoch: 027
 3: Epoch: 027
11: Epoch: 027
12: Epoch: 027
 8: Epoch: 027
 0: Epoch: 027
 7: Epoch: 027
 2: Epoch: 027
14: Epoch: 027
 1: Epoch: 028
 3: Epoch: 028
15: Epoch: 028
 4: Epoch: 028
 5: Epoch: 028
12: Epoch: 028
13: Epoch: 028
 0: Epoch: 028
 2: Epoch: 028
14: Epoch: 028
 6: Epoch: 028
 9: Epoch: 028
 7: Epoch: 028
11: Epoch: 028
 8: Epoch: 028
10: Epoch: 028
 3: Epoch: 029
15: Epoch: 029
 4: Epoch: 029
 5: Epoch: 029
 1: Epoch: 029
 2: Epoch: 029
 7: Epoch: 029
12: Epoch: 029
 0: Epoch: 029
 6: Epoch: 029
14: Epoch: 029
 9: Epoch: 029
13: Epoch: 029
11: Epoch: 029
 8: Epoch: 029
10: Epoch: 029
15: Epoch: 030
 1: Epoch: 030
 2: Epoch: 030
 3: Epoch: 030
 4: Epoch: 030
11: Epoch: 030
 5: Epoch: 030
12: Epoch: 030
 0: Epoch: 030
 6: Epoch: 030
 9: Epoch: 030
10: Epoch: 030
 7: Epoch: 030
13: Epoch: 030
14: Epoch: 030
 8: Epoch: 030
 1: Epoch: 031
 3: Epoch: 031
 2: Epoch: 031
 4: Epoch: 031
11: Epoch: 031
 5: Epoch: 031
 0: Epoch: 031
 7: Epoch: 031
 6: Epoch: 031
15: Epoch: 031
 9: Epoch: 031
12: Epoch: 031
 8: Epoch: 031
10: Epoch: 031
13: Epoch: 031
14: Epoch: 031
15: Epoch: 032
 1: Epoch: 032
 2: Epoch: 032
 3: Epoch: 032
11: Epoch: 032
 4: Epoch: 032
12: Epoch: 032
 7: Epoch: 032
 5: Epoch: 032
13: Epoch: 032
 0: Epoch: 032
 6: Epoch: 032
14: Epoch: 032
 9: Epoch: 032
 8: Epoch: 032
10: Epoch: 032
 1: Epoch: 033
 3: Epoch: 033
 0: Epoch: 033
 9: Epoch: 033
 2: Epoch: 033
 4: Epoch: 033
12: Epoch: 033
 6: Epoch: 033
 8: Epoch: 033
 5: Epoch: 033
11: Epoch: 033
 7: Epoch: 033
14: Epoch: 033
10: Epoch: 033
13: Epoch: 033
15: Epoch: 033
 1: Epoch: 034
 6: Epoch: 034
 9: Epoch: 034
 2: Epoch: 034
11: Epoch: 034
 4: Epoch: 034
10: Epoch: 034
 8: Epoch: 034
 0: Epoch: 034
12: Epoch: 034
 5: Epoch: 034
 3: Epoch: 034
 7: Epoch: 034
14: Epoch: 034
13: Epoch: 034
15: Epoch: 034
 3: Epoch: 035
11: Epoch: 035
 0: Epoch: 035
 4: Epoch: 035
14: Epoch: 035
 1: Epoch: 035
 2: Epoch: 035
12: Epoch: 035
 5: Epoch: 035
 9: Epoch: 035
 7: Epoch: 035
 6: Epoch: 035
 8: Epoch: 035
13: Epoch: 035
15: Epoch: 035
10: Epoch: 035
 0: Epoch: 036
11: Epoch: 036
14: Epoch: 036
 1: Epoch: 036
 4: Epoch: 036
 2: Epoch: 036
 6: Epoch: 036
 3: Epoch: 036
12: Epoch: 036
 5: Epoch: 036
 7: Epoch: 036
13: Epoch: 036
 9: Epoch: 036
15: Epoch: 036
 8: Epoch: 036
10: Epoch: 036
 0: Epoch: 037
 6: Epoch: 037
 9: Epoch: 037
 2: Epoch: 037
14: Epoch: 037
 3: Epoch: 037
 4: Epoch: 037
11: Epoch: 037
 8: Epoch: 037
10: Epoch: 037
12: Epoch: 037
 7: Epoch: 037
 1: Epoch: 037
 5: Epoch: 037
13: Epoch: 037
15: Epoch: 037
 4: Epoch: 038
11: Epoch: 038
14: Epoch: 038
 2: Epoch: 038
 6: Epoch: 038
 3: Epoch: 038
12: Epoch: 038
 5: Epoch: 038
 0: Epoch: 038
 1: Epoch: 038
13: Epoch: 038
 7: Epoch: 038
15: Epoch: 038
 9: Epoch: 038
 8: Epoch: 038
10: Epoch: 038
 4: Epoch: 039
12: Epoch: 039
 2: Epoch: 039
 6: Epoch: 039
14: Epoch: 039
 3: Epoch: 039
15: Epoch: 039
 0: Epoch: 039
13: Epoch: 039
 1: Epoch: 039
 5: Epoch: 039
 7: Epoch: 039
 9: Epoch: 039
11: Epoch: 039
 8: Epoch: 039
10: Epoch: 039
12: Epoch: 040
 4: Epoch: 040
11: Epoch: 040
 2: Epoch: 040
 6: Epoch: 040
 3: Epoch: 040
 7: Epoch: 040
 8: Epoch: 040
 0: Epoch: 040
 9: Epoch: 040
14: Epoch: 040
13: Epoch: 040
10: Epoch: 040
 1: Epoch: 040
 5: Epoch: 040
15: Epoch: 040
12: Epoch: 041
 2: Epoch: 041
 4: Epoch: 041
 3: Epoch: 041
 6: Epoch: 041
14: Epoch: 041
 0: Epoch: 041
 7: Epoch: 041
15: Epoch: 041
13: Epoch: 041
 1: Epoch: 041
 5: Epoch: 041
 8: Epoch: 041
11: Epoch: 041
 9: Epoch: 041
10: Epoch: 041
 2: Epoch: 042
 4: Epoch: 042
11: Epoch: 042
 3: Epoch: 042
12: Epoch: 042
 0: Epoch: 042
 5: Epoch: 042
 8: Epoch: 042
14: Epoch: 042
 7: Epoch: 042
 9: Epoch: 042
15: Epoch: 042
 6: Epoch: 042
10: Epoch: 042
13: Epoch: 042
 1: Epoch: 042
11: Epoch: 043
12: Epoch: 043
 2: Epoch: 043
 4: Epoch: 043
 3: Epoch: 043
 0: Epoch: 043
14: Epoch: 043
 1: Epoch: 043
 5: Epoch: 043
15: Epoch: 043
 7: Epoch: 043
 6: Epoch: 043
13: Epoch: 043
 8: Epoch: 043
 9: Epoch: 043
10: Epoch: 043
14: Epoch: 044
 3: Epoch: 044
 5: Epoch: 044
11: Epoch: 044
 1: Epoch: 044
15: Epoch: 044
 0: Epoch: 044
 6: Epoch: 044
12: Epoch: 044
 7: Epoch: 044
 4: Epoch: 044
13: Epoch: 044
 2: Epoch: 044
 8: Epoch: 044
 9: Epoch: 044
10: Epoch: 044
 3: Epoch: 045
11: Epoch: 045
 0: Epoch: 045
15: Epoch: 045
 5: Epoch: 045
12: Epoch: 045
 7: Epoch: 045
14: Epoch: 045
 6: Epoch: 045
 4: Epoch: 045
 1: Epoch: 045
 2: Epoch: 045
 8: Epoch: 045
 9: Epoch: 045
13: Epoch: 045
10: Epoch: 045
 0: Epoch: 046
 3: Epoch: 046
 5: Epoch: 046
12: Epoch: 046
 9: Epoch: 046
 6: Epoch: 046
11: Epoch: 046
 1: Epoch: 046
 8: Epoch: 046
 7: Epoch: 046
15: Epoch: 046
14: Epoch: 046
 4: Epoch: 046
 2: Epoch: 046
10: Epoch: 046
13: Epoch: 046
 1: Epoch: 047
 0: Epoch: 047
11: Epoch: 047
 5: Epoch: 047
12: Epoch: 047
 2: Epoch: 047
 7: Epoch: 047
14: Epoch: 047
 3: Epoch: 047
 6: Epoch: 047
15: Epoch: 047
 4: Epoch: 047
13: Epoch: 047
 8: Epoch: 047
 9: Epoch: 047
10: Epoch: 047
12: Epoch: 048
 1: Epoch: 048
 5: Epoch: 048
 0: Epoch: 048
14: Epoch: 048
 3: Epoch: 048
 7: Epoch: 048
11: Epoch: 048
15: Epoch: 048
 6: Epoch: 048
 4: Epoch: 048
 2: Epoch: 048
13: Epoch: 048
 8: Epoch: 048
 9: Epoch: 048
10: Epoch: 048
12: Epoch: 049
 2: Epoch: 049
 0: Epoch: 049
 8: Epoch: 049
 5: Epoch: 049
 9: Epoch: 049
11: Epoch: 049
10: Epoch: 049
 7: Epoch: 049
14: Epoch: 049
 6: Epoch: 049
15: Epoch: 049
 1: Epoch: 049
 3: Epoch: 049
 4: Epoch: 049
13: Epoch: 049
 0: Epoch: 050
 9: Epoch: 050
 2: Epoch: 050
15: Epoch: 050
 3: Epoch: 050
 7: Epoch: 050
 8: Epoch: 050
10: Epoch: 050
11: Epoch: 050
12: Epoch: 050
14: Epoch: 050
 1: Epoch: 050
13: Epoch: 050
 5: Epoch: 050
 6: Epoch: 050
 4: Epoch: 050
14: Epoch: 051
 3: Epoch: 051
 8: Epoch: 051
15: Epoch: 051
10: Epoch: 051
13: Epoch: 051
 5: Epoch: 051
 9: Epoch: 051
 0: Epoch: 051
11: Epoch: 051
 1: Epoch: 051
12: Epoch: 051
 2: Epoch: 051
 4: Epoch: 051
 6: Epoch: 051
 7: Epoch: 051
 4: Epoch: 052
14: Epoch: 052
 1: Epoch: 052
15: Epoch: 052
 2: Epoch: 052
10: Epoch: 052
 0: Epoch: 052
 3: Epoch: 052
13: Epoch: 052
12: Epoch: 052
 5: Epoch: 052
11: Epoch: 052
 7: Epoch: 052
 6: Epoch: 052
 8: Epoch: 052
 9: Epoch: 052
 4: Epoch: 053
11: Epoch: 053
 1: Epoch: 053
 7: Epoch: 053
 9: Epoch: 053
13: Epoch: 053
 2: Epoch: 053
 6: Epoch: 053
10: Epoch: 053
 3: Epoch: 053
 5: Epoch: 053
 8: Epoch: 053
15: Epoch: 053
14: Epoch: 053
12: Epoch: 053
 0: Epoch: 053
 1: Epoch: 054
 3: Epoch: 054
14: Epoch: 054
15: Epoch: 054
12: Epoch: 054
10: Epoch: 054
13: Epoch: 054
 0: Epoch: 054
 2: Epoch: 054
 4: Epoch: 054
 5: Epoch: 054
 7: Epoch: 054
 6: Epoch: 054
 8: Epoch: 054
 9: Epoch: 054
11: Epoch: 054
14: Epoch: 055
 4: Epoch: 055
 3: Epoch: 055
10: Epoch: 055
 0: Epoch: 055
 1: Epoch: 055
 5: Epoch: 055
12: Epoch: 055
 7: Epoch: 055
13: Epoch: 055
15: Epoch: 055
 6: Epoch: 055
 2: Epoch: 055
 9: Epoch: 055
11: Epoch: 055
 8: Epoch: 055
 3: Epoch: 056
15: Epoch: 056
 1: Epoch: 056
 4: Epoch: 056
11: Epoch: 056
13: Epoch: 056
 0: Epoch: 056
 5: Epoch: 056
10: Epoch: 056
14: Epoch: 056
 2: Epoch: 056
 7: Epoch: 056
 9: Epoch: 056
12: Epoch: 056
 6: Epoch: 056
 8: Epoch: 056
 3: Epoch: 057
 0: Epoch: 057
 1: Epoch: 057
11: Epoch: 057
 4: Epoch: 057
15: Epoch: 057
 5: Epoch: 057
 7: Epoch: 057
 6: Epoch: 057
13: Epoch: 057
12: Epoch: 057
 2: Epoch: 057
14: Epoch: 057
 9: Epoch: 057
 8: Epoch: 057
10: Epoch: 057
 3: Epoch: 058
 1: Epoch: 058
 4: Epoch: 058
 9: Epoch: 058
15: Epoch: 058
 5: Epoch: 058
11: Epoch: 058
 6: Epoch: 058
10: Epoch: 058
 7: Epoch: 058
 8: Epoch: 058
13: Epoch: 058
 2: Epoch: 058
12: Epoch: 058
 0: Epoch: 058
14: Epoch: 058
 3: Epoch: 059
 2: Epoch: 059
15: Epoch: 059
 1: Epoch: 059
 6: Epoch: 059
 9: Epoch: 059
14: Epoch: 059
10: Epoch: 059
11: Epoch: 059
 8: Epoch: 059
12: Epoch: 059
 0: Epoch: 059
 4: Epoch: 059
13: Epoch: 059
 5: Epoch: 059
 7: Epoch: 059
14: Epoch: 060
 1: Epoch: 060
 6: Epoch: 060
 9: Epoch: 060
 3: Epoch: 060
10: Epoch: 060
15: Epoch: 060
 2: Epoch: 060
11: Epoch: 060
13: Epoch: 060
 8: Epoch: 060
12: Epoch: 060
 0: Epoch: 060
 4: Epoch: 060
 5: Epoch: 060
 7: Epoch: 060
 1: Epoch: 061
 4: Epoch: 061
11: Epoch: 061
12: Epoch: 061
 2: Epoch: 061
14: Epoch: 061
 3: Epoch: 061
 6: Epoch: 061
10: Epoch: 061
15: Epoch: 061
 0: Epoch: 061
 7: Epoch: 061
 9: Epoch: 061
13: Epoch: 061
 5: Epoch: 061
 8: Epoch: 061
14: Epoch: 062
 0: Epoch: 062
 9: Epoch: 062
 1: Epoch: 062
15: Epoch: 062
 3: Epoch: 062
10: Epoch: 062
12: Epoch: 062
11: Epoch: 062
13: Epoch: 062
 8: Epoch: 062
 2: Epoch: 062
 5: Epoch: 062
 6: Epoch: 062
 7: Epoch: 062
 4: Epoch: 062
14: Epoch: 063
 1: Epoch: 063
 9: Epoch: 063
15: Epoch: 063
11: Epoch: 063
12: Epoch: 063
 2: Epoch: 063
10: Epoch: 063
 8: Epoch: 063
 0: Epoch: 063
 3: Epoch: 063
13: Epoch: 063
 5: Epoch: 063
 7: Epoch: 063
 6: Epoch: 063
 4: Epoch: 063
12: Epoch: 064
 0: Epoch: 064
 9: Epoch: 064
 3: Epoch: 064
 5: Epoch: 064
10: Epoch: 064
11: Epoch: 064
 8: Epoch: 064
 1: Epoch: 064
 6: Epoch: 064
 7: Epoch: 064
 4: Epoch: 064
 2: Epoch: 064
14: Epoch: 064
15: Epoch: 064
13: Epoch: 064
 1: Epoch: 065
 7: Epoch: 065
 9: Epoch: 065
12: Epoch: 065
 0: Epoch: 065
14: Epoch: 065
 3: Epoch: 065
 5: Epoch: 065
 8: Epoch: 065
 6: Epoch: 065
10: Epoch: 065
15: Epoch: 065
11: Epoch: 065
13: Epoch: 065
 4: Epoch: 065
 2: Epoch: 065
14: Epoch: 066
 0: Epoch: 066
 1: Epoch: 066
11: Epoch: 066
12: Epoch: 066
 3: Epoch: 066
 7: Epoch: 066
15: Epoch: 066
13: Epoch: 066
 2: Epoch: 066
 9: Epoch: 066
 8: Epoch: 066
10: Epoch: 066
 4: Epoch: 066
 5: Epoch: 066
 6: Epoch: 066
14: Epoch: 067
 0: Epoch: 067
 9: Epoch: 067
 3: Epoch: 067
 7: Epoch: 067
10: Epoch: 067
 1: Epoch: 067
 8: Epoch: 067
11: Epoch: 067
 2: Epoch: 067
15: Epoch: 067
12: Epoch: 067
 6: Epoch: 067
 4: Epoch: 067
 5: Epoch: 067
13: Epoch: 067
 0: Epoch: 068
15: Epoch: 068
 9: Epoch: 068
11: Epoch: 068
 8: Epoch: 068
10: Epoch: 068
 1: Epoch: 068
 2: Epoch: 068
 3: Epoch: 068
 7: Epoch: 068
14: Epoch: 068
 5: Epoch: 068
 6: Epoch: 068
 4: Epoch: 068
12: Epoch: 068
13: Epoch: 068
12: Epoch: 069
 0: Epoch: 069
 7: Epoch: 069
 9: Epoch: 069
15: Epoch: 069
 1: Epoch: 069
 6: Epoch: 069
10: Epoch: 069
13: Epoch: 069
 2: Epoch: 069
 5: Epoch: 069
 8: Epoch: 069
14: Epoch: 069
 3: Epoch: 069
 4: Epoch: 069
11: Epoch: 069
 0: Epoch: 070
 7: Epoch: 070
10: Epoch: 070
 1: Epoch: 070
 6: Epoch: 070
11: Epoch: 070
12: Epoch: 070
 2: Epoch: 070
 4: Epoch: 070
 8: Epoch: 070
15: Epoch: 070
 3: Epoch: 070
 5: Epoch: 070
 9: Epoch: 070
13: Epoch: 070
14: Epoch: 070
12: Epoch: 071
10: Epoch: 071
 0: Epoch: 071
13: Epoch: 071
 1: Epoch: 071
 7: Epoch: 071
11: Epoch: 071
15: Epoch: 071
 2: Epoch: 071
 6: Epoch: 071
 9: Epoch: 071
14: Epoch: 071
 3: Epoch: 071
 4: Epoch: 071
 8: Epoch: 071
 5: Epoch: 071
12: Epoch: 072
 0: Epoch: 072
 7: Epoch: 072
10: Epoch: 072
 6: Epoch: 072
15: Epoch: 072
 1: Epoch: 072
 4: Epoch: 072
11: Epoch: 072
13: Epoch: 072
 2: Epoch: 072
 5: Epoch: 072
 9: Epoch: 072
14: Epoch: 072
 3: Epoch: 072
 8: Epoch: 072
12: Epoch: 073
 7: Epoch: 073
11: Epoch: 073
 0: Epoch: 073
 6: Epoch: 073
10: Epoch: 073
 9: Epoch: 073
 8: Epoch: 073
 4: Epoch: 073
 5: Epoch: 073
 2: Epoch: 073
 3: Epoch: 073
15: Epoch: 073
13: Epoch: 073
 1: Epoch: 073
14: Epoch: 073
 0: Epoch: 074
 4: Epoch: 074
10: Epoch: 074
12: Epoch: 074
 7: Epoch: 074
11: Epoch: 074
 5: Epoch: 074
 9: Epoch: 074
 8: Epoch: 074
 6: Epoch: 074
 1: Epoch: 074
 2: Epoch: 074
13: Epoch: 074
15: Epoch: 074
 3: Epoch: 074
14: Epoch: 074
15: Epoch: 075
 7: Epoch: 075
10: Epoch: 075
 4: Epoch: 075
11: Epoch: 075
 1: Epoch: 075
 6: Epoch: 075
 8: Epoch: 075
 0: Epoch: 075
 9: Epoch: 075
 5: Epoch: 075
 2: Epoch: 075
 3: Epoch: 075
12: Epoch: 075
13: Epoch: 075
14: Epoch: 075
 1: Epoch: 076
12: Epoch: 076
 2: Epoch: 076
 7: Epoch: 076
10: Epoch: 076
15: Epoch: 076
 0: Epoch: 076
 4: Epoch: 076
11: Epoch: 076
13: Epoch: 076
 3: Epoch: 076
 6: Epoch: 076
 8: Epoch: 076
14: Epoch: 076
 5: Epoch: 076
 9: Epoch: 076
10: Epoch: 077
13: Epoch: 077
12: Epoch: 077
 2: Epoch: 077
 7: Epoch: 077
11: Epoch: 077
15: Epoch: 077
 0: Epoch: 077
 6: Epoch: 077
 8: Epoch: 077
14: Epoch: 077
 1: Epoch: 077
 4: Epoch: 077
 9: Epoch: 077
 3: Epoch: 077
 5: Epoch: 077
12: Epoch: 078
 2: Epoch: 078
 1: Epoch: 078
 4: Epoch: 078
10: Epoch: 078
15: Epoch: 078
 7: Epoch: 078
11: Epoch: 078
13: Epoch: 078
 6: Epoch: 078
 5: Epoch: 078
14: Epoch: 078
 0: Epoch: 078
 3: Epoch: 078
 9: Epoch: 078
 8: Epoch: 078
12: Epoch: 079
 0: Epoch: 079
10: Epoch: 079
 2: Epoch: 079
 6: Epoch: 079
15: Epoch: 079
 1: Epoch: 079
 7: Epoch: 079
11: Epoch: 079
13: Epoch: 079
 3: Epoch: 079
 4: Epoch: 079
 9: Epoch: 079
 5: Epoch: 079
 8: Epoch: 079
14: Epoch: 079
 0: Epoch: 080
 2: Epoch: 080
12: Epoch: 080
 1: Epoch: 080
 7: Epoch: 080
 9: Epoch: 080
15: Epoch: 080
 3: Epoch: 080
 4: Epoch: 080
10: Epoch: 080
13: Epoch: 080
 6: Epoch: 080
11: Epoch: 080
 5: Epoch: 080
14: Epoch: 080
 8: Epoch: 080
12: Epoch: 081
 0: Epoch: 081
 7: Epoch: 081
 9: Epoch: 081
 1: Epoch: 081
13: Epoch: 081
 3: Epoch: 081
 6: Epoch: 081
10: Epoch: 081
 4: Epoch: 081
11: Epoch: 081
15: Epoch: 081
 5: Epoch: 081
 2: Epoch: 081
14: Epoch: 081
 8: Epoch: 081
 0: Epoch: 082
 7: Epoch: 082
 9: Epoch: 082
 1: Epoch: 082
 2: Epoch: 082
 3: Epoch: 082
 6: Epoch: 082
10: Epoch: 082
11: Epoch: 082
 4: Epoch: 082
 5: Epoch: 082
12: Epoch: 082
 8: Epoch: 082
13: Epoch: 082
15: Epoch: 082
14: Epoch: 082
12: Epoch: 083
13: Epoch: 083
 0: Epoch: 083
 5: Epoch: 083
10: Epoch: 083
14: Epoch: 083
 2: Epoch: 083
 7: Epoch: 083
 9: Epoch: 083
15: Epoch: 083
 1: Epoch: 083
 4: Epoch: 083
11: Epoch: 083
 3: Epoch: 083
 6: Epoch: 083
 8: Epoch: 083
12: Epoch: 084
 0: Epoch: 084
 4: Epoch: 084
 1: Epoch: 084
13: Epoch: 084
 2: Epoch: 084
10: Epoch: 084
15: Epoch: 084
 3: Epoch: 084
11: Epoch: 084
 9: Epoch: 084
14: Epoch: 084
 8: Epoch: 084
 7: Epoch: 084
 5: Epoch: 084
 6: Epoch: 084
 0: Epoch: 085
12: Epoch: 085
13: Epoch: 085
 7: Epoch: 085
10: Epoch: 085
15: Epoch: 085
 4: Epoch: 085
 6: Epoch: 085
 5: Epoch: 085
11: Epoch: 085
 1: Epoch: 085
 2: Epoch: 085
 3: Epoch: 085
 8: Epoch: 085
14: Epoch: 085
 9: Epoch: 085
 0: Epoch: 086
 4: Epoch: 086
 2: Epoch: 086
12: Epoch: 086
 1: Epoch: 086
 7: Epoch: 086
10: Epoch: 086
 5: Epoch: 086
 6: Epoch: 086
13: Epoch: 086
11: Epoch: 086
14: Epoch: 086
15: Epoch: 086
 3: Epoch: 086
 9: Epoch: 086
 8: Epoch: 086
12: Epoch: 087
 0: Epoch: 087
 2: Epoch: 087
 4: Epoch: 087
13: Epoch: 087
 5: Epoch: 087
10: Epoch: 087
15: Epoch: 087
 6: Epoch: 087
14: Epoch: 087
 1: Epoch: 087
 7: Epoch: 087
11: Epoch: 087
 3: Epoch: 087
 9: Epoch: 087
 8: Epoch: 087
12: Epoch: 088
 0: Epoch: 088
13: Epoch: 088
 2: Epoch: 088
 4: Epoch: 088
15: Epoch: 088
 1: Epoch: 088
14: Epoch: 088
 3: Epoch: 088
 7: Epoch: 088
 5: Epoch: 088
 6: Epoch: 088
10: Epoch: 088
11: Epoch: 088
 8: Epoch: 088
 9: Epoch: 088
 0: Epoch: 089
 4: Epoch: 089
12: Epoch: 089
13: Epoch: 089
 6: Epoch: 089
15: Epoch: 089
 7: Epoch: 089
 5: Epoch: 089
 2: Epoch: 089
10: Epoch: 089
 3: Epoch: 089
14: Epoch: 089
 1: Epoch: 089
11: Epoch: 089
 9: Epoch: 089
 8: Epoch: 089
12: Epoch: 090
 4: Epoch: 090
 0: Epoch: 090
 7: Epoch: 090
15: Epoch: 090
 2: Epoch: 090
 5: Epoch: 090
13: Epoch: 090
 1: Epoch: 090
 6: Epoch: 090
 3: Epoch: 090
10: Epoch: 090
14: Epoch: 090
11: Epoch: 090
 9: Epoch: 090
 8: Epoch: 090
 4: Epoch: 091
10: Epoch: 091
 0: Epoch: 091
11: Epoch: 091
 7: Epoch: 091
 6: Epoch: 091
 5: Epoch: 091
 9: Epoch: 091
12: Epoch: 091
 8: Epoch: 091
13: Epoch: 091
 2: Epoch: 091
15: Epoch: 091
 1: Epoch: 091
 3: Epoch: 091
14: Epoch: 091
12: Epoch: 092
10: Epoch: 092
 5: Epoch: 092
15: Epoch: 092
 0: Epoch: 092
13: Epoch: 092
 2: Epoch: 092
14: Epoch: 092
 1: Epoch: 092
 3: Epoch: 092
 4: Epoch: 092
 8: Epoch: 092
 6: Epoch: 092
 7: Epoch: 092
 9: Epoch: 092
11: Epoch: 092
12: Epoch: 093
 7: Epoch: 093
 1: Epoch: 093
15: Epoch: 093
 0: Epoch: 093
13: Epoch: 093
 2: Epoch: 093
14: Epoch: 093
 4: Epoch: 093
 8: Epoch: 093
 6: Epoch: 093
 9: Epoch: 093
 3: Epoch: 093
 5: Epoch: 093
10: Epoch: 093
11: Epoch: 093
 7: Epoch: 094
11: Epoch: 094
13: Epoch: 094
 3: Epoch: 094
 4: Epoch: 094
 8: Epoch: 094
 5: Epoch: 094
 6: Epoch: 094
 9: Epoch: 094
10: Epoch: 094
 1: Epoch: 094
 2: Epoch: 094
 0: Epoch: 094
15: Epoch: 094
12: Epoch: 094
14: Epoch: 094
15: Epoch: 095
 3: Epoch: 095
 8: Epoch: 095
 9: Epoch: 095
 7: Epoch: 095
10: Epoch: 095
11: Epoch: 095
 5: Epoch: 095
 4: Epoch: 095
 6: Epoch: 095
 0: Epoch: 095
 2: Epoch: 095
13: Epoch: 095
12: Epoch: 095
14: Epoch: 095
 1: Epoch: 095
 3: Epoch: 096
 7: Epoch: 096
 8: Epoch: 096
 0: Epoch: 096
15: Epoch: 096
 2: Epoch: 096
 4: Epoch: 096
 9: Epoch: 096
 5: Epoch: 096
11: Epoch: 096
 6: Epoch: 096
13: Epoch: 096
12: Epoch: 096
10: Epoch: 096
14: Epoch: 096
 1: Epoch: 096
 3: Epoch: 097
 2: Epoch: 097
11: Epoch: 097
13: Epoch: 097
 8: Epoch: 097
 0: Epoch: 097
 1: Epoch: 097
 9: Epoch: 097
 7: Epoch: 097
10: Epoch: 097
 4: Epoch: 097
 5: Epoch: 097
 6: Epoch: 097
15: Epoch: 097
12: Epoch: 097
14: Epoch: 097
 3: Epoch: 098
 7: Epoch: 098
11: Epoch: 098
 6: Epoch: 098
 1: Epoch: 098
 4: Epoch: 098
 5: Epoch: 098
 2: Epoch: 098
 8: Epoch: 098
 0: Epoch: 098
10: Epoch: 098
13: Epoch: 098
 9: Epoch: 098
15: Epoch: 098
12: Epoch: 098
14: Epoch: 098
 3: Epoch: 099
 1: Epoch: 099
 2: Epoch: 099
12: Epoch: 099
 0: Epoch: 099
 6: Epoch: 099
 8: Epoch: 099
13: Epoch: 099
 7: Epoch: 099
 9: Epoch: 099
15: Epoch: 099
 5: Epoch: 099
11: Epoch: 099
14: Epoch: 099
 4: Epoch: 099
10: Epoch: 099
 0: total_times_r0: [239.46010065078735]
 0: rank: 0 median_run: 0
 0: rank: 0 total_time: 239.46010065078735
 0: rank: 0 comm_time: 94.46385025978088
 0: rank: 0 comp_time: 140.23477816581726
 0: rank: 0 scomp_time: 139.96741557121277
 0: rank: 0 dcomp_time: 0.2673625946044922
 0: rank: 0 bcast_comm_time: 93.27456736564636
 0: rank: 0 bcast_words: 363814547200
 0: rank: 0 reduce_comm_time: 0.02451777458190918
 0: rank: 0 op_comm_time: 1.1647651195526123
 0: rank: 0 barrier_time: 95.93731665611267
 0: rank: 0 tensor([[-2.8291e+06, -2.8075e+06, -3.6770e+06,  ..., -1.0023e+05,
 0:          -1.2735e+07, -1.7129e+07],
 0:         [-1.4696e+05, -1.4722e+05, -1.9347e+05,  ..., -4.8222e+03,
 0:          -6.7285e+05, -9.0829e+05],
 0:         [-1.4682e+02, -1.4388e+02, -1.7085e+02,  ..., -8.0981e+00,
 0:          -6.0365e+02, -7.8787e+02],
 0:         ...,
 0:         [-6.8563e+06, -6.7900e+06, -8.8761e+06,  ..., -1.8211e+05,
 0:          -3.0806e+07, -4.1435e+07],
 0:         [-2.7151e+03, -2.6585e+03, -3.2607e+03,  ..., -1.8126e+02,
 0:          -1.1228e+04, -1.4907e+04],
 0:         [-3.5518e+05, -3.5228e+05, -4.6327e+05,  ..., -1.0235e+04,
 0:          -1.6042e+06, -2.1531e+06]], device='cuda:0',
 0:        grad_fn=<GCNFuncBackward>)
 0: None
 2: rank: 2 median_run: 0
 2: rank: 2 total_time: 239.46001172065735
 2: rank: 2 comm_time: 0.0
 2: rank: 2 comp_time: 0.0
 2: rank: 2 scomp_time: 0.0
 2: rank: 2 dcomp_time: 0.0
 2: rank: 2 bcast_comm_time: 0.0
 2: rank: 2 bcast_words: 363814547200
 2: rank: 2 reduce_comm_time: 0.0
 2: rank: 2 op_comm_time: 0.0
 2: rank: 2 barrier_time: 95.91624450683594
 2: rank: 2 tensor([[-5.5452e+00, -5.5452e+00, -5.5452e+00,  ..., -5.5452e+00,
 2:          -5.5452e+00, -5.5452e+00],
 2:         [-1.0066e+01, -9.6065e+00, -1.3673e+01,  ..., -3.1805e+00,
 2:          -4.0010e+01, -5.3560e+01],
 2:         [-3.1627e+02, -3.1215e+02, -4.0978e+02,  ..., -3.6129e+01,
 2:          -1.3548e+03, -1.7889e+03],
 2:         ...,
 2:         [-9.7735e+02, -9.6715e+02, -1.4765e+03,  ..., -1.6235e+02,
 2:          -4.6107e+03, -6.2081e+03],
 2:         [-1.0942e+06, -1.0873e+06, -1.4221e+06,  ..., -2.8743e+04,
 2:          -4.9497e+06, -6.6545e+06],
 2:         [-7.2147e+05, -7.1109e+05, -9.2788e+05,  ..., -2.0909e+04,
 2:          -3.2241e+06, -4.3303e+06]], device='cuda:0',
 2:        grad_fn=<GCNFuncBackward>)
 2: None
11: rank: 11 median_run: 0
11: rank: 11 total_time: 239.4598662853241
11: rank: 11 comm_time: 0.0
11: rank: 11 comp_time: 0.0
11: rank: 11 scomp_time: 0.0
11: rank: 11 dcomp_time: 0.0
11: rank: 11 bcast_comm_time: 0.0
11: rank: 11 bcast_words: 363814547200
11: rank: 11 reduce_comm_time: 0.0
11: rank: 11 op_comm_time: 0.0
11: rank: 11 barrier_time: 96.00044584274292
11: rank: 11 tensor([[-1.7230e+04, -1.7112e+04, -2.2375e+04,  ..., -3.4738e+02,
11:          -7.8029e+04, -1.0516e+05],
11:         [-5.5452e+00, -5.5452e+00, -5.5452e+00,  ..., -5.5452e+00,
11:          -5.5452e+00, -5.5452e+00],
11:         [-3.1179e+04, -3.0966e+04, -3.9908e+04,  ..., -8.8531e+02,
11:          -1.3961e+05, -1.8702e+05],
11:         ...,
11:         [-1.4147e+06, -1.4055e+06, -1.8458e+06,  ..., -4.8177e+04,
11:          -6.3721e+06, -8.5834e+06],
11:         [-3.3232e+04, -3.2613e+04, -4.3041e+04,  ..., -6.5041e+02,
11:          -1.4830e+05, -1.9903e+05],
11:         [-6.4925e+05, -6.4294e+05, -8.3974e+05,  ..., -1.5626e+04,
11:          -2.9365e+06, -3.9523e+06]], device='cuda:0',
11:        grad_fn=<GCNFuncBackward>)
11: None
 3: rank: 3 median_run: 0
 3: rank: 3 total_time: 239.45992636680603
 3: rank: 3 comm_time: 0.0
 3: rank: 3 comp_time: 0.0
 3: rank: 3 scomp_time: 0.0
 3: rank: 3 dcomp_time: 0.0
 3: rank: 3 bcast_comm_time: 0.0
 3: rank: 3 bcast_words: 363814547200
 3: rank: 3 reduce_comm_time: 0.0
 3: rank: 3 op_comm_time: 0.0
 3: rank: 3 barrier_time: 95.70277500152588
 3: rank: 3 tensor([[-1.3894e+05, -1.3769e+05, -1.8097e+05,  ..., -4.5820e+03,
 3:          -6.2741e+05, -8.4271e+05],
 3:         [-2.1135e+01, -2.0798e+01, -2.4237e+01,  ..., -3.2719e+00,
 3:          -7.3862e+01, -1.0065e+02],
 3:         [-1.0897e+04, -1.0799e+04, -1.4625e+04,  ..., -7.9427e+02,
 3:          -4.8522e+04, -6.5679e+04],
 3:         ...,
 3:         [-5.5452e+00, -5.5452e+00, -5.5452e+00,  ..., -5.5452e+00,
 3:          -5.5452e+00, -5.5452e+00],
 3:         [-1.3155e+01, -1.3291e+01, -1.2830e+01,  ..., -5.6344e+00,
 3:          -3.8752e+01, -5.0798e+01],
 3:         [-2.5377e+03, -2.5289e+03, -3.2434e+03,  ..., -1.1521e+02,
 3:          -1.1243e+04, -1.5112e+04]], device='cuda:0',
 3:        grad_fn=<GCNFuncBackward>)
 3: None
 9: rank: 9 median_run: 0
 9: rank: 9 total_time: 239.45984411239624
 9: rank: 9 comm_time: 0.0
 9: rank: 9 comp_time: 0.0
 9: rank: 9 scomp_time: 0.0
 9: rank: 9 dcomp_time: 0.0
 9: rank: 9 bcast_comm_time: 0.0
 9: rank: 9 bcast_words: 363814547200
 9: rank: 9 reduce_comm_time: 0.0
 9: rank: 9 op_comm_time: 0.0
 9: rank: 9 barrier_time: 96.29005861282349
 9: rank: 9 tensor([[-9.4727e+05, -9.4032e+05, -1.2306e+06,  ..., -2.6279e+04,
 9:          -4.2740e+06, -5.7438e+06],
 9:         [-6.7039e+05, -6.6239e+05, -8.6330e+05,  ..., -2.2651e+04,
 9:          -2.9963e+06, -4.0326e+06],
 9:         [-1.9575e+03, -1.9989e+03, -2.5611e+03,  ..., -3.9303e+01,
 9:          -9.0403e+03, -1.2150e+04],
 9:         ...,
 9:         [-3.3285e+04, -3.2986e+04, -4.2520e+04,  ..., -1.1838e+03,
 9:          -1.4791e+05, -1.9836e+05],
 9:         [-1.8680e+06, -1.8464e+06, -2.4074e+06,  ..., -5.7436e+04,
 9:          -8.3589e+06, -1.1224e+07],
 9:         [-1.4896e+04, -1.4624e+04, -1.9759e+04,  ..., -4.5248e+02,
 9:          -6.7583e+04, -9.1181e+04]], device='cuda:0',
 9:        grad_fn=<GCNFuncBackward>)
 9: None
 5: rank: 5 median_run: 0
 5: rank: 5 total_time: 239.45994591712952
 5: rank: 5 comm_time: 0.0
 5: rank: 5 comp_time: 0.0
 5: rank: 5 scomp_time: 0.0
 5: rank: 5 dcomp_time: 0.0
 5: rank: 5 bcast_comm_time: 0.0
 5: rank: 5 bcast_words: 363814547200
 5: rank: 5 reduce_comm_time: 0.0
 5: rank: 5 op_comm_time: 0.0
 5: rank: 5 barrier_time: 96.40619540214539
 5: rank: 5 tensor([[-2.3420e+05, -2.3116e+05, -3.0429e+05,  ..., -4.9755e+03,
 5:          -1.0568e+06, -1.4209e+06],
 5:         [-6.5509e+04, -6.5197e+04, -8.4888e+04,  ..., -2.4462e+03,
 5:          -2.9150e+05, -3.9282e+05],
 5:         [-3.4933e+04, -3.4661e+04, -4.5107e+04,  ..., -1.1884e+03,
 5:          -1.5660e+05, -2.1061e+05],
 5:         ...,
 5:         [-5.5841e+05, -5.5253e+05, -7.2065e+05,  ..., -1.8758e+04,
 5:          -2.4990e+06, -3.3627e+06],
 5:         [-2.7298e+05, -2.7157e+05, -3.5401e+05,  ..., -8.2962e+03,
 5:          -1.2318e+06, -1.6523e+06],
 5:         [-6.4253e+04, -6.3818e+04, -8.2635e+04,  ..., -2.5101e+03,
 5:          -2.8674e+05, -3.8492e+05]], device='cuda:0',
 5:        grad_fn=<GCNFuncBackward>)
 5: None
13: rank: 13 median_run: 0
13: rank: 13 total_time: 239.45976734161377
13: rank: 13 comm_time: 0.0
13: rank: 13 comp_time: 0.0
13: rank: 13 scomp_time: 0.0
13: rank: 13 dcomp_time: 0.0
13: rank: 13 bcast_comm_time: 0.0
13: rank: 13 bcast_words: 363814547200
13: rank: 13 reduce_comm_time: 0.0
13: rank: 13 op_comm_time: 0.0
13: rank: 13 barrier_time: 96.15753126144409
13: rank: 13 tensor([[-5.7982e+03, -5.6331e+03, -7.2138e+03,  ..., -3.6537e+02,
13:          -2.5323e+04, -3.4185e+04],
13:         [-8.6756e+01, -8.4940e+01, -1.1104e+02,  ..., -5.8807e+00,
13:          -3.6903e+02, -5.0184e+02],
13:         [-4.3368e+01, -4.1856e+01, -5.4545e+01,  ..., -3.0637e+00,
13:          -1.8960e+02, -2.4931e+02],
13:         ...,
13:         [-1.0460e+05, -1.0361e+05, -1.3314e+05,  ..., -6.2969e+02,
13:          -4.6677e+05, -6.2912e+05],
13:         [-1.8287e+03, -1.7895e+03, -2.2910e+03,  ..., -8.4345e+01,
13:          -7.9426e+03, -1.0653e+04],
13:         [-1.8259e+06, -1.8039e+06, -2.3186e+06,  ..., -4.6674e+04,
13:          -8.0628e+06, -1.0835e+07]], device='cuda:0',
13:        grad_fn=<GCNFuncBackward>)
13: None
10: rank: 10 median_run: 0
10: rank: 10 total_time: 239.46010088920593
10: rank: 10 comm_time: 0.0
10: rank: 10 comp_time: 0.0
10: rank: 10 scomp_time: 0.0
10: rank: 10 dcomp_time: 0.0
10: rank: 10 bcast_comm_time: 0.0
10: rank: 10 bcast_words: 363814547200
10: rank: 10 reduce_comm_time: 0.0
10: rank: 10 op_comm_time: 0.0
10: rank: 10 barrier_time: 95.67519927024841
10: rank: 10 tensor([[-1.2504e+06, -1.2324e+06, -1.6088e+06,  ..., -3.9176e+04,
10:          -5.5502e+06, -7.4729e+06],
10:         [-4.5424e+05, -4.4971e+05, -5.8999e+05,  ..., -1.4284e+04,
10:          -2.0430e+06, -2.7494e+06],
10:         [-9.0404e+03, -8.8557e+03, -1.1823e+04,  ..., -1.8427e+02,
10:          -4.1050e+04, -5.5082e+04],
10:         ...,
10:         [-1.3697e+05, -1.3621e+05, -1.7994e+05,  ..., -3.7101e+03,
10:          -6.2782e+05, -8.4647e+05],
10:         [-2.2036e+06, -2.1854e+06, -2.8604e+06,  ..., -7.4952e+04,
10:          -9.8707e+06, -1.3280e+07],
10:         [-8.5184e+00, -9.5788e+00, -1.5383e+01,  ..., -5.7679e+00,
10:          -3.8383e+01, -5.3853e+01]], device='cuda:0',
10:        grad_fn=<GCNFuncBackward>)
10: None
 1: rank: 1 median_run: 0
 1: rank: 1 total_time: 239.46000814437866
 1: rank: 1 comm_time: 0.0
 1: rank: 1 comp_time: 0.0
 1: rank: 1 scomp_time: 0.0
 1: rank: 1 dcomp_time: 0.0
 1: rank: 1 bcast_comm_time: 0.0
 1: rank: 1 bcast_words: 363814547200
 1: rank: 1 reduce_comm_time: 0.0
 1: rank: 1 op_comm_time: 0.0
 1: rank: 1 barrier_time: 96.03917980194092
 1: rank: 1 tensor([[-6.6256e+05, -6.5733e+05, -8.5343e+05,  ..., -2.9195e+04,
 1:          -2.9540e+06, -3.9726e+06],
 1:         [-8.1438e+02, -8.1343e+02, -1.0780e+03,  ..., -8.4536e+01,
 1:          -3.5027e+03, -4.7925e+03],
 1:         [-2.5478e+06, -2.5215e+06, -3.3149e+06,  ..., -8.0646e+04,
 1:          -1.1434e+07, -1.5400e+07],
 1:         ...,
 1:         [-3.3145e+04, -3.2854e+04, -4.3417e+04,  ..., -9.3784e+02,
 1:          -1.5054e+05, -2.0225e+05],
 1:         [-3.4402e+03, -3.3818e+03, -4.3042e+03,  ..., -3.9805e+01,
 1:          -1.5181e+04, -2.0499e+04],
 1:         [-2.2067e+06, -2.1887e+06, -2.8550e+06,  ..., -5.3094e+04,
 1:          -9.9384e+06, -1.3376e+07]], device='cuda:0',
 1:        grad_fn=<GCNFuncBackward>)
 1: None
 8: rank: 8 median_run: 0
 8: rank: 8 total_time: 239.4598753452301
 8: rank: 8 comm_time: 0.0
 8: rank: 8 comp_time: 0.0
 8: rank: 8 scomp_time: 0.0
 8: rank: 8 dcomp_time: 0.0
 8: rank: 8 bcast_comm_time: 0.0
 8: rank: 8 bcast_words: 363814547200
 8: rank: 8 reduce_comm_time: 0.0
 8: rank: 8 op_comm_time: 0.0
 8: rank: 8 barrier_time: 96.42811465263367
 8: rank: 8 tensor([[-1.2069e+06, -1.1911e+06, -1.5651e+06,  ..., -3.7021e+04,
 8:          -5.3940e+06, -7.2542e+06],
 8:         [-5.4788e+06, -5.4124e+06, -7.0236e+06,  ..., -1.6206e+05,
 8:          -2.4461e+07, -3.2844e+07],
 8:         [-3.1036e+05, -3.0737e+05, -4.0155e+05,  ..., -1.0739e+04,
 8:          -1.3885e+06, -1.8667e+06],
 8:         ...,
 8:         [-2.7715e+04, -2.7484e+04, -3.5668e+04,  ..., -7.8578e+02,
 8:          -1.2436e+05, -1.6700e+05],
 8:         [-1.5703e+02, -1.5179e+02, -1.9765e+02,  ..., -2.4827e+01,
 8:          -6.3597e+02, -8.7195e+02],
 8:         [-3.1252e+04, -3.0678e+04, -3.9337e+04,  ..., -5.6609e+02,
 8:          -1.3678e+05, -1.8440e+05]], device='cuda:0',
 8:        grad_fn=<GCNFuncBackward>)
 8: None
14: rank: 14 median_run: 0
14: rank: 14 total_time: 239.45981001853943
14: rank: 14 comm_time: 0.0
14: rank: 14 comp_time: 0.0
14: rank: 14 scomp_time: 0.0
14: rank: 14 dcomp_time: 0.0
14: rank: 14 bcast_comm_time: 0.0
14: rank: 14 bcast_words: 363814547200
14: rank: 14 reduce_comm_time: 0.0
14: rank: 14 op_comm_time: 0.0
14: rank: 14 barrier_time: 95.63871932029724
14: rank: 14 tensor([[-1.4416e+04, -1.4345e+04, -1.9301e+04,  ..., -1.1017e+03,
14:          -6.3949e+04, -8.6007e+04],
14:         [-2.3552e+05, -2.3405e+05, -3.0605e+05,  ..., -8.3885e+03,
14:          -1.0573e+06, -1.4197e+06],
14:         [-1.1465e+01, -1.1070e+01, -1.6489e+01,  ..., -3.5537e+00,
14:          -4.3603e+01, -5.8277e+01],
14:         ...,
14:         [-9.5674e+02, -9.8820e+02, -1.3277e+03,  ..., -2.3779e+01,
14:          -4.5784e+03, -6.1169e+03],
14:         [-3.5013e+03, -3.4341e+03, -4.5667e+03,  ..., -1.7897e+02,
14:          -1.5995e+04, -2.1334e+04],
14:         [-8.7649e+02, -8.7238e+02, -1.1585e+03,  ..., -4.4613e+01,
14:          -3.8553e+03, -5.2511e+03]], device='cuda:0',
14:        grad_fn=<GCNFuncBackward>)
14: None
12: rank: 12 median_run: 0
12: rank: 12 total_time: 239.45979070663452
12: rank: 12 comm_time: 0.0
12: rank: 12 comp_time: 0.0
12: rank: 12 scomp_time: 0.0
12: rank: 12 dcomp_time: 0.0
12: rank: 12 bcast_comm_time: 0.0
12: rank: 12 bcast_words: 363814547200
12: rank: 12 reduce_comm_time: 0.0
12: rank: 12 op_comm_time: 0.0
12: rank: 12 barrier_time: 95.99992227554321
12: rank: 12 tensor([[-5.3905e+06, -5.3461e+06, -6.9692e+06,  ..., -1.6606e+05,
12:          -2.4145e+07, -3.2487e+07],
12:         [-1.0124e+01, -1.0314e+01, -1.2167e+01,  ..., -4.1101e+00,
12:          -3.6691e+01, -4.9382e+01],
12:         [-1.1750e+02, -1.1595e+02, -1.5645e+02,  ..., -1.0597e+01,
12:          -5.0002e+02, -6.6790e+02],
12:         ...,
12:         [-6.1441e+04, -6.0078e+04, -7.8785e+04,  ..., -1.3640e+03,
12:          -2.7283e+05, -3.6496e+05],
12:         [-3.3227e+04, -3.2774e+04, -4.2853e+04,  ..., -1.5416e+03,
12:          -1.4920e+05, -2.0119e+05],
12:         [-5.5452e+00, -5.5452e+00, -5.5452e+00,  ..., -5.5452e+00,
12:          -5.5452e+00, -5.5452e+00]], device='cuda:0',
12:        grad_fn=<GCNFuncBackward>)
12: None
15: rank: 15 median_run: 0
15: rank: 15 total_time: 239.4597806930542
15: rank: 15 comm_time: 0.0
15: rank: 15 comp_time: 0.0
15: rank: 15 scomp_time: 0.0
15: rank: 15 dcomp_time: 0.0
15: rank: 15 bcast_comm_time: 0.0
15: rank: 15 bcast_words: 363814547200
15: rank: 15 reduce_comm_time: 0.0
15: rank: 15 op_comm_time: 0.0
15: rank: 15 barrier_time: 96.48212885856628
15: rank: 15 tensor([[-7.9233e+03, -8.0182e+03, -1.0257e+04,  ..., -3.6671e+02,
15:          -3.4966e+04, -4.7407e+04],
15:         [-9.5025e+03, -9.4696e+03, -1.2729e+04,  ..., -2.5145e+02,
15:          -4.3725e+04, -5.8894e+04],
15:         [-9.7725e+00, -1.0733e+01, -1.3100e+01,  ..., -3.9433e+00,
15:          -3.6119e+01, -4.7658e+01],
15:         ...,
15:         [-8.0468e+04, -8.0276e+04, -1.0342e+05,  ..., -2.1293e+03,
15:          -3.6229e+05, -4.8431e+05],
15:         [-2.4193e+06, -2.3957e+06, -3.1377e+06,  ..., -7.6020e+04,
15:          -1.0868e+07, -1.4620e+07],
15:         [-5.9959e+05, -5.9462e+05, -7.8035e+05,  ..., -2.2840e+04,
15:          -2.6838e+06, -3.6132e+06]], device='cuda:0',
15:        grad_fn=<GCNFuncBackward>)
15: None
 6: rank: 6 median_run: 0
 6: rank: 6 total_time: 239.45989084243774
 6: rank: 6 comm_time: 0.0
 6: rank: 6 comp_time: 0.0
 6: rank: 6 scomp_time: 0.0
 6: rank: 6 dcomp_time: 0.0
 6: rank: 6 bcast_comm_time: 0.0
 6: rank: 6 bcast_words: 363814547200
 6: rank: 6 reduce_comm_time: 0.0
 6: rank: 6 op_comm_time: 0.0
 6: rank: 6 barrier_time: 96.40031886100769
 6: rank: 6 tensor([[-5.5452e+00, -5.5452e+00, -5.5452e+00,  ..., -5.5452e+00,
 6:          -5.5452e+00, -5.5452e+00],
 6:         [-4.7050e+03, -4.6435e+03, -6.0162e+03,  ..., -1.5992e+02,
 6:          -2.0915e+04, -2.7990e+04],
 6:         [-5.6259e+06, -5.5653e+06, -7.2306e+06,  ..., -1.9264e+05,
 6:          -2.5016e+07, -3.3635e+07],
 6:         ...,
 6:         [-1.8780e+05, -1.8611e+05, -2.4322e+05,  ..., -5.4121e+03,
 6:          -8.4290e+05, -1.1338e+06],
 6:         [-4.3001e+02, -4.2496e+02, -5.3836e+02,  ..., -6.9190e+01,
 6:          -1.8338e+03, -2.4978e+03],
 6:         [-1.4727e+06, -1.4572e+06, -1.9015e+06,  ..., -3.7858e+04,
 6:          -6.5967e+06, -8.8790e+06]], device='cuda:0',
 6:        grad_fn=<GCNFuncBackward>)
 6: None
 7: rank: 7 median_run: 0
 7: rank: 7 total_time: 239.45987224578857
 7: rank: 7 comm_time: 0.0
 7: rank: 7 comp_time: 0.0
 7: rank: 7 scomp_time: 0.0
 7: rank: 7 dcomp_time: 0.0
 7: rank: 7 bcast_comm_time: 0.0
 7: rank: 7 bcast_words: 363814547200
 7: rank: 7 reduce_comm_time: 0.0
 7: rank: 7 op_comm_time: 0.0
 7: rank: 7 barrier_time: 96.23140907287598
 7: rank: 7 tensor([[-3.8293e+04, -3.8154e+04, -5.0367e+04,  ..., -1.2214e+03,
 7:          -1.7465e+05, -2.3450e+05],
 7:         [-5.8670e+04, -5.8289e+04, -7.4981e+04,  ..., -2.4801e+03,
 7:          -2.6132e+05, -3.5095e+05],
 7:         [-1.4369e+03, -1.4194e+03, -1.9668e+03,  ..., -8.0103e+01,
 7:          -6.7055e+03, -8.9948e+03],
 7:         ...,
 7:         [-6.2376e+05, -6.1696e+05, -8.0510e+05,  ..., -1.7766e+04,
 7:          -2.7897e+06, -3.7529e+06],
 7:         [-5.5452e+00, -5.5452e+00, -5.5452e+00,  ..., -5.5452e+00,
 7:          -5.5452e+00, -5.5452e+00],
 7:         [-5.5452e+00, -5.5452e+00, -5.5452e+00,  ..., -5.5452e+00,
 7:          -5.5452e+00, -5.5452e+00]], device='cuda:0',
 7:        grad_fn=<GCNFuncBackward>)
 7: None
 4: rank: 4 median_run: 0
 4: rank: 4 total_time: 239.46001410484314
 4: rank: 4 comm_time: 0.0
 4: rank: 4 comp_time: 0.0
 4: rank: 4 scomp_time: 0.0
 4: rank: 4 dcomp_time: 0.0
 4: rank: 4 bcast_comm_time: 0.0
 4: rank: 4 bcast_words: 363814547200
 4: rank: 4 reduce_comm_time: 0.0
 4: rank: 4 op_comm_time: 0.0
 4: rank: 4 barrier_time: 96.32005429267883
 4: rank: 4 tensor([[-3.9217e+04, -3.8908e+04, -5.1801e+04,  ..., -1.7854e+03,
 4:          -1.7655e+05, -2.3734e+05],
 4:         [-1.4678e+06, -1.4551e+06, -1.9103e+06,  ..., -4.3442e+04,
 4:          -6.6143e+06, -8.9050e+06],
 4:         [-4.7873e+02, -4.7578e+02, -6.1688e+02,  ..., -1.3344e+01,
 4:          -2.1194e+03, -2.8540e+03],
 4:         ...,
 4:         [-4.6254e+05, -4.5957e+05, -5.9760e+05,  ..., -1.9928e+04,
 4:          -2.0705e+06, -2.7845e+06],
 4:         [-1.0971e+03, -1.0658e+03, -1.2947e+03,  ..., -8.8348e+01,
 4:          -4.5397e+03, -6.0346e+03],
 4:         [-5.5452e+00, -5.5452e+00, -5.5452e+00,  ..., -5.5452e+00,
 4:          -5.5452e+00, -5.5452e+00]], device='cuda:0',
 4:        grad_fn=<GCNFuncBackward>)
 4: None
