3: Namespace(local_rank=None, accperrank=1, epochs=100, graphname='Cora', timing='False', midlayer=16, runcount=1, replication=1, normalization=None, activations='True', accuracy=None, download=None)
3: Arguments: epochs: 100 graph: Cora timing: False mid: 16 norm: False act: True acc: False runs: 1 rep: 1
3: nid001341
3: before process_group
2: Namespace(local_rank=None, accperrank=1, epochs=100, graphname='Cora', timing='False', midlayer=16, runcount=1, replication=1, normalization=None, activations='True', accuracy=None, download=None)
2: Arguments: epochs: 100 graph: Cora timing: False mid: 16 norm: False act: True acc: False runs: 1 rep: 1
2: nid001341
2: before process_group
1: Namespace(local_rank=None, accperrank=1, epochs=100, graphname='Cora', timing='False', midlayer=16, runcount=1, replication=1, normalization=None, activations='True', accuracy=None, download=None)
1: Arguments: epochs: 100 graph: Cora timing: False mid: 16 norm: False act: True acc: False runs: 1 rep: 1
1: nid001341
1: before process_group
0: Namespace(local_rank=None, accperrank=1, epochs=100, graphname='Cora', timing='False', midlayer=16, runcount=1, replication=1, normalization=None, activations='True', accuracy=None, download=None)
0: Arguments: epochs: 100 graph: Cora timing: False mid: 16 norm: False act: True acc: False runs: 1 rep: 1
0: nid001341
0: before process_group
0: after process_group
0: Processes: 4
2: after process_group
2: Processes: 4
1: after process_group
1: Processes: 4
3: after process_group
3: Processes: 4
3: rank: 3 adj_matrix_loc.size: torch.Size([2708, 677])
3: rank: 3 inputs_loc.size: torch.Size([677, 1433])
0: rank: 0 adj_matrix_loc.size: torch.Size([2708, 677])
0: rank: 0 inputs_loc.size: torch.Size([677, 1433])
2: rank: 2 adj_matrix_loc.size: torch.Size([2708, 677])
2: rank: 2 inputs_loc.size: torch.Size([677, 1433])
1: rank: 1 adj_matrix_loc.size: torch.Size([2708, 677])
1: rank: 1 inputs_loc.size: torch.Size([677, 1433])
0: Starting training... rank 0 run 0
1: Starting training... rank 1 run 0
2: Starting training... rank 2 run 0
3: Starting training... rank 3 run 0
2: Epoch: 001
0: Epoch: 001
1: Epoch: 001
3: Epoch: 001
3: Epoch: 002
0: Epoch: 002
1: Epoch: 002
2: Epoch: 002
3: Epoch: 003
1: Epoch: 003
0: Epoch: 003
2: Epoch: 003
3: Epoch: 004
1: Epoch: 004
0: Epoch: 004
2: Epoch: 004
3: Epoch: 005
0: Epoch: 005
2: Epoch: 005
1: Epoch: 005
3: Epoch: 006
1: Epoch: 006
2: Epoch: 006
0: Epoch: 006
3: Epoch: 007
1: Epoch: 007
0: Epoch: 007
2: Epoch: 007
3: Epoch: 008
1: Epoch: 008
0: Epoch: 008
2: Epoch: 008
0: Epoch: 009
2: Epoch: 009
1: Epoch: 009
3: Epoch: 009
3: Epoch: 010
0: Epoch: 010
1: Epoch: 010
2: Epoch: 010
1: Epoch: 011
3: Epoch: 011
0: Epoch: 011
2: Epoch: 011
3: Epoch: 012
1: Epoch: 012
2: Epoch: 012
0: Epoch: 012
3: Epoch: 013
1: Epoch: 013
2: Epoch: 013
0: Epoch: 013
3: Epoch: 014
0: Epoch: 014
2: Epoch: 014
1: Epoch: 014
3: Epoch: 015
1: Epoch: 015
0: Epoch: 015
2: Epoch: 015
3: Epoch: 016
0: Epoch: 016
1: Epoch: 016
2: Epoch: 016
3: Epoch: 017
1: Epoch: 017
0: Epoch: 017
2: Epoch: 017
3: Epoch: 018
1: Epoch: 018
0: Epoch: 018
2: Epoch: 018
2: Epoch: 019
0: Epoch: 019
1: Epoch: 019
3: Epoch: 019
3: Epoch: 020
0: Epoch: 020
2: Epoch: 020
1: Epoch: 020
3: Epoch: 021
1: Epoch: 021
0: Epoch: 021
2: Epoch: 021
3: Epoch: 022
0: Epoch: 022
1: Epoch: 022
2: Epoch: 022
3: Epoch: 023
0: Epoch: 023
1: Epoch: 023
2: Epoch: 023
3: Epoch: 024
2: Epoch: 024
0: Epoch: 024
1: Epoch: 024
0: Epoch: 025
1: Epoch: 025
2: Epoch: 025
3: Epoch: 025
3: Epoch: 026
1: Epoch: 026
0: Epoch: 026
2: Epoch: 026
3: Epoch: 027
1: Epoch: 027
0: Epoch: 027
2: Epoch: 027
0: Epoch: 028
3: Epoch: 028
1: Epoch: 028
2: Epoch: 028
0: Epoch: 029
1: Epoch: 029
3: Epoch: 029
2: Epoch: 029
3: Epoch: 030
1: Epoch: 030
0: Epoch: 030
2: Epoch: 030
2: Epoch: 031
3: Epoch: 031
1: Epoch: 031
0: Epoch: 031
3: Epoch: 032
0: Epoch: 032
2: Epoch: 032
1: Epoch: 032
1: Epoch: 033
3: Epoch: 033
0: Epoch: 033
2: Epoch: 033
3: Epoch: 034
1: Epoch: 034
2: Epoch: 034
0: Epoch: 034
3: Epoch: 035
1: Epoch: 035
2: Epoch: 035
0: Epoch: 035
3: Epoch: 036
0: Epoch: 036
2: Epoch: 036
1: Epoch: 036
3: Epoch: 037
1: Epoch: 037
0: Epoch: 037
2: Epoch: 037
3: Epoch: 038
1: Epoch: 038
2: Epoch: 038
0: Epoch: 038
0: Epoch: 039
3: Epoch: 039
1: Epoch: 039
2: Epoch: 039
2: Epoch: 040
3: Epoch: 040
0: Epoch: 040
1: Epoch: 040
1: Epoch: 041
2: Epoch: 041
3: Epoch: 041
0: Epoch: 041
0: Epoch: 042
1: Epoch: 042
2: Epoch: 042
3: Epoch: 042
3: Epoch: 043
1: Epoch: 043
0: Epoch: 043
2: Epoch: 043
3: Epoch: 044
0: Epoch: 044
1: Epoch: 044
2: Epoch: 044
1: Epoch: 045
2: Epoch: 045
3: Epoch: 045
0: Epoch: 045
3: Epoch: 046
0: Epoch: 046
2: Epoch: 046
1: Epoch: 046
0: Epoch: 047
1: Epoch: 047
2: Epoch: 047
3: Epoch: 047
3: Epoch: 048
1: Epoch: 048
0: Epoch: 048
2: Epoch: 048
2: Epoch: 049
3: Epoch: 049
1: Epoch: 049
0: Epoch: 049
3: Epoch: 050
0: Epoch: 050
2: Epoch: 050
1: Epoch: 050
3: Epoch: 051
1: Epoch: 051
0: Epoch: 051
2: Epoch: 051
3: Epoch: 052
0: Epoch: 052
1: Epoch: 052
2: Epoch: 052
3: Epoch: 053
1: Epoch: 053
0: Epoch: 053
2: Epoch: 053
2: Epoch: 054
3: Epoch: 054
1: Epoch: 054
0: Epoch: 054
2: Epoch: 055
0: Epoch: 055
1: Epoch: 055
3: Epoch: 055
0: Epoch: 056
3: Epoch: 056
2: Epoch: 056
1: Epoch: 056
3: Epoch: 057
0: Epoch: 057
1: Epoch: 057
2: Epoch: 057
3: Epoch: 058
0: Epoch: 058
1: Epoch: 058
2: Epoch: 058
3: Epoch: 059
0: Epoch: 059
2: Epoch: 059
1: Epoch: 059
3: Epoch: 060
0: Epoch: 060
1: Epoch: 060
2: Epoch: 060
0: Epoch: 061
3: Epoch: 061
1: Epoch: 061
2: Epoch: 061
3: Epoch: 062
0: Epoch: 062
1: Epoch: 062
2: Epoch: 062
3: Epoch: 063
1: Epoch: 063
2: Epoch: 063
0: Epoch: 063
2: Epoch: 064
0: Epoch: 064
1: Epoch: 064
3: Epoch: 064
3: Epoch: 065
1: Epoch: 065
0: Epoch: 065
2: Epoch: 065
3: Epoch: 066
1: Epoch: 066
2: Epoch: 066
0: Epoch: 066
0: Epoch: 067
1: Epoch: 067
2: Epoch: 067
3: Epoch: 067
2: Epoch: 068
3: Epoch: 068
1: Epoch: 068
0: Epoch: 068
0: Epoch: 069
1: Epoch: 069
2: Epoch: 069
3: Epoch: 069
0: Epoch: 070
1: Epoch: 070
2: Epoch: 070
3: Epoch: 070
0: Epoch: 071
1: Epoch: 071
2: Epoch: 071
3: Epoch: 071
3: Epoch: 072
1: Epoch: 072
0: Epoch: 072
2: Epoch: 072
0: Epoch: 073
1: Epoch: 073
2: Epoch: 073
3: Epoch: 073
0: Epoch: 074
1: Epoch: 074
2: Epoch: 074
3: Epoch: 074
0: Epoch: 075
1: Epoch: 075
2: Epoch: 075
3: Epoch: 075
3: Epoch: 076
1: Epoch: 076
2: Epoch: 076
0: Epoch: 076
3: Epoch: 077
1: Epoch: 077
2: Epoch: 077
0: Epoch: 077
0: Epoch: 078
1: Epoch: 078
2: Epoch: 078
3: Epoch: 078
0: Epoch: 079
1: Epoch: 079
2: Epoch: 079
3: Epoch: 079
1: Epoch: 080
3: Epoch: 080
2: Epoch: 080
0: Epoch: 080
0: Epoch: 081
3: Epoch: 081
1: Epoch: 081
2: Epoch: 081
1: Epoch: 082
2: Epoch: 082
3: Epoch: 082
0: Epoch: 082
2: Epoch: 083
3: Epoch: 083
1: Epoch: 083
0: Epoch: 083
3: Epoch: 084
1: Epoch: 084
2: Epoch: 084
0: Epoch: 084
1: Epoch: 085
3: Epoch: 085
0: Epoch: 085
2: Epoch: 085
3: Epoch: 086
1: Epoch: 086
2: Epoch: 086
0: Epoch: 086
3: Epoch: 087
0: Epoch: 087
2: Epoch: 087
1: Epoch: 087
2: Epoch: 088
3: Epoch: 088
1: Epoch: 088
0: Epoch: 088
2: Epoch: 089
3: Epoch: 089
0: Epoch: 089
1: Epoch: 089
0: Epoch: 090
3: Epoch: 090
1: Epoch: 090
2: Epoch: 090
0: Epoch: 091
1: Epoch: 091
2: Epoch: 091
3: Epoch: 091
3: Epoch: 092
1: Epoch: 092
2: Epoch: 092
0: Epoch: 092
3: Epoch: 093
0: Epoch: 093
2: Epoch: 093
1: Epoch: 093
2: Epoch: 094
0: Epoch: 094
1: Epoch: 094
3: Epoch: 094
0: Epoch: 095
1: Epoch: 095
2: Epoch: 095
3: Epoch: 095
3: Epoch: 096
0: Epoch: 096
1: Epoch: 096
2: Epoch: 096
3: Epoch: 097
2: Epoch: 097
0: Epoch: 097
1: Epoch: 097
3: Epoch: 098
1: Epoch: 098
2: Epoch: 098
0: Epoch: 098
0: Epoch: 099
3: Epoch: 099
2: Epoch: 099
1: Epoch: 099
0: total_times_r0: [0.8779489994049072]
0: rank: 0 median_run: 0
0: rank: 0 total_time: 0.8779489994049072
0: rank: 0 comm_time: 0.0
0: rank: 0 comp_time: 0.0
0: rank: 0 scomp_time: 0.0
0: rank: 0 dcomp_time: 0.0
0: rank: 0 bcast_comm_time: 0.0
0: rank: 0 bcast_words: 398617600
0: rank: 0 reduce_comm_time: 0.0
0: rank: 0 op_comm_time: 0.0
0: rank: 0 barrier_time: 0.0
0: rank: 0 tensor([[-4.1187, -2.3163, -3.5180,  ..., -3.2232, -3.2220, -4.1301],
0:         [-2.4260, -2.0505, -1.7781,  ..., -1.0864, -2.7801, -2.5550],
0:         [-9.8238, -4.4146, -1.5482,  ..., -0.3035, -7.7192, -7.6337],
0:         ...,
0:         [-1.8921, -2.2003, -2.0786,  ..., -1.2964, -2.4193, -2.3945],
0:         [-0.4091, -4.1898, -4.1376,  ..., -1.9728, -2.7862, -2.4551],
0:         [-3.6090, -5.7059, -5.0876,  ..., -5.6030, -0.0586, -5.2204]],
0:        device='cuda:0', grad_fn=<GCNFuncBackward>)
0: None
3: rank: 3 median_run: 0
3: rank: 3 total_time: 0.8779387474060059
3: rank: 3 comm_time: 0.0
3: rank: 3 comp_time: 0.0
3: rank: 3 scomp_time: 0.0
3: rank: 3 dcomp_time: 0.0
3: rank: 3 bcast_comm_time: 0.0
3: rank: 3 bcast_words: 398617600
3: rank: 3 reduce_comm_time: 0.0
3: rank: 3 op_comm_time: 0.0
3: rank: 3 barrier_time: 0.0
3: rank: 3 tensor([[ -2.3039,  -2.3451,  -1.7678,  ...,  -2.1165,  -2.0205,  -1.7723],
3:         [ -2.1204,  -1.8129,  -1.9497,  ...,  -1.2865,  -2.4956,  -2.8416],
3:         [ -2.8296,  -2.6539,  -3.1774,  ...,  -0.8486,  -3.5391,  -5.0244],
3:         ...,
3:         [ -2.0318,  -1.8397,  -2.0865,  ...,  -2.0306,  -1.8215,  -1.9873],
3:         [ -3.2743,  -2.0413,  -2.5749,  ...,  -1.7919,  -3.1850,  -2.9324],
3:         [-10.7576,  -6.2074,  -9.2006,  ...,  -8.4775,  -6.5680,  -9.9880]],
3:        device='cuda:0', grad_fn=<GCNFuncBackward>)
3: None
1: rank: 1 median_run: 0
1: rank: 1 total_time: 0.8781857490539551
1: rank: 1 comm_time: 0.0
1: rank: 1 comp_time: 0.0
1: rank: 1 scomp_time: 0.0
1: rank: 1 dcomp_time: 0.0
1: rank: 1 bcast_comm_time: 0.0
1: rank: 1 bcast_words: 398617600
1: rank: 1 reduce_comm_time: 0.0
1: rank: 1 op_comm_time: 0.0
1: rank: 1 barrier_time: 0.0
1: rank: 1 tensor([[-1.8880, -1.9778, -2.0639,  ..., -1.7968, -2.0731, -1.9425],
1:         [-1.7731, -2.9758, -4.7547,  ..., -1.5009, -2.4850, -4.1276],
1:         [-1.5485, -2.1226, -2.4644,  ..., -2.2438, -1.8008, -2.0004],
1:         ...,
1:         [-3.3400, -9.3303, -8.5758,  ..., -7.2679, -4.9590, -0.0450],
1:         [-2.1935, -2.0453, -2.2676,  ..., -2.4178, -1.9624, -1.4731],
1:         [-2.8636, -3.8588, -4.3093,  ..., -4.1520, -0.2164, -3.3316]],
1:        device='cuda:0', grad_fn=<GCNFuncBackward>)
1: None
2: rank: 2 median_run: 0
2: rank: 2 total_time: 0.878065824508667
2: rank: 2 comm_time: 0.0
2: rank: 2 comp_time: 0.0
2: rank: 2 scomp_time: 0.0
2: rank: 2 dcomp_time: 0.0
2: rank: 2 bcast_comm_time: 0.0
2: rank: 2 bcast_words: 398617600
2: rank: 2 reduce_comm_time: 0.0
2: rank: 2 op_comm_time: 0.0
2: rank: 2 barrier_time: 0.0
2: rank: 2 tensor([[-5.4429, -7.7593, -7.9840,  ..., -8.3179, -0.0098, -6.7963],
2:         [-3.6997, -2.4878, -2.3285,  ..., -2.7271, -1.8025, -2.4666],
2:         [-2.1347, -1.8788, -2.0606,  ..., -2.0433, -1.9021, -2.0396],
2:         ...,
2:         [-1.7078, -1.9821, -2.8253,  ..., -2.6565, -1.5150, -1.9094],
2:         [-3.9330, -5.3270, -6.2608,  ..., -5.6313, -0.0532, -5.9433],
2:         [-2.9509, -4.3189, -3.5607,  ..., -3.5839, -2.0648, -0.4526]],
2:        device='cuda:0', grad_fn=<GCNFuncBackward>)
2: None
