2: Namespace(local_rank=None, accperrank=1, epochs=100, graphname='Cora', timing='False', midlayer=16, runcount=1, replication=2, normalization=None, activations='True', accuracy=None, download=None)
2: Arguments: epochs: 100 graph: Cora timing: False mid: 16 norm: False act: True acc: False runs: 1 rep: 2
2: nid001341
2: before process_group
1: Namespace(local_rank=None, accperrank=1, epochs=100, graphname='Cora', timing='False', midlayer=16, runcount=1, replication=2, normalization=None, activations='True', accuracy=None, download=None)
1: Arguments: epochs: 100 graph: Cora timing: False mid: 16 norm: False act: True acc: False runs: 1 rep: 2
1: nid001341
1: before process_group
0: Namespace(local_rank=None, accperrank=1, epochs=100, graphname='Cora', timing='False', midlayer=16, runcount=1, replication=2, normalization=None, activations='True', accuracy=None, download=None)
0: Arguments: epochs: 100 graph: Cora timing: False mid: 16 norm: False act: True acc: False runs: 1 rep: 2
0: nid001341
0: before process_group
3: Namespace(local_rank=None, accperrank=1, epochs=100, graphname='Cora', timing='False', midlayer=16, runcount=1, replication=2, normalization=None, activations='True', accuracy=None, download=None)
3: Arguments: epochs: 100 graph: Cora timing: False mid: 16 norm: False act: True acc: False runs: 1 rep: 2
3: nid001341
3: before process_group
0: after process_group
0: Processes: 4
1: after process_group
1: Processes: 4
2: after process_group
2: Processes: 4
3: after process_group
3: Processes: 4
2: rank: 2 adj_matrix_loc.size: torch.Size([2708, 1354])
2: rank: 2 inputs_loc.size: torch.Size([1354, 1433])
3: rank: 3 adj_matrix_loc.size: torch.Size([2708, 1354])
3: rank: 3 inputs_loc.size: torch.Size([1354, 1433])
1: rank: 1 adj_matrix_loc.size: torch.Size([2708, 1354])
1: rank: 1 inputs_loc.size: torch.Size([1354, 1433])
0: rank: 0 adj_matrix_loc.size: torch.Size([2708, 1354])
0: rank: 0 inputs_loc.size: torch.Size([1354, 1433])
0: Starting training... rank 0 run 0
1: Starting training... rank 1 run 0
2: Starting training... rank 2 run 0
3: Starting training... rank 3 run 0
0: Epoch: 001
3: Epoch: 001
2: Epoch: 001
1: Epoch: 001
3: Epoch: 002
0: Epoch: 002
1: Epoch: 002
2: Epoch: 002
0: Epoch: 003
2: Epoch: 003
3: Epoch: 003
1: Epoch: 003
3: Epoch: 004
0: Epoch: 004
2: Epoch: 004
1: Epoch: 004
3: Epoch: 005
0: Epoch: 005
2: Epoch: 005
1: Epoch: 005
3: Epoch: 006
0: Epoch: 006
2: Epoch: 006
1: Epoch: 006
2: Epoch: 007
0: Epoch: 007
3: Epoch: 007
1: Epoch: 007
3: Epoch: 008
2: Epoch: 008
0: Epoch: 008
1: Epoch: 008
2: Epoch: 009
3: Epoch: 009
0: Epoch: 009
1: Epoch: 009
0: Epoch: 010
2: Epoch: 010
3: Epoch: 010
1: Epoch: 010
0: Epoch: 011
2: Epoch: 011
3: Epoch: 011
1: Epoch: 011
3: Epoch: 012
2: Epoch: 012
0: Epoch: 012
1: Epoch: 012
3: Epoch: 013
2: Epoch: 013
0: Epoch: 013
1: Epoch: 013
0: Epoch: 014
2: Epoch: 014
3: Epoch: 014
1: Epoch: 014
0: Epoch: 015
2: Epoch: 015
3: Epoch: 015
1: Epoch: 015
3: Epoch: 016
2: Epoch: 016
0: Epoch: 016
1: Epoch: 016
2: Epoch: 017
0: Epoch: 017
3: Epoch: 017
1: Epoch: 017
0: Epoch: 018
2: Epoch: 018
3: Epoch: 018
1: Epoch: 018
0: Epoch: 019
2: Epoch: 019
3: Epoch: 019
1: Epoch: 019
0: Epoch: 020
2: Epoch: 020
3: Epoch: 020
1: Epoch: 020
2: Epoch: 021
3: Epoch: 021
0: Epoch: 021
1: Epoch: 021
0: Epoch: 022
2: Epoch: 022
3: Epoch: 022
1: Epoch: 022
3: Epoch: 023
2: Epoch: 023
0: Epoch: 023
1: Epoch: 023
3: Epoch: 024
2: Epoch: 024
0: Epoch: 024
1: Epoch: 024
3: Epoch: 025
2: Epoch: 025
0: Epoch: 025
1: Epoch: 025
0: Epoch: 026
2: Epoch: 026
3: Epoch: 026
1: Epoch: 026
3: Epoch: 027
2: Epoch: 027
0: Epoch: 027
1: Epoch: 027
3: Epoch: 028
2: Epoch: 028
0: Epoch: 028
1: Epoch: 028
0: Epoch: 029
2: Epoch: 029
3: Epoch: 029
1: Epoch: 029
3: Epoch: 030
2: Epoch: 030
0: Epoch: 030
1: Epoch: 030
0: Epoch: 031
2: Epoch: 031
3: Epoch: 031
1: Epoch: 031
3: Epoch: 032
2: Epoch: 032
0: Epoch: 032
1: Epoch: 032
0: Epoch: 033
2: Epoch: 033
3: Epoch: 033
1: Epoch: 033
0: Epoch: 034
2: Epoch: 034
3: Epoch: 034
1: Epoch: 034
0: Epoch: 035
2: Epoch: 035
3: Epoch: 035
1: Epoch: 035
3: Epoch: 036
2: Epoch: 036
0: Epoch: 036
1: Epoch: 036
0: Epoch: 037
2: Epoch: 037
3: Epoch: 037
1: Epoch: 037
0: Epoch: 038
2: Epoch: 038
3: Epoch: 038
1: Epoch: 038
0: Epoch: 039
2: Epoch: 039
3: Epoch: 039
1: Epoch: 039
0: Epoch: 040
2: Epoch: 040
3: Epoch: 040
1: Epoch: 040
0: Epoch: 041
2: Epoch: 041
3: Epoch: 041
1: Epoch: 041
2: Epoch: 042
3: Epoch: 042
0: Epoch: 042
1: Epoch: 042
2: Epoch: 043
3: Epoch: 043
0: Epoch: 043
1: Epoch: 043
0: Epoch: 044
2: Epoch: 044
3: Epoch: 044
1: Epoch: 044
2: Epoch: 045
3: Epoch: 045
0: Epoch: 045
1: Epoch: 045
2: Epoch: 046
3: Epoch: 046
0: Epoch: 046
1: Epoch: 046
2: Epoch: 047
3: Epoch: 047
0: Epoch: 047
1: Epoch: 047
0: Epoch: 048
2: Epoch: 048
3: Epoch: 048
1: Epoch: 048
3: Epoch: 049
2: Epoch: 049
0: Epoch: 049
1: Epoch: 049
3: Epoch: 050
2: Epoch: 050
0: Epoch: 050
1: Epoch: 050
3: Epoch: 051
2: Epoch: 051
0: Epoch: 051
1: Epoch: 051
3: Epoch: 052
2: Epoch: 052
0: Epoch: 052
1: Epoch: 052
0: Epoch: 053
2: Epoch: 053
3: Epoch: 053
1: Epoch: 053
0: Epoch: 054
2: Epoch: 054
3: Epoch: 054
1: Epoch: 054
0: Epoch: 055
2: Epoch: 055
3: Epoch: 055
1: Epoch: 055
3: Epoch: 056
2: Epoch: 056
0: Epoch: 056
1: Epoch: 056
0: Epoch: 057
2: Epoch: 057
3: Epoch: 057
1: Epoch: 057
0: Epoch: 058
2: Epoch: 058
3: Epoch: 058
1: Epoch: 058
3: Epoch: 059
2: Epoch: 059
0: Epoch: 059
1: Epoch: 059
3: Epoch: 060
2: Epoch: 060
0: Epoch: 060
1: Epoch: 060
3: Epoch: 061
2: Epoch: 061
0: Epoch: 061
1: Epoch: 061
3: Epoch: 062
2: Epoch: 062
0: Epoch: 062
1: Epoch: 062
3: Epoch: 063
2: Epoch: 063
0: Epoch: 063
1: Epoch: 063
3: Epoch: 064
2: Epoch: 064
0: Epoch: 064
1: Epoch: 064
0: Epoch: 065
2: Epoch: 065
3: Epoch: 065
1: Epoch: 065
0: Epoch: 066
2: Epoch: 066
3: Epoch: 066
1: Epoch: 066
2: Epoch: 067
0: Epoch: 067
3: Epoch: 067
1: Epoch: 067
3: Epoch: 068
2: Epoch: 068
0: Epoch: 068
1: Epoch: 068
0: Epoch: 069
2: Epoch: 069
3: Epoch: 069
1: Epoch: 069
0: Epoch: 070
2: Epoch: 070
3: Epoch: 070
1: Epoch: 070
3: Epoch: 071
2: Epoch: 071
0: Epoch: 071
1: Epoch: 071
3: Epoch: 072
2: Epoch: 072
0: Epoch: 072
1: Epoch: 072
2: Epoch: 073
3: Epoch: 073
0: Epoch: 073
1: Epoch: 073
3: Epoch: 074
2: Epoch: 074
0: Epoch: 074
1: Epoch: 074
3: Epoch: 075
2: Epoch: 075
0: Epoch: 075
1: Epoch: 075
3: Epoch: 076
2: Epoch: 076
0: Epoch: 076
1: Epoch: 076
3: Epoch: 077
2: Epoch: 077
0: Epoch: 077
1: Epoch: 077
3: Epoch: 078
2: Epoch: 078
0: Epoch: 078
1: Epoch: 078
3: Epoch: 079
1: Epoch: 079
2: Epoch: 079
0: Epoch: 079
3: Epoch: 080
2: Epoch: 080
0: Epoch: 080
1: Epoch: 080
3: Epoch: 081
2: Epoch: 081
0: Epoch: 081
1: Epoch: 081
3: Epoch: 082
2: Epoch: 082
0: Epoch: 082
1: Epoch: 082
3: Epoch: 083
2: Epoch: 083
0: Epoch: 083
1: Epoch: 083
3: Epoch: 084
2: Epoch: 084
0: Epoch: 084
1: Epoch: 084
3: Epoch: 085
2: Epoch: 085
0: Epoch: 085
1: Epoch: 085
2: Epoch: 086
3: Epoch: 086
0: Epoch: 086
1: Epoch: 086
2: Epoch: 087
3: Epoch: 087
0: Epoch: 087
1: Epoch: 087
3: Epoch: 088
2: Epoch: 088
0: Epoch: 088
1: Epoch: 088
3: Epoch: 089
2: Epoch: 089
0: Epoch: 089
1: Epoch: 089
0: Epoch: 090
2: Epoch: 090
3: Epoch: 090
1: Epoch: 090
0: Epoch: 091
2: Epoch: 091
3: Epoch: 091
1: Epoch: 091
2: Epoch: 092
3: Epoch: 092
0: Epoch: 092
1: Epoch: 092
3: Epoch: 093
2: Epoch: 093
0: Epoch: 093
1: Epoch: 093
0: Epoch: 094
2: Epoch: 094
3: Epoch: 094
1: Epoch: 094
0: Epoch: 095
2: Epoch: 095
3: Epoch: 095
1: Epoch: 095
3: Epoch: 096
2: Epoch: 096
0: Epoch: 096
1: Epoch: 096
3: Epoch: 097
2: Epoch: 097
0: Epoch: 097
1: Epoch: 097
3: Epoch: 098
2: Epoch: 098
0: Epoch: 098
1: Epoch: 098
0: Epoch: 099
2: Epoch: 099
3: Epoch: 099
1: Epoch: 099
0: total_times_r0: [0.4975161552429199]
0: rank: 0 median_run: 0
0: rank: 0 total_time: 0.4975161552429199
0: rank: 0 comm_time: 0.0
0: rank: 0 comp_time: 0.0
0: rank: 0 scomp_time: 0.0
0: rank: 0 dcomp_time: 0.0
0: rank: 0 bcast_comm_time: 0.0
0: rank: 0 bcast_words: 199308800
0: rank: 0 reduce_comm_time: 0.0
0: rank: 0 op_comm_time: 0.0
0: rank: 0 barrier_time: 0.0
0: rank: 0 tensor([[-4.1201, -2.3163, -3.5187,  ..., -3.2241, -3.2221, -4.1310],
0:         [-2.4260, -2.0505, -1.7781,  ..., -1.0864, -2.7801, -2.5550],
0:         [-9.8135, -4.4086, -1.5494,  ..., -0.3039, -7.7247, -7.6407],
0:         ...,
0:         [-3.3400, -9.3303, -8.5758,  ..., -7.2679, -4.9590, -0.0450],
0:         [-2.1935, -2.0453, -2.2676,  ..., -2.4178, -1.9624, -1.4731],
0:         [-2.8636, -3.8588, -4.3093,  ..., -4.1520, -0.2164, -3.3316]],
0:        device='cuda:0', grad_fn=<GCNFuncBackward>)
0: None
1: rank: 1 median_run: 0
1: rank: 1 total_time: 0.49784183502197266
1: rank: 1 comm_time: 0.0
1: rank: 1 comp_time: 0.0
1: rank: 1 scomp_time: 0.0
1: rank: 1 dcomp_time: 0.0
1: rank: 1 bcast_comm_time: 0.0
1: rank: 1 bcast_words: 199308800
1: rank: 1 reduce_comm_time: 0.0
1: rank: 1 op_comm_time: 0.0
1: rank: 1 barrier_time: 0.0
1: rank: 1 tensor([[-4.1201, -2.3163, -3.5187,  ..., -3.2241, -3.2221, -4.1310],
1:         [-2.4260, -2.0505, -1.7781,  ..., -1.0864, -2.7801, -2.5550],
1:         [-9.8135, -4.4086, -1.5494,  ..., -0.3039, -7.7247, -7.6407],
1:         ...,
1:         [-3.3400, -9.3303, -8.5758,  ..., -7.2679, -4.9590, -0.0450],
1:         [-2.1935, -2.0453, -2.2676,  ..., -2.4178, -1.9624, -1.4731],
1:         [-2.8636, -3.8588, -4.3093,  ..., -4.1520, -0.2164, -3.3316]],
1:        device='cuda:0', grad_fn=<GCNFuncBackward>)
1: None
2: rank: 2 median_run: 0
2: rank: 2 total_time: 0.4975395202636719
2: rank: 2 comm_time: 0.0
2: rank: 2 comp_time: 0.0
2: rank: 2 scomp_time: 0.0
2: rank: 2 dcomp_time: 0.0
2: rank: 2 bcast_comm_time: 0.0
2: rank: 2 bcast_words: 199308800
2: rank: 2 reduce_comm_time: 0.0
2: rank: 2 op_comm_time: 0.0
2: rank: 2 barrier_time: 0.0
2: rank: 2 tensor([[-5.4430e+00, -7.7593e+00, -7.9841e+00,  ..., -8.3179e+00,
2:          -9.7906e-03, -6.7963e+00],
2:         [-3.7007e+00, -2.4879e+00, -2.3301e+00,  ..., -2.7278e+00,
2:          -1.8025e+00, -2.4670e+00],
2:         [-2.1347e+00, -1.8788e+00, -2.0606e+00,  ..., -2.0433e+00,
2:          -1.9021e+00, -2.0396e+00],
2:         ...,
2:         [-2.0318e+00, -1.8397e+00, -2.0865e+00,  ..., -2.0306e+00,
2:          -1.8215e+00, -1.9873e+00],
2:         [-3.2743e+00, -2.0413e+00, -2.5749e+00,  ..., -1.7919e+00,
2:          -3.1850e+00, -2.9324e+00],
2:         [-1.0758e+01, -6.2074e+00, -9.2006e+00,  ..., -8.4775e+00,
2:          -6.5680e+00, -9.9880e+00]], device='cuda:0',
2:        grad_fn=<GCNFuncBackward>)
2: None
3: rank: 3 median_run: 0
3: rank: 3 total_time: 0.49756288528442383
3: rank: 3 comm_time: 0.0
3: rank: 3 comp_time: 0.0
3: rank: 3 scomp_time: 0.0
3: rank: 3 dcomp_time: 0.0
3: rank: 3 bcast_comm_time: 0.0
3: rank: 3 bcast_words: 199308800
3: rank: 3 reduce_comm_time: 0.0
3: rank: 3 op_comm_time: 0.0
3: rank: 3 barrier_time: 0.0
3: rank: 3 tensor([[-5.4430e+00, -7.7593e+00, -7.9841e+00,  ..., -8.3179e+00,
3:          -9.7906e-03, -6.7963e+00],
3:         [-3.7007e+00, -2.4879e+00, -2.3301e+00,  ..., -2.7278e+00,
3:          -1.8025e+00, -2.4670e+00],
3:         [-2.1347e+00, -1.8788e+00, -2.0606e+00,  ..., -2.0433e+00,
3:          -1.9021e+00, -2.0396e+00],
3:         ...,
3:         [-2.0318e+00, -1.8397e+00, -2.0865e+00,  ..., -2.0306e+00,
3:          -1.8215e+00, -1.9873e+00],
3:         [-3.2743e+00, -2.0413e+00, -2.5749e+00,  ..., -1.7919e+00,
3:          -3.1850e+00, -2.9324e+00],
3:         [-1.0758e+01, -6.2074e+00, -9.2006e+00,  ..., -8.4775e+00,
3:          -6.5680e+00, -9.9880e+00]], device='cuda:0',
3:        grad_fn=<GCNFuncBackward>)
3: None
