 0: Namespace(dataset='Amazon_Large', dropout=0.5, gpu=4, lr=0.01, n_epochs=100, n_hidden=16, n_layers=1, weight_decay=0.0, aggregator_type='gcn', world_size=-1, rank=-1, dist_url='env://', dist_backend='nccl', hostname='nid008256', normalize=False, partitioning='ONE5D', replication=2, timers=True, partitions='')
 0: hostname: nid008256 rank: 0 size: 16
 7: Namespace(dataset='Amazon_Large', dropout=0.5, gpu=4, lr=0.01, n_epochs=100, n_hidden=16, n_layers=1, weight_decay=0.0, aggregator_type='gcn', world_size=-1, rank=-1, dist_url='env://', dist_backend='nccl', hostname='nid008256', normalize=False, partitioning='ONE5D', replication=2, timers=True, partitions='')
 7: hostname: nid008257 rank: 7 size: 16
 5: Namespace(dataset='Amazon_Large', dropout=0.5, gpu=4, lr=0.01, n_epochs=100, n_hidden=16, n_layers=1, weight_decay=0.0, aggregator_type='gcn', world_size=-1, rank=-1, dist_url='env://', dist_backend='nccl', hostname='nid008256', normalize=False, partitioning='ONE5D', replication=2, timers=True, partitions='')
 5: hostname: nid008257 rank: 5 size: 16
 6: Namespace(dataset='Amazon_Large', dropout=0.5, gpu=4, lr=0.01, n_epochs=100, n_hidden=16, n_layers=1, weight_decay=0.0, aggregator_type='gcn', world_size=-1, rank=-1, dist_url='env://', dist_backend='nccl', hostname='nid008256', normalize=False, partitioning='ONE5D', replication=2, timers=True, partitions='')
 6: hostname: nid008257 rank: 6 size: 16
 4: Namespace(dataset='Amazon_Large', dropout=0.5, gpu=4, lr=0.01, n_epochs=100, n_hidden=16, n_layers=1, weight_decay=0.0, aggregator_type='gcn', world_size=-1, rank=-1, dist_url='env://', dist_backend='nccl', hostname='nid008256', normalize=False, partitioning='ONE5D', replication=2, timers=True, partitions='')
 4: hostname: nid008257 rank: 4 size: 16
 3: Namespace(dataset='Amazon_Large', dropout=0.5, gpu=4, lr=0.01, n_epochs=100, n_hidden=16, n_layers=1, weight_decay=0.0, aggregator_type='gcn', world_size=-1, rank=-1, dist_url='env://', dist_backend='nccl', hostname='nid008256', normalize=False, partitioning='ONE5D', replication=2, timers=True, partitions='')
 3: hostname: nid008256 rank: 3 size: 16
 1: Namespace(dataset='Amazon_Large', dropout=0.5, gpu=4, lr=0.01, n_epochs=100, n_hidden=16, n_layers=1, weight_decay=0.0, aggregator_type='gcn', world_size=-1, rank=-1, dist_url='env://', dist_backend='nccl', hostname='nid008256', normalize=False, partitioning='ONE5D', replication=2, timers=True, partitions='')
 1: hostname: nid008256 rank: 1 size: 16
 2: Namespace(dataset='Amazon_Large', dropout=0.5, gpu=4, lr=0.01, n_epochs=100, n_hidden=16, n_layers=1, weight_decay=0.0, aggregator_type='gcn', world_size=-1, rank=-1, dist_url='env://', dist_backend='nccl', hostname='nid008256', normalize=False, partitioning='ONE5D', replication=2, timers=True, partitions='')
 2: hostname: nid008256 rank: 2 size: 16
 0: Loading coo...
 8: Namespace(dataset='Amazon_Large', dropout=0.5, gpu=4, lr=0.01, n_epochs=100, n_hidden=16, n_layers=1, weight_decay=0.0, aggregator_type='gcn', world_size=-1, rank=-1, dist_url='env://', dist_backend='nccl', hostname='nid008256', normalize=False, partitioning='ONE5D', replication=2, timers=True, partitions='')
 8: hostname: nid008388 rank: 8 size: 16
10: Namespace(dataset='Amazon_Large', dropout=0.5, gpu=4, lr=0.01, n_epochs=100, n_hidden=16, n_layers=1, weight_decay=0.0, aggregator_type='gcn', world_size=-1, rank=-1, dist_url='env://', dist_backend='nccl', hostname='nid008256', normalize=False, partitioning='ONE5D', replication=2, timers=True, partitions='')
10: hostname: nid008388 rank: 10 size: 16
11: Namespace(dataset='Amazon_Large', dropout=0.5, gpu=4, lr=0.01, n_epochs=100, n_hidden=16, n_layers=1, weight_decay=0.0, aggregator_type='gcn', world_size=-1, rank=-1, dist_url='env://', dist_backend='nccl', hostname='nid008256', normalize=False, partitioning='ONE5D', replication=2, timers=True, partitions='')
11: hostname: nid008388 rank: 11 size: 16
 9: Namespace(dataset='Amazon_Large', dropout=0.5, gpu=4, lr=0.01, n_epochs=100, n_hidden=16, n_layers=1, weight_decay=0.0, aggregator_type='gcn', world_size=-1, rank=-1, dist_url='env://', dist_backend='nccl', hostname='nid008256', normalize=False, partitioning='ONE5D', replication=2, timers=True, partitions='')
 9: hostname: nid008388 rank: 9 size: 16
15: Namespace(dataset='Amazon_Large', dropout=0.5, gpu=4, lr=0.01, n_epochs=100, n_hidden=16, n_layers=1, weight_decay=0.0, aggregator_type='gcn', world_size=-1, rank=-1, dist_url='env://', dist_backend='nccl', hostname='nid008256', normalize=False, partitioning='ONE5D', replication=2, timers=True, partitions='')
15: hostname: nid008389 rank: 15 size: 16
12: Namespace(dataset='Amazon_Large', dropout=0.5, gpu=4, lr=0.01, n_epochs=100, n_hidden=16, n_layers=1, weight_decay=0.0, aggregator_type='gcn', world_size=-1, rank=-1, dist_url='env://', dist_backend='nccl', hostname='nid008256', normalize=False, partitioning='ONE5D', replication=2, timers=True, partitions='')
12: hostname: nid008389 rank: 12 size: 16
13: Namespace(dataset='Amazon_Large', dropout=0.5, gpu=4, lr=0.01, n_epochs=100, n_hidden=16, n_layers=1, weight_decay=0.0, aggregator_type='gcn', world_size=-1, rank=-1, dist_url='env://', dist_backend='nccl', hostname='nid008256', normalize=False, partitioning='ONE5D', replication=2, timers=True, partitions='')
13: hostname: nid008389 rank: 13 size: 16
14: Namespace(dataset='Amazon_Large', dropout=0.5, gpu=4, lr=0.01, n_epochs=100, n_hidden=16, n_layers=1, weight_decay=0.0, aggregator_type='gcn', world_size=-1, rank=-1, dist_url='env://', dist_backend='nccl', hostname='nid008256', normalize=False, partitioning='ONE5D', replication=2, timers=True, partitions='')
14: hostname: nid008389 rank: 14 size: 16
 3: Loading coo...
 7: Loading coo...
 1: Loading coo...
 5: Loading coo...
 2: Loading coo...
 6: Loading coo...
 4: Loading coo...
10: Loading coo...
15: Loading coo...
11: Loading coo...
 8: Loading coo...
 9: Loading coo...
12: Loading coo...
14: Loading coo...
13: Loading coo...
 4: Done loading coo
 5: Done loading coo
 7: Done loading coo
 6: Done loading coo
 0: Done loading coo
 2: Done loading coo
 3: Done loading coo
 1: Done loading coo
 9: Done loading coo
10: Done loading coo
11: Done loading coo
 8: Done loading coo
12: Done loading coo
13: Done loading coo
14: Done loading coo
15: Done loading coo
 6: [0, 1781205, 3562410, 5343615, 7124820, 8906025, 10687230, 12468435, 14249639]
 6: 3
 6: rank: 6 adj_matrix_loc.size: torch.Size([14249639, 1781205])
 6: rank: 6 inputs_loc.size: torch.Size([1781205, 300])
 6: why segfault?
 5: [0, 1781205, 3562410, 5343615, 7124820, 8906025, 10687230, 12468435, 14249639]
 5: 2
 5: rank: 5 adj_matrix_loc.size: torch.Size([14249639, 1781205])
 5: rank: 5 inputs_loc.size: torch.Size([1781205, 300])
13: [0, 1781205, 3562410, 5343615, 7124820, 8906025, 10687230, 12468435, 14249639]
13: 6
13: rank: 13 adj_matrix_loc.size: torch.Size([14249639, 1781205])
13: rank: 13 inputs_loc.size: torch.Size([1781205, 300])
 5: why segfault?
 2: [0, 1781205, 3562410, 5343615, 7124820, 8906025, 10687230, 12468435, 14249639]
 2: 1
 2: rank: 2 adj_matrix_loc.size: torch.Size([14249639, 1781205])
 2: rank: 2 inputs_loc.size: torch.Size([1781205, 300])
13: why segfault?
 3: [0, 1781205, 3562410, 5343615, 7124820, 8906025, 10687230, 12468435, 14249639]
 3: 1
 3: rank: 3 adj_matrix_loc.size: torch.Size([14249639, 1781205])
 3: rank: 3 inputs_loc.size: torch.Size([1781205, 300])
 2: why segfault?
14: [0, 1781205, 3562410, 5343615, 7124820, 8906025, 10687230, 12468435, 14249639]
14: 7
14: rank: 14 adj_matrix_loc.size: torch.Size([14249639, 1781204])
14: rank: 14 inputs_loc.size: torch.Size([1781204, 300])
 3: why segfault?
14: why segfault?
12: [0, 1781205, 3562410, 5343615, 7124820, 8906025, 10687230, 12468435, 14249639]
12: 6
12: rank: 12 adj_matrix_loc.size: torch.Size([14249639, 1781205])
12: rank: 12 inputs_loc.size: torch.Size([1781205, 300])
12: why segfault?
 4: [0, 1781205, 3562410, 5343615, 7124820, 8906025, 10687230, 12468435, 14249639]
 4: 2
 4: rank: 4 adj_matrix_loc.size: torch.Size([14249639, 1781205])
 4: rank: 4 inputs_loc.size: torch.Size([1781205, 300])
10: [0, 1781205, 3562410, 5343615, 7124820, 8906025, 10687230, 12468435, 14249639]
10: 5
10: rank: 10 adj_matrix_loc.size: torch.Size([14249639, 1781205])
10: rank: 10 inputs_loc.size: torch.Size([1781205, 300])
 4: why segfault?
10: why segfault?
 8: [0, 1781205, 3562410, 5343615, 7124820, 8906025, 10687230, 12468435, 14249639]
 8: 4
 8: rank: 8 adj_matrix_loc.size: torch.Size([14249639, 1781205])
 8: rank: 8 inputs_loc.size: torch.Size([1781205, 300])
 1: [0, 1781205, 3562410, 5343615, 7124820, 8906025, 10687230, 12468435, 14249639]
 1: 0
 1: rank: 1 adj_matrix_loc.size: torch.Size([14249639, 1781205])
 1: rank: 1 inputs_loc.size: torch.Size([1781205, 300])
 8: why segfault?
11: [0, 1781205, 3562410, 5343615, 7124820, 8906025, 10687230, 12468435, 14249639]
11: 5
11: rank: 11 adj_matrix_loc.size: torch.Size([14249639, 1781205])
11: rank: 11 inputs_loc.size: torch.Size([1781205, 300])
 1: why segfault?
11: why segfault?
15: [0, 1781205, 3562410, 5343615, 7124820, 8906025, 10687230, 12468435, 14249639]
15: 7
15: rank: 15 adj_matrix_loc.size: torch.Size([14249639, 1781204])
15: rank: 15 inputs_loc.size: torch.Size([1781204, 300])
15: why segfault?
 9: [0, 1781205, 3562410, 5343615, 7124820, 8906025, 10687230, 12468435, 14249639]
 9: 4
 9: rank: 9 adj_matrix_loc.size: torch.Size([14249639, 1781205])
 9: rank: 9 inputs_loc.size: torch.Size([1781205, 300])
 9: why segfault?
 6: reached here
 5: reached here
13: reached here
 0: [0, 1781205, 3562410, 5343615, 7124820, 8906025, 10687230, 12468435, 14249639]
 0: 0
 0: rank: 0 adj_matrix_loc.size: torch.Size([14249639, 1781205])
 0: rank: 0 inputs_loc.size: torch.Size([1781205, 300])
14: reached here
 0: why segfault?
 7: [0, 1781205, 3562410, 5343615, 7124820, 8906025, 10687230, 12468435, 14249639]
 7: 3
 7: rank: 7 adj_matrix_loc.size: torch.Size([14249639, 1781205])
 7: rank: 7 inputs_loc.size: torch.Size([1781205, 300])
12: reached here
 7: why segfault?
 4: reached here
10: reached here
 8: reached here
11: reached here
15: reached here
 1: reached here
 2: reached here
 3: reached here
 9: reached here
 0: reached here
 7: reached here
 8: create GCN model
 8: pre send indices
 8: rank: 8 i: 0
 8: rank: 8 i: 1
 8: rank: 8 i: 2
 8: rank: 8 i: 3
 8: rank: 8 i: 4
 8: rank: 8 i: 5
 8: rank: 8 i: 6
 8: rank: 8 i: 7
 8: all to all counts
 8: all to all indices
 8: all to all done
 8: torch.Size([14249639])
 8: Epoch: 0
10: create GCN model
10: pre send indices
10: rank: 10 i: 0
10: rank: 10 i: 1
10: rank: 10 i: 2
10: rank: 10 i: 3
10: rank: 10 i: 4
10: rank: 10 i: 5
10: rank: 10 i: 6
10: rank: 10 i: 7
10: all to all counts
10: all to all indices
10: all to all done
10: torch.Size([14249639])
10: Epoch: 0
 9: create GCN model
 9: pre send indices
 9: rank: 9 i: 0
 9: rank: 9 i: 1
 9: rank: 9 i: 2
 9: rank: 9 i: 3
 9: rank: 9 i: 4
 9: rank: 9 i: 5
 9: rank: 9 i: 6
 9: rank: 9 i: 7
 9: all to all counts
 9: all to all indices
 9: all to all done
 9: torch.Size([14249639])
 9: Epoch: 0
 1: create GCN model
 1: pre send indices
 1: rank: 1 i: 0
 1: rank: 1 i: 1
 1: rank: 1 i: 2
 1: rank: 1 i: 3
 1: rank: 1 i: 4
 1: rank: 1 i: 5
 1: rank: 1 i: 6
 1: rank: 1 i: 7
 1: all to all counts
 1: all to all indices
 1: all to all done
 1: torch.Size([14249639])
 1: Epoch: 0
 2: create GCN model
 2: pre send indices
 2: rank: 2 i: 0
 2: rank: 2 i: 1
 2: rank: 2 i: 2
 2: rank: 2 i: 3
 2: rank: 2 i: 4
 2: rank: 2 i: 5
 2: rank: 2 i: 6
 2: rank: 2 i: 7
 2: all to all counts
 2: all to all indices
 2: all to all done
 2: torch.Size([14249639])
 2: Epoch: 0
 3: create GCN model
 3: pre send indices
 3: rank: 3 i: 0
 3: rank: 3 i: 1
 3: rank: 3 i: 2
 3: rank: 3 i: 3
 3: rank: 3 i: 4
 3: rank: 3 i: 5
 3: rank: 3 i: 6
 3: rank: 3 i: 7
 3: all to all counts
 3: all to all indices
 3: all to all done
 3: torch.Size([14249639])
 3: Epoch: 0
 0: create GCN model
 0: pre send indices
 0: rank: 0 i: 0
 0: rank: 0 i: 1
 0: rank: 0 i: 2
 0: rank: 0 i: 3
 0: rank: 0 i: 4
 0: rank: 0 i: 5
 0: rank: 0 i: 6
 0: rank: 0 i: 7
 0: all to all counts
 0: all to all indices
 0: all to all done
 0: torch.Size([14249639])
 0: Epoch: 0
 5: create GCN model
 5: pre send indices
 5: rank: 5 i: 0
 5: rank: 5 i: 1
 5: rank: 5 i: 2
 5: rank: 5 i: 3
 5: rank: 5 i: 4
 5: rank: 5 i: 5
 5: rank: 5 i: 6
 5: rank: 5 i: 7
 5: all to all counts
 5: all to all indices
 5: all to all done
 5: torch.Size([14249639])
 5: Epoch: 0
 4: create GCN model
 4: pre send indices
 4: rank: 4 i: 0
 4: rank: 4 i: 1
 4: rank: 4 i: 2
 4: rank: 4 i: 3
 4: rank: 4 i: 4
 4: rank: 4 i: 5
 4: rank: 4 i: 6
 4: rank: 4 i: 7
 4: all to all counts
 4: all to all indices
 4: all to all done
 4: torch.Size([14249639])
 4: Epoch: 0
 6: create GCN model
 6: pre send indices
 6: rank: 6 i: 0
 6: rank: 6 i: 1
 6: rank: 6 i: 2
 6: rank: 6 i: 3
 6: rank: 6 i: 4
 6: rank: 6 i: 5
 6: rank: 6 i: 6
 6: rank: 6 i: 7
 6: all to all counts
 6: all to all indices
 6: all to all done
 6: torch.Size([14249639])
 6: Epoch: 0
 7: create GCN model
 7: pre send indices
 7: rank: 7 i: 0
 7: rank: 7 i: 1
 7: rank: 7 i: 2
 7: rank: 7 i: 3
 7: rank: 7 i: 4
 7: rank: 7 i: 5
 7: rank: 7 i: 6
 7: rank: 7 i: 7
 7: all to all counts
 7: all to all indices
 7: all to all done
 7: torch.Size([14249639])
 7: Epoch: 0
13: create GCN model
13: pre send indices
13: rank: 13 i: 0
13: rank: 13 i: 1
13: rank: 13 i: 2
13: rank: 13 i: 3
13: rank: 13 i: 4
13: rank: 13 i: 5
13: rank: 13 i: 6
13: rank: 13 i: 7
13: all to all counts
13: all to all indices
13: all to all done
13: torch.Size([14249639])
13: Epoch: 0
14: create GCN model
14: pre send indices
14: rank: 14 i: 0
14: rank: 14 i: 1
14: rank: 14 i: 2
14: rank: 14 i: 3
14: rank: 14 i: 4
14: rank: 14 i: 5
14: rank: 14 i: 6
14: rank: 14 i: 7
14: all to all counts
14: all to all indices
14: all to all done
14: torch.Size([14249639])
14: Epoch: 0
15: create GCN model
15: pre send indices
15: rank: 15 i: 0
15: rank: 15 i: 1
15: rank: 15 i: 2
15: rank: 15 i: 3
15: rank: 15 i: 4
15: rank: 15 i: 5
15: rank: 15 i: 6
15: rank: 15 i: 7
15: all to all counts
15: all to all indices
15: all to all done
15: torch.Size([14249639])
15: Epoch: 0
12: create GCN model
12: pre send indices
12: rank: 12 i: 0
12: rank: 12 i: 1
12: rank: 12 i: 2
12: rank: 12 i: 3
12: rank: 12 i: 4
12: rank: 12 i: 5
12: rank: 12 i: 6
12: rank: 12 i: 7
12: all to all counts
12: all to all indices
12: all to all done
12: torch.Size([14249639])
12: Epoch: 0
11: create GCN model
11: pre send indices
11: rank: 11 i: 0
11: rank: 11 i: 1
11: rank: 11 i: 2
11: rank: 11 i: 3
11: rank: 11 i: 4
11: rank: 11 i: 5
11: rank: 11 i: 6
11: rank: 11 i: 7
11: all to all counts
11: all to all indices
11: all to all done
11: torch.Size([14249639])
11: Epoch: 0
15: /global/common/software/nersc/pm-2021q4/sw/pytorch/1.11.0/lib/python3.9/site-packages/torch/distributed/distributed_c10d.py:278: UserWarning: Running all_gather on global rank 15 which does not belong to the given group.
15:   warnings.warn(
 1: /global/common/software/nersc/pm-2021q4/sw/pytorch/1.11.0/lib/python3.9/site-packages/torch/distributed/distributed_c10d.py:278: UserWarning: Running all_gather on global rank 1 which does not belong to the given group.
 1:   warnings.warn(
 3: /global/common/software/nersc/pm-2021q4/sw/pytorch/1.11.0/lib/python3.9/site-packages/torch/distributed/distributed_c10d.py:278: UserWarning: Running all_gather on global rank 3 which does not belong to the given group.
 3:   warnings.warn(
13: /global/common/software/nersc/pm-2021q4/sw/pytorch/1.11.0/lib/python3.9/site-packages/torch/distributed/distributed_c10d.py:278: UserWarning: Running all_gather on global rank 13 which does not belong to the given group.
13:   warnings.warn(
 5: /global/common/software/nersc/pm-2021q4/sw/pytorch/1.11.0/lib/python3.9/site-packages/torch/distributed/distributed_c10d.py:278: UserWarning: Running all_gather on global rank 5 which does not belong to the given group.
 5:   warnings.warn(
 7: /global/common/software/nersc/pm-2021q4/sw/pytorch/1.11.0/lib/python3.9/site-packages/torch/distributed/distributed_c10d.py:278: UserWarning: Running all_gather on global rank 7 which does not belong to the given group.
 7:   warnings.warn(
 9: /global/common/software/nersc/pm-2021q4/sw/pytorch/1.11.0/lib/python3.9/site-packages/torch/distributed/distributed_c10d.py:278: UserWarning: Running all_gather on global rank 9 which does not belong to the given group.
 9:   warnings.warn(
11: /global/common/software/nersc/pm-2021q4/sw/pytorch/1.11.0/lib/python3.9/site-packages/torch/distributed/distributed_c10d.py:278: UserWarning: Running all_gather on global rank 11 which does not belong to the given group.
11:   warnings.warn(
15: Epoch: 1
 6: Epoch: 1
12: Epoch: 1
14: Epoch: 1
 4: Epoch: 1
 8: Epoch: 1
10: Epoch: 1
 5: Epoch: 1
 7: Epoch: 1
11: Epoch: 1
 9: Epoch: 1
 3: Epoch: 1
 0: Epoch: 1
 1: Epoch: 1
 2: Epoch: 1
13: Epoch: 1
12: Epoch: 2
 0: Epoch: 2
 8: Epoch: 2
 1: Epoch: 2
13: Epoch: 2
10: Epoch: 2
 4: Epoch: 2
 2: Epoch: 2
14: Epoch: 2
 9: Epoch: 2
 6: Epoch: 2
15: Epoch: 2
11: Epoch: 2
 5: Epoch: 2
 7: Epoch: 2
 3: Epoch: 2
 8: Epoch: 3
 4: Epoch: 3
 0: Epoch: 3
12: Epoch: 3
10: Epoch: 3
 6: Epoch: 3
 1: Epoch: 3
13: Epoch: 3
 9: Epoch: 3
 5: Epoch: 3
 2: Epoch: 3
14: Epoch: 3
11: Epoch: 3
15: Epoch: 3
 7: Epoch: 3
 3: Epoch: 3
10: Epoch: 4
 4: Epoch: 4
 0: Epoch: 4
12: Epoch: 4
 8: Epoch: 4
 6: Epoch: 4
 1: Epoch: 4
13: Epoch: 4
 9: Epoch: 4
 5: Epoch: 4
 2: Epoch: 4
14: Epoch: 4
11: Epoch: 4
15: Epoch: 4
 3: Epoch: 4
 7: Epoch: 4
 0: Epoch: 5
12: Epoch: 5
 8: Epoch: 5
 1: Epoch: 5
13: Epoch: 5
 9: Epoch: 5
 2: Epoch: 5
14: Epoch: 5
10: Epoch: 5
 3: Epoch: 5
15: Epoch: 5
11: Epoch: 5
 4: Epoch: 5
 5: Epoch: 5
 6: Epoch: 5
 7: Epoch: 5
10: Epoch: 6
 0: Epoch: 6
 8: Epoch: 6
 1: Epoch: 6
12: Epoch: 6
 9: Epoch: 6
 4: Epoch: 6
 2: Epoch: 6
13: Epoch: 6
11: Epoch: 6
 5: Epoch: 6
 3: Epoch: 6
14: Epoch: 6
 6: Epoch: 6
15: Epoch: 6
 7: Epoch: 6
12: Epoch: 7
 8: Epoch: 7
 4: Epoch: 7
 0: Epoch: 7
14: Epoch: 7
10: Epoch: 7
 6: Epoch: 7
 1: Epoch: 7
13: Epoch: 7
 9: Epoch: 7
 5: Epoch: 7
 2: Epoch: 7
15: Epoch: 7
11: Epoch: 7
 3: Epoch: 7
 7: Epoch: 7
10: Epoch: 8
 4: Epoch: 8
 0: Epoch: 8
12: Epoch: 8
 8: Epoch: 8
 5: Epoch: 8
 1: Epoch: 8
13: Epoch: 8
 9: Epoch: 8
 6: Epoch: 8
 2: Epoch: 8
15: Epoch: 8
11: Epoch: 8
 3: Epoch: 8
14: Epoch: 8
 7: Epoch: 8
 0: Epoch: 9
12: Epoch: 9
10: Epoch: 9
 4: Epoch: 9
 1: Epoch: 9
13: Epoch: 9
 8: Epoch: 9
 6: Epoch: 9
 2: Epoch: 9
14: Epoch: 9
 9: Epoch: 9
 5: Epoch: 9
 3: Epoch: 9
15: Epoch: 9
11: Epoch: 9
 7: Epoch: 9
10: Epoch: 10
 0: Epoch: 10
12: Epoch: 10
 8: Epoch: 10
 4: Epoch: 10
 1: Epoch: 10
13: Epoch: 10
11: Epoch: 10
 6: Epoch: 10
 2: Epoch: 10
14: Epoch: 10
 9: Epoch: 10
 5: Epoch: 10
 3: Epoch: 10
15: Epoch: 10
 7: Epoch: 10
 0: Epoch: 11
12: Epoch: 11
 8: Epoch: 11
 4: Epoch: 11
 1: Epoch: 11
13: Epoch: 11
 9: Epoch: 11
 6: Epoch: 11
 2: Epoch: 11
14: Epoch: 11
10: Epoch: 11
 5: Epoch: 11
 3: Epoch: 11
15: Epoch: 11
11: Epoch: 11
 7: Epoch: 11
12: Epoch: 12
10: Epoch: 12
 0: Epoch: 12
13: Epoch: 12
 8: Epoch: 12
 4: Epoch: 12
 1: Epoch: 12
14: Epoch: 12
 9: Epoch: 12
 5: Epoch: 12
 2: Epoch: 12
15: Epoch: 12
11: Epoch: 12
 6: Epoch: 12
 3: Epoch: 12
 7: Epoch: 12
12: Epoch: 13
10: Epoch: 13
 0: Epoch: 13
 1: Epoch: 13
13: Epoch: 13
 8: Epoch: 13
 2: Epoch: 13
14: Epoch: 13
 9: Epoch: 13
 4: Epoch: 13
 3: Epoch: 13
15: Epoch: 13
11: Epoch: 13
 5: Epoch: 13
 6: Epoch: 13
 7: Epoch: 13
 0: Epoch: 14
14: Epoch: 14
 8: Epoch: 14
 4: Epoch: 14
 1: Epoch: 14
12: Epoch: 14
10: Epoch: 14
 5: Epoch: 14
 2: Epoch: 14
13: Epoch: 14
 9: Epoch: 14
 6: Epoch: 14
 3: Epoch: 14
15: Epoch: 14
11: Epoch: 14
 7: Epoch: 14
12: Epoch: 15
10: Epoch: 15
 4: Epoch: 15
 0: Epoch: 15
 8: Epoch: 15
 7: Epoch: 15
 1: Epoch: 15
13: Epoch: 15
 9: Epoch: 15
 6: Epoch: 15
 2: Epoch: 15
14: Epoch: 15
11: Epoch: 15
 5: Epoch: 15
 3: Epoch: 15
15: Epoch: 15
12: Epoch: 16
10: Epoch: 16
 4: Epoch: 16
 0: Epoch: 16
 1: Epoch: 16
14: Epoch: 16
 9: Epoch: 16
 5: Epoch: 16
 2: Epoch: 16
13: Epoch: 16
11: Epoch: 16
 6: Epoch: 16
 3: Epoch: 16
15: Epoch: 16
 8: Epoch: 16
 7: Epoch: 16
12: Epoch: 17
10: Epoch: 17
 4: Epoch: 17
 0: Epoch: 17
13: Epoch: 17
 8: Epoch: 17
 5: Epoch: 17
 1: Epoch: 17
14: Epoch: 17
 9: Epoch: 17
 6: Epoch: 17
 2: Epoch: 17
15: Epoch: 17
11: Epoch: 17
 7: Epoch: 17
 3: Epoch: 17
 0: Epoch: 18
10: Epoch: 18
 1: Epoch: 18
12: Epoch: 18
11: Epoch: 18
 4: Epoch: 18
 2: Epoch: 18
13: Epoch: 18
 8: Epoch: 18
 5: Epoch: 18
 3: Epoch: 18
14: Epoch: 18
 9: Epoch: 18
 6: Epoch: 18
 7: Epoch: 18
15: Epoch: 18
12: Epoch: 19
 4: Epoch: 19
 0: Epoch: 19
 8: Epoch: 19
 6: Epoch: 19
 1: Epoch: 19
13: Epoch: 19
 9: Epoch: 19
 7: Epoch: 19
 2: Epoch: 19
14: Epoch: 19
10: Epoch: 19
 5: Epoch: 19
 3: Epoch: 19
15: Epoch: 19
11: Epoch: 19
10: Epoch: 20
 4: Epoch: 20
 0: Epoch: 20
12: Epoch: 20
 8: Epoch: 20
 7: Epoch: 20
 1: Epoch: 20
13: Epoch: 20
 9: Epoch: 20
 6: Epoch: 20
 2: Epoch: 20
14: Epoch: 20
11: Epoch: 20
 5: Epoch: 20
 3: Epoch: 20
15: Epoch: 20
12: Epoch: 21
 8: Epoch: 21
 4: Epoch: 21
 0: Epoch: 21
13: Epoch: 21
10: Epoch: 21
 6: Epoch: 21
 1: Epoch: 21
14: Epoch: 21
 9: Epoch: 21
 5: Epoch: 21
 2: Epoch: 21
15: Epoch: 21
11: Epoch: 21
 7: Epoch: 21
 3: Epoch: 21
 4: Epoch: 22
 0: Epoch: 22
10: Epoch: 22
 1: Epoch: 22
12: Epoch: 22
 8: Epoch: 22
 2: Epoch: 22
13: Epoch: 22
 9: Epoch: 22
 7: Epoch: 22
 3: Epoch: 22
14: Epoch: 22
11: Epoch: 22
15: Epoch: 22
 5: Epoch: 22
 6: Epoch: 22
 8: Epoch: 23
 4: Epoch: 23
 0: Epoch: 23
12: Epoch: 23
10: Epoch: 23
 5: Epoch: 23
 1: Epoch: 23
13: Epoch: 23
 9: Epoch: 23
 7: Epoch: 23
 2: Epoch: 23
14: Epoch: 23
11: Epoch: 23
 6: Epoch: 23
 3: Epoch: 23
15: Epoch: 23
12: Epoch: 24
10: Epoch: 24
 4: Epoch: 24
 0: Epoch: 24
13: Epoch: 24
 8: Epoch: 24
 5: Epoch: 24
 1: Epoch: 24
14: Epoch: 24
 9: Epoch: 24
 6: Epoch: 24
 2: Epoch: 24
15: Epoch: 24
11: Epoch: 24
 7: Epoch: 24
 3: Epoch: 24
 8: Epoch: 25
 4: Epoch: 25
 0: Epoch: 25
12: Epoch: 25
10: Epoch: 25
 6: Epoch: 25
 1: Epoch: 25
13: Epoch: 25
 9: Epoch: 25
 7: Epoch: 25
 2: Epoch: 25
14: Epoch: 25
11: Epoch: 25
 5: Epoch: 25
 3: Epoch: 25
15: Epoch: 25
 0: Epoch: 26
 1: Epoch: 26
12: Epoch: 26
10: Epoch: 26
 4: Epoch: 26
 2: Epoch: 26
14: Epoch: 26
 9: Epoch: 26
 5: Epoch: 26
 3: Epoch: 26
11: Epoch: 26
 6: Epoch: 26
 7: Epoch: 26
15: Epoch: 26
13: Epoch: 26
 8: Epoch: 26
 8: Epoch: 27
 0: Epoch: 27
12: Epoch: 27
 4: Epoch: 27
 1: Epoch: 27
13: Epoch: 27
10: Epoch: 27
 6: Epoch: 27
 2: Epoch: 27
14: Epoch: 27
11: Epoch: 27
 5: Epoch: 27
 3: Epoch: 27
 7: Epoch: 27
15: Epoch: 27
 9: Epoch: 27
 0: Epoch: 28
 8: Epoch: 28
 1: Epoch: 28
12: Epoch: 28
10: Epoch: 28
 4: Epoch: 28
 2: Epoch: 28
13: Epoch: 28
 9: Epoch: 28
 6: Epoch: 28
 3: Epoch: 28
14: Epoch: 28
11: Epoch: 28
 5: Epoch: 28
15: Epoch: 28
 7: Epoch: 28
 0: Epoch: 29
 1: Epoch: 29
12: Epoch: 29
10: Epoch: 29
 4: Epoch: 29
 2: Epoch: 29
13: Epoch: 29
 8: Epoch: 29
 5: Epoch: 29
 3: Epoch: 29
14: Epoch: 29
 9: Epoch: 29
 6: Epoch: 29
11: Epoch: 29
 7: Epoch: 29
15: Epoch: 29
 0: Epoch: 30
 2: Epoch: 30
12: Epoch: 30
 8: Epoch: 30
 4: Epoch: 30
 1: Epoch: 30
 9: Epoch: 30
 6: Epoch: 30
 3: Epoch: 30
10: Epoch: 30
 7: Epoch: 30
13: Epoch: 30
11: Epoch: 30
 5: Epoch: 30
14: Epoch: 30
15: Epoch: 30
 0: Epoch: 31
12: Epoch: 31
 8: Epoch: 31
 1: Epoch: 31
 2: Epoch: 31
 3: Epoch: 31
10: Epoch: 31
 9: Epoch: 31
13: Epoch: 31
14: Epoch: 31
15: Epoch: 31
11: Epoch: 31
 4: Epoch: 31
 6: Epoch: 31
 7: Epoch: 31
 5: Epoch: 31
 0: Epoch: 32
10: Epoch: 32
 1: Epoch: 32
12: Epoch: 32
 8: Epoch: 32
 4: Epoch: 32
 2: Epoch: 32
13: Epoch: 32
 9: Epoch: 32
 6: Epoch: 32
 3: Epoch: 32
14: Epoch: 32
11: Epoch: 32
 5: Epoch: 32
15: Epoch: 32
 7: Epoch: 32
 8: Epoch: 33
 0: Epoch: 33
 4: Epoch: 33
 1: Epoch: 33
12: Epoch: 33
10: Epoch: 33
 5: Epoch: 33
 2: Epoch: 33
13: Epoch: 33
 9: Epoch: 33
 6: Epoch: 33
 3: Epoch: 33
14: Epoch: 33
11: Epoch: 33
 7: Epoch: 33
15: Epoch: 33
 8: Epoch: 34
 0: Epoch: 34
 1: Epoch: 34
 2: Epoch: 34
 3: Epoch: 34
12: Epoch: 34
10: Epoch: 34
 4: Epoch: 34
13: Epoch: 34
 9: Epoch: 34
 6: Epoch: 34
14: Epoch: 34
11: Epoch: 34
 5: Epoch: 34
15: Epoch: 34
 7: Epoch: 34
 0: Epoch: 35
 8: Epoch: 35
 1: Epoch: 35
 2: Epoch: 35
10: Epoch: 35
 3: Epoch: 35
12: Epoch: 35
 9: Epoch: 35
 4: Epoch: 35
11: Epoch: 35
 5: Epoch: 35
13: Epoch: 35
 6: Epoch: 35
14: Epoch: 35
 7: Epoch: 35
15: Epoch: 35
10: Epoch: 36
 0: Epoch: 36
 1: Epoch: 36
12: Epoch: 36
 8: Epoch: 36
 2: Epoch: 36
 9: Epoch: 36
 4: Epoch: 36
 3: Epoch: 36
13: Epoch: 36
11: Epoch: 36
14: Epoch: 36
15: Epoch: 36
 5: Epoch: 36
 6: Epoch: 36
 7: Epoch: 36
 0: Epoch: 37
 1: Epoch: 37
12: Epoch: 37
 9: Epoch: 37
 2: Epoch: 37
13: Epoch: 37
10: Epoch: 37
 4: Epoch: 37
 3: Epoch: 37
14: Epoch: 37
11: Epoch: 37
 6: Epoch: 37
 8: Epoch: 37
 5: Epoch: 37
 7: Epoch: 37
15: Epoch: 37
 0: Epoch: 38
10: Epoch: 38
 1: Epoch: 38
12: Epoch: 38
 8: Epoch: 38
 4: Epoch: 38
 2: Epoch: 38
 9: Epoch: 38
 3: Epoch: 38
11: Epoch: 38
13: Epoch: 38
 5: Epoch: 38
14: Epoch: 38
 6: Epoch: 38
15: Epoch: 38
 7: Epoch: 38
 0: Epoch: 39
10: Epoch: 39
 1: Epoch: 39
12: Epoch: 39
 8: Epoch: 39
 2: Epoch: 39
13: Epoch: 39
 9: Epoch: 39
 4: Epoch: 39
 3: Epoch: 39
14: Epoch: 39
11: Epoch: 39
15: Epoch: 39
 5: Epoch: 39
 6: Epoch: 39
 7: Epoch: 39
 0: Epoch: 40
10: Epoch: 40
 1: Epoch: 40
12: Epoch: 40
 8: Epoch: 40
 4: Epoch: 40
 2: Epoch: 40
 9: Epoch: 40
 3: Epoch: 40
13: Epoch: 40
11: Epoch: 40
 5: Epoch: 40
14: Epoch: 40
 6: Epoch: 40
15: Epoch: 40
 7: Epoch: 40
10: Epoch: 41
 0: Epoch: 41
12: Epoch: 41
 8: Epoch: 41
 4: Epoch: 41
 1: Epoch: 41
13: Epoch: 41
 9: Epoch: 41
 5: Epoch: 41
 2: Epoch: 41
14: Epoch: 41
11: Epoch: 41
 6: Epoch: 41
 3: Epoch: 41
 7: Epoch: 41
15: Epoch: 41
10: Epoch: 42
 0: Epoch: 42
 1: Epoch: 42
12: Epoch: 42
 8: Epoch: 42
 2: Epoch: 42
11: Epoch: 42
 4: Epoch: 42
 3: Epoch: 42
13: Epoch: 42
 7: Epoch: 42
14: Epoch: 42
 5: Epoch: 42
15: Epoch: 42
 9: Epoch: 42
 6: Epoch: 42
 0: Epoch: 43
 8: Epoch: 43
 1: Epoch: 43
12: Epoch: 43
10: Epoch: 43
 2: Epoch: 43
 9: Epoch: 43
 4: Epoch: 43
 3: Epoch: 43
13: Epoch: 43
11: Epoch: 43
14: Epoch: 43
 5: Epoch: 43
15: Epoch: 43
 6: Epoch: 43
 7: Epoch: 43
 0: Epoch: 44
 1: Epoch: 44
12: Epoch: 44
10: Epoch: 44
 2: Epoch: 44
 3: Epoch: 44
13: Epoch: 44
 8: Epoch: 44
 4: Epoch: 44
14: Epoch: 44
 9: Epoch: 44
11: Epoch: 44
 6: Epoch: 44
 5: Epoch: 44
 7: Epoch: 44
15: Epoch: 44
 0: Epoch: 45
10: Epoch: 45
 1: Epoch: 45
12: Epoch: 45
 8: Epoch: 45
 4: Epoch: 45
 2: Epoch: 45
13: Epoch: 45
 9: Epoch: 45
 6: Epoch: 45
 3: Epoch: 45
14: Epoch: 45
11: Epoch: 45
 5: Epoch: 45
15: Epoch: 45
 7: Epoch: 45
 0: Epoch: 46
 1: Epoch: 46
12: Epoch: 46
 8: Epoch: 46
 2: Epoch: 46
 3: Epoch: 46
10: Epoch: 46
 4: Epoch: 46
13: Epoch: 46
 9: Epoch: 46
14: Epoch: 46
11: Epoch: 46
 5: Epoch: 46
15: Epoch: 46
 6: Epoch: 46
 7: Epoch: 46
 0: Epoch: 47
12: Epoch: 47
10: Epoch: 47
 1: Epoch: 47
14: Epoch: 47
 9: Epoch: 47
 4: Epoch: 47
 2: Epoch: 47
13: Epoch: 47
11: Epoch: 47
 6: Epoch: 47
 3: Epoch: 47
15: Epoch: 47
 8: Epoch: 47
 5: Epoch: 47
 7: Epoch: 47
 0: Epoch: 48
12: Epoch: 48
 2: Epoch: 48
13: Epoch: 48
 8: Epoch: 48
 3: Epoch: 48
 9: Epoch: 48
 1: Epoch: 48
10: Epoch: 48
11: Epoch: 48
 4: Epoch: 48
14: Epoch: 48
 5: Epoch: 48
 6: Epoch: 48
 7: Epoch: 48
15: Epoch: 48
 8: Epoch: 49
12: Epoch: 49
10: Epoch: 49
 4: Epoch: 49
 0: Epoch: 49
13: Epoch: 49
 9: Epoch: 49
 5: Epoch: 49
 1: Epoch: 49
11: Epoch: 49
 6: Epoch: 49
 2: Epoch: 49
 7: Epoch: 49
 3: Epoch: 49
14: Epoch: 49
15: Epoch: 49
 0: Epoch: 50
12: Epoch: 50
 8: Epoch: 50
 1: Epoch: 50
13: Epoch: 50
 9: Epoch: 50
 4: Epoch: 50
 2: Epoch: 50
14: Epoch: 50
10: Epoch: 50
 3: Epoch: 50
15: Epoch: 50
11: Epoch: 50
 6: Epoch: 50
 5: Epoch: 50
 7: Epoch: 50
 0: Epoch: 51
 1: Epoch: 51
12: Epoch: 51
 8: Epoch: 51
 4: Epoch: 51
 2: Epoch: 51
13: Epoch: 51
10: Epoch: 51
 6: Epoch: 51
 3: Epoch: 51
14: Epoch: 51
 9: Epoch: 51
 5: Epoch: 51
11: Epoch: 51
 7: Epoch: 51
15: Epoch: 51
 0: Epoch: 52
 8: Epoch: 52
 1: Epoch: 52
12: Epoch: 52
10: Epoch: 52
 4: Epoch: 52
 2: Epoch: 52
13: Epoch: 52
 9: Epoch: 52
 5: Epoch: 52
 3: Epoch: 52
14: Epoch: 52
11: Epoch: 52
 6: Epoch: 52
15: Epoch: 52
 7: Epoch: 52
 4: Epoch: 53
 1: Epoch: 53
12: Epoch: 53
 8: Epoch: 53
 6: Epoch: 53
 0: Epoch: 53
13: Epoch: 53
 9: Epoch: 53
 7: Epoch: 53
 2: Epoch: 53
14: Epoch: 53
10: Epoch: 53
 5: Epoch: 53
 3: Epoch: 53
15: Epoch: 53
11: Epoch: 53
 8: Epoch: 54
10: Epoch: 54
 4: Epoch: 54
 0: Epoch: 54
12: Epoch: 54
 1: Epoch: 54
 2: Epoch: 54
 3: Epoch: 54
13: Epoch: 54
 9: Epoch: 54
14: Epoch: 54
11: Epoch: 54
 5: Epoch: 54
 6: Epoch: 54
15: Epoch: 54
 7: Epoch: 54
 0: Epoch: 55
 1: Epoch: 55
12: Epoch: 55
 8: Epoch: 55
 4: Epoch: 55
 2: Epoch: 55
13: Epoch: 55
 9: Epoch: 55
 6: Epoch: 55
 3: Epoch: 55
14: Epoch: 55
10: Epoch: 55
 5: Epoch: 55
15: Epoch: 55
11: Epoch: 55
 7: Epoch: 55
 0: Epoch: 56
 1: Epoch: 56
12: Epoch: 56
 8: Epoch: 56
 4: Epoch: 56
 2: Epoch: 56
13: Epoch: 56
 9: Epoch: 56
 5: Epoch: 56
 3: Epoch: 56
14: Epoch: 56
10: Epoch: 56
 6: Epoch: 56
15: Epoch: 56
11: Epoch: 56
 7: Epoch: 56
 4: Epoch: 57
 0: Epoch: 57
 1: Epoch: 57
12: Epoch: 57
 9: Epoch: 57
 6: Epoch: 57
 2: Epoch: 57
14: Epoch: 57
10: Epoch: 57
 7: Epoch: 57
 3: Epoch: 57
13: Epoch: 57
11: Epoch: 57
 5: Epoch: 57
15: Epoch: 57
 8: Epoch: 57
 0: Epoch: 58
 1: Epoch: 58
12: Epoch: 58
 2: Epoch: 58
13: Epoch: 58
 8: Epoch: 58
 4: Epoch: 58
 3: Epoch: 58
14: Epoch: 58
15: Epoch: 58
 6: Epoch: 58
 5: Epoch: 58
 9: Epoch: 58
 7: Epoch: 58
10: Epoch: 58
11: Epoch: 58
 0: Epoch: 59
12: Epoch: 59
 8: Epoch: 59
 1: Epoch: 59
13: Epoch: 59
 9: Epoch: 59
 4: Epoch: 59
 2: Epoch: 59
14: Epoch: 59
10: Epoch: 59
 6: Epoch: 59
 3: Epoch: 59
15: Epoch: 59
11: Epoch: 59
 5: Epoch: 59
 7: Epoch: 59
 8: Epoch: 60
 0: Epoch: 60
 1: Epoch: 60
12: Epoch: 60
 3: Epoch: 60
 2: Epoch: 60
13: Epoch: 60
 4: Epoch: 60
14: Epoch: 60
15: Epoch: 60
 9: Epoch: 60
 7: Epoch: 60
 5: Epoch: 60
 6: Epoch: 60
10: Epoch: 60
11: Epoch: 60
 8: Epoch: 61
 4: Epoch: 61
 0: Epoch: 61
 1: Epoch: 61
12: Epoch: 61
 9: Epoch: 61
 6: Epoch: 61
 2: Epoch: 61
10: Epoch: 61
 7: Epoch: 61
 3: Epoch: 61
11: Epoch: 61
 5: Epoch: 61
13: Epoch: 61
14: Epoch: 61
15: Epoch: 61
 4: Epoch: 62
 0: Epoch: 62
 1: Epoch: 62
12: Epoch: 62
 6: Epoch: 62
 2: Epoch: 62
 8: Epoch: 62
 3: Epoch: 62
 7: Epoch: 62
13: Epoch: 62
 9: Epoch: 62
14: Epoch: 62
11: Epoch: 62
10: Epoch: 62
15: Epoch: 62
 5: Epoch: 62
 0: Epoch: 63
 1: Epoch: 63
 8: Epoch: 63
 2: Epoch: 63
12: Epoch: 63
 9: Epoch: 63
 4: Epoch: 63
 3: Epoch: 63
10: Epoch: 63
 6: Epoch: 63
11: Epoch: 63
 5: Epoch: 63
13: Epoch: 63
 7: Epoch: 63
14: Epoch: 63
15: Epoch: 63
 0: Epoch: 64
 8: Epoch: 64
 1: Epoch: 64
12: Epoch: 64
 9: Epoch: 64
 2: Epoch: 64
10: Epoch: 64
 4: Epoch: 64
 3: Epoch: 64
11: Epoch: 64
13: Epoch: 64
 6: Epoch: 64
14: Epoch: 64
 7: Epoch: 64
15: Epoch: 64
 5: Epoch: 64
 0: Epoch: 65
 8: Epoch: 65
 4: Epoch: 65
 1: Epoch: 65
12: Epoch: 65
 9: Epoch: 65
 5: Epoch: 65
 2: Epoch: 65
13: Epoch: 65
10: Epoch: 65
 6: Epoch: 65
 3: Epoch: 65
14: Epoch: 65
11: Epoch: 65
 7: Epoch: 65
15: Epoch: 65
 0: Epoch: 66
 1: Epoch: 66
 2: Epoch: 66
13: Epoch: 66
 8: Epoch: 66
 4: Epoch: 66
 3: Epoch: 66
 9: Epoch: 66
10: Epoch: 66
 6: Epoch: 66
14: Epoch: 66
11: Epoch: 66
 5: Epoch: 66
12: Epoch: 66
 7: Epoch: 66
15: Epoch: 66
 8: Epoch: 67
 4: Epoch: 67
 0: Epoch: 67
12: Epoch: 67
 6: Epoch: 67
 1: Epoch: 67
13: Epoch: 67
 9: Epoch: 67
 5: Epoch: 67
 3: Epoch: 67
14: Epoch: 67
10: Epoch: 67
 7: Epoch: 67
 2: Epoch: 67
15: Epoch: 67
11: Epoch: 67
 8: Epoch: 68
 4: Epoch: 68
 0: Epoch: 68
12: Epoch: 68
 9: Epoch: 68
 6: Epoch: 68
 1: Epoch: 68
13: Epoch: 68
10: Epoch: 68
 7: Epoch: 68
 2: Epoch: 68
14: Epoch: 68
11: Epoch: 68
 5: Epoch: 68
 3: Epoch: 68
15: Epoch: 68
 4: Epoch: 69
 0: Epoch: 69
 8: Epoch: 69
 2: Epoch: 69
12: Epoch: 69
 9: Epoch: 69
 6: Epoch: 69
 1: Epoch: 69
13: Epoch: 69
10: Epoch: 69
 7: Epoch: 69
 3: Epoch: 69
14: Epoch: 69
11: Epoch: 69
 5: Epoch: 69
15: Epoch: 69
 0: Epoch: 70
 1: Epoch: 70
12: Epoch: 70
 2: Epoch: 70
 8: Epoch: 70
 3: Epoch: 70
 4: Epoch: 70
13: Epoch: 70
 9: Epoch: 70
 6: Epoch: 70
14: Epoch: 70
10: Epoch: 70
 7: Epoch: 70
11: Epoch: 70
 5: Epoch: 70
15: Epoch: 70
 8: Epoch: 71
 0: Epoch: 71
 1: Epoch: 71
 9: Epoch: 71
 2: Epoch: 71
12: Epoch: 71
 3: Epoch: 71
 4: Epoch: 71
13: Epoch: 71
14: Epoch: 71
15: Epoch: 71
10: Epoch: 71
 6: Epoch: 71
 5: Epoch: 71
 7: Epoch: 71
11: Epoch: 71
 8: Epoch: 72
11: Epoch: 72
 4: Epoch: 72
 0: Epoch: 72
12: Epoch: 72
10: Epoch: 72
 5: Epoch: 72
 1: Epoch: 72
13: Epoch: 72
 9: Epoch: 72
 6: Epoch: 72
 2: Epoch: 72
14: Epoch: 72
 7: Epoch: 72
 3: Epoch: 72
15: Epoch: 72
 0: Epoch: 73
 1: Epoch: 73
12: Epoch: 73
 2: Epoch: 73
 8: Epoch: 73
 4: Epoch: 73
 3: Epoch: 73
13: Epoch: 73
 9: Epoch: 73
 6: Epoch: 73
10: Epoch: 73
 7: Epoch: 73
11: Epoch: 73
 5: Epoch: 73
14: Epoch: 73
15: Epoch: 73
 8: Epoch: 74
 0: Epoch: 74
 1: Epoch: 74
12: Epoch: 74
 9: Epoch: 74
 2: Epoch: 74
13: Epoch: 74
10: Epoch: 74
 4: Epoch: 74
 3: Epoch: 74
14: Epoch: 74
11: Epoch: 74
15: Epoch: 74
 6: Epoch: 74
 7: Epoch: 74
 5: Epoch: 74
 0: Epoch: 75
 1: Epoch: 75
12: Epoch: 75
 8: Epoch: 75
 4: Epoch: 75
 2: Epoch: 75
 9: Epoch: 75
 3: Epoch: 75
13: Epoch: 75
10: Epoch: 75
 6: Epoch: 75
14: Epoch: 75
11: Epoch: 75
 7: Epoch: 75
 5: Epoch: 75
15: Epoch: 75
11: Epoch: 76
 2: Epoch: 76
12: Epoch: 76
 8: Epoch: 76
 4: Epoch: 76
 0: Epoch: 76
13: Epoch: 76
 9: Epoch: 76
 6: Epoch: 76
 1: Epoch: 76
14: Epoch: 76
10: Epoch: 76
 7: Epoch: 76
 3: Epoch: 76
15: Epoch: 76
 5: Epoch: 76
 0: Epoch: 77
 1: Epoch: 77
 2: Epoch: 77
12: Epoch: 77
 3: Epoch: 77
 4: Epoch: 77
 9: Epoch: 77
14: Epoch: 77
10: Epoch: 77
 6: Epoch: 77
15: Epoch: 77
11: Epoch: 77
 5: Epoch: 77
 7: Epoch: 77
13: Epoch: 77
 8: Epoch: 77
 0: Epoch: 78
12: Epoch: 78
 4: Epoch: 78
 1: Epoch: 78
13: Epoch: 78
 8: Epoch: 78
 6: Epoch: 78
 2: Epoch: 78
14: Epoch: 78
 9: Epoch: 78
 5: Epoch: 78
 3: Epoch: 78
11: Epoch: 78
 7: Epoch: 78
10: Epoch: 78
15: Epoch: 78
 0: Epoch: 79
 1: Epoch: 79
12: Epoch: 79
 8: Epoch: 79
 2: Epoch: 79
 4: Epoch: 79
 3: Epoch: 79
13: Epoch: 79
 9: Epoch: 79
14: Epoch: 79
10: Epoch: 79
 5: Epoch: 79
11: Epoch: 79
 6: Epoch: 79
 7: Epoch: 79
15: Epoch: 79
 0: Epoch: 80
 1: Epoch: 80
 2: Epoch: 80
 3: Epoch: 80
12: Epoch: 80
 8: Epoch: 80
 4: Epoch: 80
 9: Epoch: 80
 6: Epoch: 80
10: Epoch: 80
 5: Epoch: 80
13: Epoch: 80
11: Epoch: 80
 7: Epoch: 80
14: Epoch: 80
15: Epoch: 80
 0: Epoch: 81
 1: Epoch: 81
11: Epoch: 81
 2: Epoch: 81
14: Epoch: 81
 8: Epoch: 81
 4: Epoch: 81
 3: Epoch: 81
 9: Epoch: 81
10: Epoch: 81
12: Epoch: 81
 6: Epoch: 81
13: Epoch: 81
 7: Epoch: 81
15: Epoch: 81
 5: Epoch: 81
 0: Epoch: 82
 1: Epoch: 82
 2: Epoch: 82
 3: Epoch: 82
12: Epoch: 82
 8: Epoch: 82
 4: Epoch: 82
 6: Epoch: 82
 7: Epoch: 82
13: Epoch: 82
 9: Epoch: 82
 5: Epoch: 82
14: Epoch: 82
11: Epoch: 82
10: Epoch: 82
15: Epoch: 82
 0: Epoch: 83
 1: Epoch: 83
12: Epoch: 83
 8: Epoch: 83
 4: Epoch: 83
 2: Epoch: 83
13: Epoch: 83
10: Epoch: 83
 6: Epoch: 83
 3: Epoch: 83
14: Epoch: 83
 9: Epoch: 83
 5: Epoch: 83
11: Epoch: 83
 7: Epoch: 83
15: Epoch: 83
 3: Epoch: 84
 0: Epoch: 84
12: Epoch: 84
 8: Epoch: 84
 4: Epoch: 84
 1: Epoch: 84
13: Epoch: 84
 9: Epoch: 84
 6: Epoch: 84
 2: Epoch: 84
14: Epoch: 84
10: Epoch: 84
 7: Epoch: 84
11: Epoch: 84
 5: Epoch: 84
15: Epoch: 84
 0: Epoch: 85
 3: Epoch: 85
 1: Epoch: 85
 8: Epoch: 85
 2: Epoch: 85
12: Epoch: 85
 4: Epoch: 85
13: Epoch: 85
 9: Epoch: 85
 6: Epoch: 85
14: Epoch: 85
11: Epoch: 85
 5: Epoch: 85
10: Epoch: 85
 7: Epoch: 85
15: Epoch: 85
 0: Epoch: 86
 3: Epoch: 86
 1: Epoch: 86
 2: Epoch: 86
12: Epoch: 86
 8: Epoch: 86
 4: Epoch: 86
 9: Epoch: 86
 5: Epoch: 86
11: Epoch: 86
 6: Epoch: 86
10: Epoch: 86
 7: Epoch: 86
13: Epoch: 86
14: Epoch: 86
15: Epoch: 86
 8: Epoch: 87
 0: Epoch: 87
12: Epoch: 87
 4: Epoch: 87
 3: Epoch: 87
13: Epoch: 87
 9: Epoch: 87
 6: Epoch: 87
 1: Epoch: 87
14: Epoch: 87
11: Epoch: 87
 5: Epoch: 87
 2: Epoch: 87
15: Epoch: 87
10: Epoch: 87
 7: Epoch: 87
 2: Epoch: 88
12: Epoch: 88
 4: Epoch: 88
 0: Epoch: 88
13: Epoch: 88
 9: Epoch: 88
 6: Epoch: 88
 1: Epoch: 88
14: Epoch: 88
10: Epoch: 88
 5: Epoch: 88
 3: Epoch: 88
15: Epoch: 88
11: Epoch: 88
 7: Epoch: 88
 8: Epoch: 88
 0: Epoch: 89
 3: Epoch: 89
12: Epoch: 89
 8: Epoch: 89
 4: Epoch: 89
 1: Epoch: 89
13: Epoch: 89
 9: Epoch: 89
 6: Epoch: 89
 2: Epoch: 89
14: Epoch: 89
10: Epoch: 89
 7: Epoch: 89
11: Epoch: 89
 5: Epoch: 89
15: Epoch: 89
 8: Epoch: 90
 3: Epoch: 90
12: Epoch: 90
 9: Epoch: 90
 0: Epoch: 90
13: Epoch: 90
11: Epoch: 90
 4: Epoch: 90
 1: Epoch: 90
14: Epoch: 90
10: Epoch: 90
 6: Epoch: 90
 2: Epoch: 90
15: Epoch: 90
 5: Epoch: 90
 7: Epoch: 90
 0: Epoch: 91
 3: Epoch: 91
12: Epoch: 91
 8: Epoch: 91
 4: Epoch: 91
 1: Epoch: 91
 2: Epoch: 91
13: Epoch: 91
 9: Epoch: 91
 6: Epoch: 91
14: Epoch: 91
10: Epoch: 91
 7: Epoch: 91
11: Epoch: 91
 5: Epoch: 91
15: Epoch: 91
 2: Epoch: 92
 0: Epoch: 92
12: Epoch: 92
 1: Epoch: 92
 8: Epoch: 92
 4: Epoch: 92
 3: Epoch: 92
13: Epoch: 92
 9: Epoch: 92
 6: Epoch: 92
14: Epoch: 92
10: Epoch: 92
 5: Epoch: 92
11: Epoch: 92
 7: Epoch: 92
15: Epoch: 92
 0: Epoch: 93
12: Epoch: 93
 8: Epoch: 93
 4: Epoch: 93
 2: Epoch: 93
13: Epoch: 93
 9: Epoch: 93
 6: Epoch: 93
 1: Epoch: 93
14: Epoch: 93
10: Epoch: 93
 5: Epoch: 93
 3: Epoch: 93
15: Epoch: 93
11: Epoch: 93
 7: Epoch: 93
 2: Epoch: 94
 0: Epoch: 94
12: Epoch: 94
 8: Epoch: 94
 4: Epoch: 94
 1: Epoch: 94
13: Epoch: 94
 9: Epoch: 94
 6: Epoch: 94
 3: Epoch: 94
14: Epoch: 94
11: Epoch: 94
 5: Epoch: 94
15: Epoch: 94
10: Epoch: 94
 7: Epoch: 94
 1: Epoch: 95
 0: Epoch: 95
12: Epoch: 95
 8: Epoch: 95
 4: Epoch: 95
 2: Epoch: 95
 6: Epoch: 95
 3: Epoch: 95
13: Epoch: 95
10: Epoch: 95
 5: Epoch: 95
14: Epoch: 95
11: Epoch: 95
 7: Epoch: 95
15: Epoch: 95
 9: Epoch: 95
10: Epoch: 96
 0: Epoch: 96
12: Epoch: 96
 1: Epoch: 96
13: Epoch: 96
 8: Epoch: 96
 4: Epoch: 96
 2: Epoch: 96
14: Epoch: 96
 9: Epoch: 96
 6: Epoch: 96
 3: Epoch: 96
11: Epoch: 96
 5: Epoch: 96
 7: Epoch: 96
15: Epoch: 96
 0: Epoch: 97
 8: Epoch: 97
 1: Epoch: 97
12: Epoch: 97
 9: Epoch: 97
 4: Epoch: 97
 2: Epoch: 97
10: Epoch: 97
 6: Epoch: 97
 3: Epoch: 97
11: Epoch: 97
 5: Epoch: 97
13: Epoch: 97
 7: Epoch: 97
14: Epoch: 97
15: Epoch: 97
 0: Epoch: 98
 4: Epoch: 98
 1: Epoch: 98
12: Epoch: 98
 6: Epoch: 98
 2: Epoch: 98
 9: Epoch: 98
 7: Epoch: 98
 3: Epoch: 98
14: Epoch: 98
13: Epoch: 98
15: Epoch: 98
10: Epoch: 98
11: Epoch: 98
 8: Epoch: 98
 5: Epoch: 98
 0: Epoch: 99
 1: Epoch: 99
12: Epoch: 99
 8: Epoch: 99
 4: Epoch: 99
 2: Epoch: 99
13: Epoch: 99
 3: Epoch: 99
14: Epoch: 99
10: Epoch: 99
 6: Epoch: 99
11: Epoch: 99
 5: Epoch: 99
 7: Epoch: 99
15: Epoch: 99
 9: Epoch: 99
15: total_time: 290.39865350723267
15: rank: 15 timings: defaultdict(<class 'float'>, {'broadcast': 238.4780077934265, 'barrier': 33.25245022773743, 'spmm_gpu': 12.401532649993896, 'reduce': 6.016409397125244})
14: total_time: 290.3912789821625
14: rank: 14 timings: defaultdict(<class 'float'>, {'broadcast': 264.7055695056915, 'barrier': 7.083292722702026, 'spmm_gpu': 12.346287488937378, 'reduce': 6.0178446769714355})
13: total_time: 290.3814356327057
13: rank: 13 timings: defaultdict(<class 'float'>, {'broadcast': 240.6542935371399, 'barrier': 31.02683663368225, 'spmm_gpu': 12.441567420959473, 'reduce': 6.0225958824157715})
10: total_time: 290.38786697387695
10: rank: 10 timings: defaultdict(<class 'float'>, {'broadcast': 248.4502191543579, 'barrier': 23.31916904449463, 'spmm_gpu': 12.373085260391235, 'reduce': 6.022794008255005})
 9: total_time: 290.3825080394745
 9: rank: 9 timings: defaultdict(<class 'float'>, {'broadcast': 247.16658663749695, 'barrier': 24.422080278396606, 'spmm_gpu': 12.534604787826538, 'reduce': 6.024421691894531})
 1: total_time: 290.382452249527
 1: rank: 1 timings: defaultdict(<class 'float'>, {'broadcast': 249.36815476417542, 'barrier': 21.92249035835266, 'spmm_gpu': 12.811744689941406, 'reduce': 6.0490477085113525})
 2: total_time: 290.38244223594666
 2: rank: 2 timings: defaultdict(<class 'float'>, {'broadcast': 249.75928568840027, 'barrier': 21.853881359100342, 'spmm_gpu': 12.460290908813477, 'reduce': 6.0528810024261475})
 0: total_time: 290.3824498653412
 0: rank: 0 timings: defaultdict(<class 'float'>, {'broadcast': 254.07200479507446, 'barrier': 17.29580283164978, 'spmm_gpu': 12.728478908538818, 'reduce': 6.051049709320068})
12: total_time: 290.392062664032
12: rank: 12 timings: defaultdict(<class 'float'>, {'broadcast': 264.7779846191406, 'barrier': 7.009020805358887, 'spmm_gpu': 12.360098838806152, 'reduce': 6.023011922836304})
 8: total_time: 290.38788318634033
 8: rank: 8 timings: defaultdict(<class 'float'>, {'broadcast': 249.07063841819763, 'barrier': 22.50344967842102, 'spmm_gpu': 12.564791440963745, 'reduce': 6.026665925979614})
11: total_time: 290.38250160217285
11: rank: 11 timings: defaultdict(<class 'float'>, {'broadcast': 247.9453365802765, 'barrier': 23.697025060653687, 'spmm_gpu': 12.460546493530273, 'reduce': 6.022715330123901})
 3: total_time: 290.382461309433
 3: rank: 3 timings: defaultdict(<class 'float'>, {'broadcast': 249.33180117607117, 'barrier': 22.233545780181885, 'spmm_gpu': 12.513899326324463, 'reduce': 6.0510640144348145})
 6: total_time: 290.3985915184021
 6: rank: 6 timings: defaultdict(<class 'float'>, {'broadcast': 242.04468536376953, 'barrier': 29.346216678619385, 'spmm_gpu': 12.697935581207275, 'reduce': 6.065688848495483})
 7: total_time: 290.38480019569397
 7: rank: 7 timings: defaultdict(<class 'float'>, {'broadcast': 256.4901132583618, 'barrier': 14.881693363189697, 'spmm_gpu': 12.684749841690063, 'reduce': 6.0634520053863525})
 5: total_time: 290.3851864337921
 5: rank: 5 timings: defaultdict(<class 'float'>, {'broadcast': 256.56255316734314, 'barrier': 14.995986461639404, 'spmm_gpu': 12.513593435287476, 'reduce': 6.068976640701294})
 4: total_time: 290.3881256580353
 4: rank: 4 timings: defaultdict(<class 'float'>, {'broadcast': 245.3001630306244, 'barrier': 26.36031174659729, 'spmm_gpu': 12.423266410827637, 'reduce': 6.06825065612793})
