0: Namespace(aggregator_type='gcn', batch_size=256, dataset='reddit', dist_backend='nccl', dist_url='env://', dropout=0.5, gpu=-1, hostname='127.0.0.1', lr=0.01, n_bulkmb=512, n_darts=-1, n_epochs=1, n_hidden=16, n_layers=1, normalize=False, partitioning='ONE5D', rank=-1, replication=1, samp_num=256, weight_decay=0.0, world_size=-1)
0: hostname: nid002964
0: hostname: nid002964 rank: 0 size: 1
0: start partitioning
0: rank: 0 adj_matrix_loc.size: torch.Size([232965, 232965])
0: rank: 0 inputs_loc.size: torch.Size([232965, 602])
0: end partitioning
0: coalescing
0: normalizing
0: done normalizing
0: imid: 18166615 val: 0.817233 arr[imid]: 256.417358
0: imid: 9083307 val: 0.817233 arr[imid]: 128.898560
0: imid: 4541653 val: 0.817233 arr[imid]: 64.081360
0: imid: 2270826 val: 0.817233 arr[imid]: 31.746990
0: imid: 1135412 val: 0.817233 arr[imid]: 15.978256
0: imid: 567705 val: 0.817233 arr[imid]: 8.033811
0: imid: 283852 val: 0.817233 arr[imid]: 4.154286
0: imid: 141925 val: 0.817233 arr[imid]: 2.080449
0: imid: 70962 val: 0.817233 arr[imid]: 0.972775
0: imid: 35480 val: 0.817233 arr[imid]: 0.488077
0: imid: 53221 val: 0.817233 arr[imid]: 0.730208
0: imid: 62091 val: 0.817233 arr[imid]: 0.852156
0: imid: 57656 val: 0.817233 arr[imid]: 0.791403
0: imid: 59873 val: 0.817233 arr[imid]: 0.820989
0: imid: 58764 val: 0.817233 arr[imid]: 0.806108
0: imid: 59318 val: 0.817233 arr[imid]: 0.813626
0: imid: 59595 val: 0.817233 arr[imid]: 0.817638
0: imid: 59456 val: 0.817233 arr[imid]: 0.815839
0: imid: 59525 val: 0.817233 arr[imid]: 0.816724
0: imid: 59560 val: 0.817233 arr[imid]: 0.817125
0: imid: 59577 val: 0.817233 arr[imid]: 0.817343
0: imid: 59568 val: 0.817233 arr[imid]: 0.817230
0: imid: 59572 val: 0.817233 arr[imid]: 0.817272
0: imid: 59570 val: 0.817233 arr[imid]: 0.817251
0: imid: 59569 val: 0.817233 arr[imid]: 0.817237
0: imid: 18166615 val: 0.817233 arr[imid]: 256.417145
0: imid: 9083307 val: 0.817233 arr[imid]: 128.898499
0: imid: 4541653 val: 0.817233 arr[imid]: 64.081367
0: imid: 2270826 val: 0.817233 arr[imid]: 31.746983
0: imid: 1135412 val: 0.817233 arr[imid]: 15.978255
0: imid: 567705 val: 0.817233 arr[imid]: 8.033811
0: imid: 283852 val: 0.817233 arr[imid]: 4.154286
0: imid: 141925 val: 0.817233 arr[imid]: 2.080449
0: imid: 70962 val: 0.817233 arr[imid]: 0.972775
0: imid: 35480 val: 0.817233 arr[imid]: 0.488077
0: imid: 53221 val: 0.817233 arr[imid]: 0.730208
0: imid: 62091 val: 0.817233 arr[imid]: 0.852156
0: imid: 57656 val: 0.817233 arr[imid]: 0.791403
0: imid: 59873 val: 0.817233 arr[imid]: 0.820989
0: imid: 58764 val: 0.817233 arr[imid]: 0.806108
0: imid: 59318 val: 0.817233 arr[imid]: 0.813626
0: imid: 59595 val: 0.817233 arr[imid]: 0.817638
0: imid: 59456 val: 0.817233 arr[imid]: 0.815839
0: imid: 59525 val: 0.817233 arr[imid]: 0.816724
0: imid: 59560 val: 0.817233 arr[imid]: 0.817125
0: imid: 59577 val: 0.817233 arr[imid]: 0.817343
0: imid: 59568 val: 0.817233 arr[imid]: 0.817230
0: imid: 59572 val: 0.817233 arr[imid]: 0.817272
0: imid: 59570 val: 0.817233 arr[imid]: 0.817251
0: imid: 59569 val: 0.817233 arr[imid]: 0.817237
0: n_darts: 125952
0: rank: 0 g_loc: tensor(indices=tensor([[     0,      0,      0,  ..., 232964, 232964, 232964],
0:                        [     0,    242,    249,  ..., 232594, 232634, 232964]]),
0:        values=tensor([1., 1., 1.,  ..., 1., 1., 1.]),
0:        device='cuda:0', size=(232965, 232965), nnz=114848857,
0:        layout=torch.sparse_coo)
0: rank: 0 batches_loc: tensor(indices=tensor([[     0,      0,      0,  ...,    511,    511,    511],
0:                        [195991, 117560, 100852,  ..., 210813,  53334, 131122]]),
0:        values=tensor([1., 1., 1.,  ..., 1., 1., 1.]),
0:        device='cuda:0', size=(512, 232965), nnz=131072, layout=torch.sparse_coo)
0: probability-spgemm: 473.3919677734375
0: before p._values(): tensor([3., 1., 3.,  ..., 1., 1., 1.], device='cuda:0')
0: before p._values()[56912]: 2.0 p_den[row[56912]]: 142332.0
0: compute-p: 61.10249710083008
0: p.nnz: 36333230
0: pre-loop: 1.451200008392334
0: p._values()[56912]: 1.4051654034119565e-05 ps_p_values[56912]: 0.7808363437652588
0: iter_count: 1 dart_values: tensor([0.3990, 0.5167, 0.0249,  ..., 0.3437, 0.9927, 0.5703], device='cuda:0')
0: iter_count: 1 dart_values_scaled: tensor([3.9905e-01, 5.1668e-01, 2.4930e-02,  ..., 5.1134e+02, 5.1199e+02,
0:         5.1157e+02], device='cuda:0')
0: iter_count: 1 dart_hits_count.nnzidxs: tensor([[       1],
0:         [       3],
0:         [       4],
0:         ...,
0:         [36333219],
0:         [36333221],
0:         [36333226]], device='cuda:0')
0: iter_count: 1 dart_hits_count.nnzidxs.size: torch.Size([18000704, 1])
0: iter_count: 1 dart_hits_count.sum: 64487424
0: iter_count: 1 dart_hits_map: tensor([   28897,    37545,     1807,  ..., 36289331, 36332750, 36304529],
0:        device='cuda:0', dtype=torch.int32)
0: iter_count: 1 dart_hits_count: tensor([[3],
0:         [1],
0:         [1],
0:         ...,
0:         [2],
0:         [3],
0:         [2]], device='cuda:0', dtype=torch.int32)
0: iter_count: 1 ps_p_values: tensor([0.0000e+00, 2.1077e-05, 2.8103e-05,  ..., 5.1200e+02, 5.1200e+02,
0:         5.1200e+02], device='cuda:0')
0: construct-nextf: 0.834559977054596
0: total_time: 1820.016845703125
0: spgemm-matc-inst total_time: 0.060736000537872314 avg_time 0.060736000537872314
0: spgemm-bcast-nnz total_time: 123.55779266357422 avg_time 123.55779266357422
0: spgemm-inst-recv total_time: 3.5558080673217773 avg_time 3.5558080673217773
0: spgemm-bcast-data total_time: 0.09337600320577621 avg_time 0.09337600320577621
0: spgemm-preproc-local total_time: 0.5993279814720154 avg_time 0.5993279814720154
0: spgemm-local-spgemm total_time: 223.27728271484375 avg_time 223.27728271484375
0: spgemm-chunk-inst total_time: 1.167680025100708 avg_time 1.167680025100708
0: spgemm-chunk-coalesce total_time: 33.264705657958984 avg_time 33.264705657958984
0: spgemm-chunk-add total_time: 1.1167999505996704 avg_time 1.1167999505996704
0: spgemm-matc-coalesce total_time: 0.01235199999064207 avg_time 0.01235199999064207
0: spgemm-reduce-nnz total_time: 37.626495361328125 avg_time 37.626495361328125
0: spgemm-padding total_time: 1.8718719482421875 avg_time 1.8718719482421875
0: spgemm-allgather total_time: 2.272831916809082 avg_time 2.272831916809082
0: spgemm-preproc-reduce total_time: 1.1596800088882446 avg_time 1.1596800088882446
0: spgemm-reduce total_time: 40.225215911865234 avg_time 40.225215911865234
0: spgemm-unpad total_time: 3.052704095840454 avg_time 3.052704095840454
0: prob-rowsum total_time: 0.612608015537262 avg_time 0.612608015537262
0: gen-darts total_time: 0.23974399268627167 avg_time 0.23974399268627167
0: dart-throw total_time: 1.302880048751831 avg_time 1.302880048751831
0: filter_darts total_time: 9.320735931396484 avg_time 9.320735931396484
0: add-to-frontier total_time: 1.856287956237793 avg_time 1.856287956237793
0: count_samples total_time: 30.434911727905273 avg_time 30.434911727905273
0: select-preproc total_time: 0.15148800611495972 avg_time 0.15148800611495972
0: select-psoverflow total_time: 0.6426879912614822 avg_time 0.06426879912614822
0: select-reciprocal total_time: 13.074944019317627 avg_time 1.3074944019317627
0: select-instmtx total_time: 11.400192022323608 avg_time 1.1400192022323608
0: select-invsum total_time: 589.2849617004395 avg_time 58.92849617004394
0: select-psinv total_time: 0.7217599973082542 avg_time 0.07217599973082542
0: select-computedarts total_time: 1.292479995638132 avg_time 0.12924799956381322
0: select-throwdarts total_time: 5.817088067531586 avg_time 0.5817088067531586
0: select-add-to-frontier total_time: 16.777632117271423 avg_time 1.6777632117271424
0: select-samplecount total_time: 307.49686431884766 avg_time 30.749686431884765
0: select-overflow total_time: 0.7064639925956726 avg_time 0.07064639925956726
0: select-iter total_time: 949.5877990722656 avg_time 94.95877990722656
0: dart-selection total_time: 949.9708251953125 avg_time 949.9708251953125
0: set-probs total_time: 1.7460800409317017 avg_time 1.7460800409317017
0: compute-bool total_time: 0.056543998420238495 avg_time 0.056543998420238495
0: sampling-iters total_time: 997.7376098632812 avg_time 997.7376098632812
0: select-mtxs total_time: 1.0613759756088257 avg_time 1.0613759756088257
0: row-select-spgemm total_time: 201.4571533203125 avg_time 201.4571533203125
0: row-select-expand total_time: 2.8359999656677246 avg_time 2.8359999656677246
0: col-select-spgemm total_time: 79.69513702392578 avg_time 79.69513702392578
0: set-sample total_time: 0.1319040060043335 avg_time 0.1319040060043335
0: iter_count: 1
0: selection_iter_count: 10
0: 
0: probability-spgemm: 184.28134155273438
0: before p._values(): tensor([3., 1., 3.,  ..., 1., 1., 1.], device='cuda:0')
0: before p._values()[56912]: 2.0 p_den[row[56912]]: 142332.0
0: compute-p: 60.85647964477539
0: p.nnz: 36333230
0: pre-loop: 1.4413119554519653
0: p._values()[56912]: 1.4051654034119565e-05 ps_p_values[56912]: 0.7808363437652588
0: iter_count: 1 dart_values: tensor([0.3990, 0.5167, 0.0249,  ..., 0.3437, 0.9927, 0.5703], device='cuda:0')
0: iter_count: 1 dart_values_scaled: tensor([3.9905e-01, 5.1668e-01, 2.4930e-02,  ..., 5.1134e+02, 5.1199e+02,
0:         5.1157e+02], device='cuda:0')
0: iter_count: 1 dart_hits_count.nnzidxs: tensor([[       0],
0:         [       1],
0:         [       3],
0:         ...,
0:         [36333219],
0:         [36333221],
0:         [36333224]], device='cuda:0')
0: iter_count: 1 dart_hits_count.nnzidxs.size: torch.Size([17999426, 1])
0: iter_count: 1 dart_hits_count.sum: 64487424
0: iter_count: 1 dart_hits_map: tensor([   28897,    37545,     1807,  ..., 36289345, 36332774, 36304546],
0:        device='cuda:0', dtype=torch.int32)
0: iter_count: 1 dart_hits_count: tensor([[36],
0:         [ 3],
0:         [ 1],
0:         ...,
0:         [ 4],
0:         [ 3],
0:         [ 2]], device='cuda:0', dtype=torch.int32)
0: iter_count: 1 ps_p_values: tensor([0.0000e+00, 2.1077e-05, 2.8103e-05,  ..., 5.1200e+02, 5.1200e+02,
0:         5.1200e+02], device='cuda:0')
0: construct-nextf: 0.7904639840126038
0: total_time: 1524.7774658203125
0: spgemm-matc-inst total_time: 0.04438399896025658 avg_time 0.04438399896025658
0: spgemm-bcast-nnz total_time: 0.08675199747085571 avg_time 0.08675199747085571
0: spgemm-inst-recv total_time: 3.5789759159088135 avg_time 3.5789759159088135
0: spgemm-bcast-data total_time: 0.06678400188684464 avg_time 0.06678400188684464
0: spgemm-preproc-local total_time: 0.22096000611782074 avg_time 0.22096000611782074
0: spgemm-local-spgemm total_time: 96.86115264892578 avg_time 96.86115264892578
0: spgemm-chunk-inst total_time: 1.154528021812439 avg_time 1.154528021812439
0: spgemm-chunk-coalesce total_time: 33.27449417114258 avg_time 33.27449417114258
0: spgemm-chunk-add total_time: 1.1093759536743164 avg_time 1.1093759536743164
0: spgemm-matc-coalesce total_time: 0.012256000190973282 avg_time 0.012256000190973282
0: spgemm-reduce-nnz total_time: 0.09273599833250046 avg_time 0.09273599833250046
0: spgemm-padding total_time: 1.8496320247650146 avg_time 1.8496320247650146
0: spgemm-allgather total_time: 2.2429440021514893 avg_time 2.2429440021514893
0: spgemm-preproc-reduce total_time: 1.153056025505066 avg_time 1.153056025505066
0: spgemm-reduce total_time: 39.10028839111328 avg_time 39.10028839111328
0: spgemm-unpad total_time: 3.0185279846191406 avg_time 3.0185279846191406
0: prob-rowsum total_time: 0.5772160291671753 avg_time 0.5772160291671753
0: gen-darts total_time: 0.21264000236988068 avg_time 0.21264000236988068
0: dart-throw total_time: 1.2690880298614502 avg_time 1.2690880298614502
0: filter_darts total_time: 9.313535690307617 avg_time 9.313535690307617
0: add-to-frontier total_time: 1.840448021888733 avg_time 1.840448021888733
0: count_samples total_time: 30.42483139038086 avg_time 30.42483139038086
0: select-preproc total_time: 0.07369600236415863 avg_time 0.07369600236415863
0: select-psoverflow total_time: 0.6427519991993904 avg_time 0.06427519991993905
0: select-reciprocal total_time: 13.018144130706787 avg_time 1.3018144130706788
0: select-instmtx total_time: 11.403391718864441 avg_time 1.1403391718864442
0: select-invsum total_time: 589.0520629882812 avg_time 58.905206298828126
0: select-psinv total_time: 0.7290239855647087 avg_time 0.07290239855647088
0: select-computedarts total_time: 1.2980800233781338 avg_time 0.12980800233781337
0: select-throwdarts total_time: 5.81113600730896 avg_time 0.581113600730896
0: select-add-to-frontier total_time: 16.790783882141113 avg_time 1.6790783882141114
0: select-samplecount total_time: 307.7421760559082 avg_time 30.77421760559082
0: select-overflow total_time: 0.7125119939446449 avg_time 0.07125119939446449
0: select-iter total_time: 949.5481796264648 avg_time 94.95481796264649
0: dart-selection total_time: 949.9288330078125 avg_time 949.9288330078125
0: set-probs total_time: 1.6976959705352783 avg_time 1.6976959705352783
0: compute-bool total_time: 0.045791998505592346 avg_time 0.045791998505592346
0: sampling-iters total_time: 997.4190063476562 avg_time 997.4190063476562
0: select-mtxs total_time: 0.9089279770851135 avg_time 0.9089279770851135
0: row-select-spgemm total_time: 196.4358367919922 avg_time 196.4358367919922
0: row-select-expand total_time: 2.838144063949585 avg_time 2.838144063949585
0: col-select-spgemm total_time: 79.38406372070312 avg_time 79.38406372070312
0: set-sample total_time: 0.12310399860143661 avg_time 0.12310399860143661
0: iter_count: 1
0: selection_iter_count: 10
0: 
0: return_dart_count1.nnzidxs: tensor([       1,        3,        4,  ..., 36333219, 36333221, 36333226],
0:        device='cuda:0')
0: return_dart_count1: tensor([3, 1, 1,  ..., 2, 3, 2], device='cuda:0', dtype=torch.int32)
0: return_dart_map1: tensor([   28897,    37545,     1807,  ..., 36289331, 36332750, 36304529],
0:        device='cuda:0', dtype=torch.int32)
0: return_dart_val1: tensor([3.9905e-01, 5.1668e-01, 2.4930e-02,  ..., 5.1134e+02, 5.1199e+02,
0:         5.1157e+02], device='cuda:0')
0: return_dart_count2.nnzidxs: tensor([       0,        1,        3,  ..., 36333219, 36333221, 36333224],
0:        device='cuda:0')
0: return_dart_count2: tensor([36,  3,  1,  ...,  4,  3,  2], device='cuda:0', dtype=torch.int32)
0: return_dart_map2: tensor([   28897,    37545,     1807,  ..., 36289345, 36332774, 36304546],
0:        device='cuda:0', dtype=torch.int32)
0: return_dart_val2: tensor([3.9905e-01, 5.1668e-01, 2.4930e-02,  ..., 5.1134e+02, 5.1199e+02,
0:         5.1157e+02], device='cuda:0')
0: 
0: unmatched_darts: tensor([    6396,     6582,     7501,  ..., 64487421, 64487422, 64487423],
0:        device='cuda:0')
0: unmatched_darts.size: torch.Size([53266787])
0: dart_map1[unmatched]: tensor([   68599,    58618,    35396,  ..., 36289331, 36332750, 36304529],
0:        device='cuda:0', dtype=torch.int32)
0: dart_map2[unmatched]: tensor([   68598,    58619,    35397,  ..., 36289345, 36332774, 36304546],
0:        device='cuda:0', dtype=torch.int32)
0: 
0: dart_vals1[unmatched]: tensor([9.4084e-01, 8.0435e-01, 4.8709e-01,  ..., 5.1134e+02, 5.1199e+02,
0:         5.1157e+02], device='cuda:0')
0: dart_vals2[unmatched]: tensor([9.4084e-01, 8.0435e-01, 4.8709e-01,  ..., 5.1134e+02, 5.1199e+02,
0:         5.1157e+02], device='cuda:0')
0: 
0: ps_pvals1[map1unmatched]: tensor([9.4086e-01, 8.0435e-01, 4.8709e-01,  ..., 5.1134e+02, 5.1199e+02,
0:         5.1157e+02], device='cuda:0')
0: ps_pvals2[map1unmatched]: tensor([9.4086e-01, 8.0435e-01, 4.8709e-01,  ..., 5.1134e+02, 5.1199e+02,
0:         5.1157e+02], device='cuda:0')
0: 
0: ps_pvals1[map2unmatched]: tensor([9.4084e-01, 8.0436e-01, 4.8711e-01,  ..., 5.1134e+02, 5.1199e+02,
0:         5.1157e+02], device='cuda:0')
0: ps_pvals2[map2unmatched]: tensor([9.4084e-01, 8.0436e-01, 4.8711e-01,  ..., 5.1134e+02, 5.1199e+02,
0:         5.1157e+02], device='cuda:0')
