srun: Warning: can't honor --ntasks-per-node set to 4 which doesn't match the requested tasks 16 with the number of requested nodes 16. Ignoring --ntasks-per-node.
 0: Namespace(dataset='Amazon_Large', dropout=0.5, gpu=4, lr=0.01, n_epochs=100, n_hidden=16, n_layers=1, weight_decay=0.0, aggregator_type='gcn', world_size=-1, rank=-1, dist_url='env://', dist_backend='nccl', hostname='nid001312', normalize=False, partitioning='ONED', timers=True, partitions='/pscratch/sd/j/jinimukh/Amazon_Large_16/processed/partitions.txt')
 0: hostname: nid001312 rank: 0 size: 16
 1: Namespace(dataset='Amazon_Large', dropout=0.5, gpu=4, lr=0.01, n_epochs=100, n_hidden=16, n_layers=1, weight_decay=0.0, aggregator_type='gcn', world_size=-1, rank=-1, dist_url='env://', dist_backend='nccl', hostname='nid001312', normalize=False, partitioning='ONED', timers=True, partitions='/pscratch/sd/j/jinimukh/Amazon_Large_16/processed/partitions.txt')
 1: hostname: nid001684 rank: 1 size: 16
14: Namespace(dataset='Amazon_Large', dropout=0.5, gpu=4, lr=0.01, n_epochs=100, n_hidden=16, n_layers=1, weight_decay=0.0, aggregator_type='gcn', world_size=-1, rank=-1, dist_url='env://', dist_backend='nccl', hostname='nid001312', normalize=False, partitioning='ONED', timers=True, partitions='/pscratch/sd/j/jinimukh/Amazon_Large_16/processed/partitions.txt')
14: hostname: nid008516 rank: 14 size: 16
 9: Namespace(dataset='Amazon_Large', dropout=0.5, gpu=4, lr=0.01, n_epochs=100, n_hidden=16, n_layers=1, weight_decay=0.0, aggregator_type='gcn', world_size=-1, rank=-1, dist_url='env://', dist_backend='nccl', hostname='nid001312', normalize=False, partitioning='ONED', timers=True, partitions='/pscratch/sd/j/jinimukh/Amazon_Large_16/processed/partitions.txt')
 9: hostname: nid008392 rank: 9 size: 16
 3: Namespace(dataset='Amazon_Large', dropout=0.5, gpu=4, lr=0.01, n_epochs=100, n_hidden=16, n_layers=1, weight_decay=0.0, aggregator_type='gcn', world_size=-1, rank=-1, dist_url='env://', dist_backend='nccl', hostname='nid001312', normalize=False, partitioning='ONED', timers=True, partitions='/pscratch/sd/j/jinimukh/Amazon_Large_16/processed/partitions.txt')
 3: hostname: nid002657 rank: 3 size: 16
10: Namespace(dataset='Amazon_Large', dropout=0.5, gpu=4, lr=0.01, n_epochs=100, n_hidden=16, n_layers=1, weight_decay=0.0, aggregator_type='gcn', world_size=-1, rank=-1, dist_url='env://', dist_backend='nccl', hostname='nid001312', normalize=False, partitioning='ONED', timers=True, partitions='/pscratch/sd/j/jinimukh/Amazon_Large_16/processed/partitions.txt')
10: hostname: nid008393 rank: 10 size: 16
 2: Namespace(dataset='Amazon_Large', dropout=0.5, gpu=4, lr=0.01, n_epochs=100, n_hidden=16, n_layers=1, weight_decay=0.0, aggregator_type='gcn', world_size=-1, rank=-1, dist_url='env://', dist_backend='nccl', hostname='nid001312', normalize=False, partitioning='ONED', timers=True, partitions='/pscratch/sd/j/jinimukh/Amazon_Large_16/processed/partitions.txt')
 2: hostname: nid002181 rank: 2 size: 16
 6: Namespace(dataset='Amazon_Large', dropout=0.5, gpu=4, lr=0.01, n_epochs=100, n_hidden=16, n_layers=1, weight_decay=0.0, aggregator_type='gcn', world_size=-1, rank=-1, dist_url='env://', dist_backend='nccl', hostname='nid001312', normalize=False, partitioning='ONED', timers=True, partitions='/pscratch/sd/j/jinimukh/Amazon_Large_16/processed/partitions.txt')
 6: hostname: nid003165 rank: 6 size: 16
11: Namespace(dataset='Amazon_Large', dropout=0.5, gpu=4, lr=0.01, n_epochs=100, n_hidden=16, n_layers=1, weight_decay=0.0, aggregator_type='gcn', world_size=-1, rank=-1, dist_url='env://', dist_backend='nccl', hostname='nid001312', normalize=False, partitioning='ONED', timers=True, partitions='/pscratch/sd/j/jinimukh/Amazon_Large_16/processed/partitions.txt')
11: hostname: nid008396 rank: 11 size: 16
 8: Namespace(dataset='Amazon_Large', dropout=0.5, gpu=4, lr=0.01, n_epochs=100, n_hidden=16, n_layers=1, weight_decay=0.0, aggregator_type='gcn', world_size=-1, rank=-1, dist_url='env://', dist_backend='nccl', hostname='nid001312', normalize=False, partitioning='ONED', timers=True, partitions='/pscratch/sd/j/jinimukh/Amazon_Large_16/processed/partitions.txt')
 8: hostname: nid003468 rank: 8 size: 16
12: Namespace(dataset='Amazon_Large', dropout=0.5, gpu=4, lr=0.01, n_epochs=100, n_hidden=16, n_layers=1, weight_decay=0.0, aggregator_type='gcn', world_size=-1, rank=-1, dist_url='env://', dist_backend='nccl', hostname='nid001312', normalize=False, partitioning='ONED', timers=True, partitions='/pscratch/sd/j/jinimukh/Amazon_Large_16/processed/partitions.txt')
12: hostname: nid008437 rank: 12 size: 16
 5: Namespace(dataset='Amazon_Large', dropout=0.5, gpu=4, lr=0.01, n_epochs=100, n_hidden=16, n_layers=1, weight_decay=0.0, aggregator_type='gcn', world_size=-1, rank=-1, dist_url='env://', dist_backend='nccl', hostname='nid001312', normalize=False, partitioning='ONED', timers=True, partitions='/pscratch/sd/j/jinimukh/Amazon_Large_16/processed/partitions.txt')
 5: hostname: nid002889 rank: 5 size: 16
 4: Namespace(dataset='Amazon_Large', dropout=0.5, gpu=4, lr=0.01, n_epochs=100, n_hidden=16, n_layers=1, weight_decay=0.0, aggregator_type='gcn', world_size=-1, rank=-1, dist_url='env://', dist_backend='nccl', hostname='nid001312', normalize=False, partitioning='ONED', timers=True, partitions='/pscratch/sd/j/jinimukh/Amazon_Large_16/processed/partitions.txt')
 4: hostname: nid002872 rank: 4 size: 16
13: Namespace(dataset='Amazon_Large', dropout=0.5, gpu=4, lr=0.01, n_epochs=100, n_hidden=16, n_layers=1, weight_decay=0.0, aggregator_type='gcn', world_size=-1, rank=-1, dist_url='env://', dist_backend='nccl', hostname='nid001312', normalize=False, partitioning='ONED', timers=True, partitions='/pscratch/sd/j/jinimukh/Amazon_Large_16/processed/partitions.txt')
13: hostname: nid008440 rank: 13 size: 16
15: Namespace(dataset='Amazon_Large', dropout=0.5, gpu=4, lr=0.01, n_epochs=100, n_hidden=16, n_layers=1, weight_decay=0.0, aggregator_type='gcn', world_size=-1, rank=-1, dist_url='env://', dist_backend='nccl', hostname='nid001312', normalize=False, partitioning='ONED', timers=True, partitions='/pscratch/sd/j/jinimukh/Amazon_Large_16/processed/partitions.txt')
15: hostname: nid008517 rank: 15 size: 16
 7: Namespace(dataset='Amazon_Large', dropout=0.5, gpu=4, lr=0.01, n_epochs=100, n_hidden=16, n_layers=1, weight_decay=0.0, aggregator_type='gcn', world_size=-1, rank=-1, dist_url='env://', dist_backend='nccl', hostname='nid001312', normalize=False, partitioning='ONED', timers=True, partitions='/pscratch/sd/j/jinimukh/Amazon_Large_16/processed/partitions.txt')
 7: hostname: nid003320 rank: 7 size: 16
 1: 1
 1: Loading coo...
10: 2
10: Loading coo...
14: 2
14: Loading coo...
 2: 2
 2: Loading coo...
 8: 0
 8: Loading coo...
11: 3
11: Loading coo...
 6: 2
 6: Loading coo...
12: 0
12: Loading coo...
 9: 1
 9: Loading coo...
15: 3
15: Loading coo...
 7: 3
 7: Loading coo...
 0: 0
 0: Loading coo...
 4: 0
 4: Loading coo...
 5: 1
 5: Loading coo...
 3: 3
 3: Loading coo...
13: 1
13: Loading coo...
 0: Done loading coo
 1: Done loading coo
 2: Done loading coo
 3: Done loading coo
14: Done loading coo
 7: Done loading coo
15: Done loading coo
10: Done loading coo
11: Done loading coo
 9: Done loading coo
12: Done loading coo
13: Done loading coo
 6: Done loading coo
 5: Done loading coo
 4: Done loading coo
 8: Done loading coo
 1: 210007
 1: 211514
 1: 213688
 1: 214096
 1: 212232
 1: 219044
 1: 219171
 1: 226163
 1: 212382
 1: 219209
 1: 219238
 1: 226364
 1: 221495
 1: 226236
 1: 223541
 1: 230839
 1: 225829
 1: 232859
 1: 222117
 1: 229071
 1: 223827
 1: 226363
 1: 216285
 1: 223345
 1: 227073
 1: 221551
 1: 228552
 1: 232971
 1: 231188
 1: 223927
 1: 223687
 1: 230955
 1: 207162
 1: 212424
 1: 213122
 1: 220076
 1: 211831
 1: 218619
 1: 218665
 1: 225691
 1: 216229
 1: 223286
 1: 219801
 1: 226654
 1: 217280
 1: 224338
 1: 227656
 1: 228345
 1: 233193
 1: 226572
 1: 232342
 1: 231679
 1: 222051
 1: 229208
 1: 222214
 1: 228794
 1: 215558
 1: 222535
 1: 226868
 1: 225118
 1: 222888
 1: 224078
 1: 221690
 1: 228853
 1: partitioning...
 0: 210007
 0: 211514
 0: 213688
 0: 214096
 0: 212232
 0: 219044
 0: 219171
 0: 226163
 0: 212382
 0: 219209
 0: 219238
 0: 226364
 0: 221495
 0: 226236
 0: 223541
 0: 230839
 0: 225829
 0: 232859
 0: 222117
 0: 229071
 0: 223827
 0: 226363
 0: 216285
 0: 223345
 0: 227073
 0: 221551
 0: 228552
 0: 232971
 0: 231188
 0: 223927
 0: 223687
 0: 230955
 0: 207162
 0: 212424
 0: 213122
 0: 220076
 0: 211831
 0: 218619
 0: 218665
 0: 225691
 0: 216229
 0: 223286
 0: 219801
 0: 226654
 0: 217280
 0: 224338
 0: 227656
 0: 228345
 0: 233193
 0: 226572
 0: 232342
 0: 231679
 0: 222051
 0: 229208
 0: 222214
 0: 228794
 0: 215558
 0: 222535
 0: 226868
 0: 225118
 0: 222888
 0: 224078
 0: 221690
 0: 228853
 0: partitioning...
 3: 210007
 3: 211514
 3: 213688
 3: 214096
 3: 212232
 3: 219044
 3: 219171
 3: 226163
 3: 212382
 3: 219209
 3: 219238
 3: 226364
 3: 221495
 3: 226236
 3: 223541
 3: 230839
 3: 225829
 3: 232859
 3: 222117
 3: 229071
 3: 223827
 3: 226363
 3: 216285
 3: 223345
 3: 227073
 3: 221551
 3: 228552
 3: 232971
 3: 231188
 3: 223927
 3: 223687
 3: 230955
 3: 207162
 3: 212424
 3: 213122
 3: 220076
 3: 211831
 3: 218619
 3: 218665
 3: 225691
 3: 216229
 3: 223286
 3: 219801
 3: 226654
 3: 217280
 3: 224338
 3: 227656
 3: 228345
 3: 233193
 3: 226572
 3: 232342
 3: 231679
 3: 222051
 3: 229208
 3: 222214
 3: 228794
 3: 215558
 3: 222535
 3: 226868
 3: 225118
 3: 222888
 3: 224078
 3: 221690
 3: 228853
 3: partitioning...
 2: 210007
 2: 211514
 2: 213688
 2: 214096
 2: 212232
 2: 219044
 2: 219171
 2: 226163
 2: 212382
 2: 219209
 2: 219238
 2: 226364
 2: 221495
 2: 226236
 2: 223541
 2: 230839
 2: 225829
 2: 232859
 2: 222117
 2: 229071
 2: 223827
 2: 226363
 2: 216285
 2: 223345
 2: 227073
 2: 221551
 2: 228552
 2: 232971
 2: 231188
 2: 223927
 2: 223687
 2: 230955
 2: 207162
 2: 212424
 2: 213122
 2: 220076
 2: 211831
 2: 218619
 2: 218665
 2: 225691
 2: 216229
 2: 223286
 2: 219801
 2: 226654
 2: 217280
 2: 224338
 2: 227656
 2: 228345
 2: 233193
 2: 226572
 2: 232342
 2: 231679
 2: 222051
 2: 229208
 2: 222214
 2: 228794
 2: 215558
 2: 222535
 2: 226868
 2: 225118
 2: 222888
 2: 224078
 2: 221690
 2: 228853
 2: partitioning...
 6: 210007
 6: 211514
 6: 213688
 6: 214096
 6: 212232
 6: 219044
 6: 219171
 6: 226163
 6: 212382
 6: 219209
 6: 219238
 6: 226364
 6: 221495
 6: 226236
 6: 223541
 6: 230839
 6: 225829
 6: 232859
 6: 222117
 6: 229071
 6: 223827
 6: 226363
 6: 216285
 6: 223345
 6: 227073
 6: 221551
 6: 228552
 6: 232971
 6: 231188
 6: 223927
 6: 223687
 6: 230955
 6: 207162
 6: 212424
 6: 213122
 6: 220076
 6: 211831
 6: 218619
 6: 218665
 6: 225691
 6: 216229
 6: 223286
 6: 219801
 6: 226654
 6: 217280
 6: 224338
 6: 227656
 6: 228345
 6: 233193
 6: 226572
 6: 232342
 6: 231679
 6: 222051
 6: 229208
 6: 222214
 6: 228794
 6: 215558
 6: 222535
 6: 226868
 6: 225118
 6: 222888
 6: 224078
 6: 221690
 6: 228853
 6: partitioning...
14: 210007
14: 211514
14: 213688
14: 214096
14: 212232
14: 219044
14: 219171
14: 226163
14: 212382
14: 219209
14: 219238
14: 226364
14: 221495
14: 226236
14: 223541
14: 230839
14: 225829
14: 232859
14: 222117
14: 229071
14: 223827
14: 226363
14: 216285
14: 223345
14: 227073
14: 221551
14: 228552
14: 232971
14: 231188
14: 223927
14: 223687
14: 230955
14: 207162
14: 212424
14: 213122
14: 220076
14: 211831
14: 218619
14: 218665
14: 225691
14: 216229
14: 223286
14: 219801
14: 226654
14: 217280
14: 224338
14: 227656
14: 228345
14: 233193
14: 226572
14: 232342
14: 231679
14: 222051
14: 229208
14: 222214
14: 228794
14: 215558
14: 222535
14: 226868
14: 225118
14: 222888
14: 224078
14: 221690
14: 228853
14: partitioning...
15: 210007
15: 211514
15: 213688
15: 214096
15: 212232
15: 219044
15: 219171
15: 226163
15: 212382
15: 219209
15: 219238
15: 226364
15: 221495
15: 226236
15: 223541
15: 230839
15: 225829
15: 232859
15: 222117
15: 229071
15: 223827
15: 226363
15: 216285
15: 223345
15: 227073
15: 221551
15: 228552
15: 232971
15: 231188
15: 223927
15: 223687
15: 230955
15: 207162
15: 212424
15: 213122
15: 220076
15: 211831
15: 218619
15: 218665
15: 225691
15: 216229
15: 223286
15: 219801
15: 226654
15: 217280
15: 224338
15: 227656
15: 228345
15: 233193
15: 226572
15: 232342
15: 231679
15: 222051
15: 229208
15: 222214
15: 228794
15: 215558
15: 222535
15: 226868
15: 225118
15: 222888
15: 224078
15: 221690
15: 228853
15: partitioning...
 7: 210007
 7: 211514
 7: 213688
 7: 214096
 7: 212232
 7: 219044
 7: 219171
 7: 226163
 7: 212382
 7: 219209
 7: 219238
 7: 226364
 7: 221495
 7: 226236
 7: 223541
 7: 230839
 7: 225829
 7: 232859
 7: 222117
 7: 229071
 7: 223827
 7: 226363
 7: 216285
 7: 223345
 7: 227073
 7: 221551
 7: 228552
 7: 232971
 7: 231188
 7: 223927
 7: 223687
 7: 230955
 7: 207162
 7: 212424
 7: 213122
 7: 220076
 7: 211831
 7: 218619
 7: 218665
 7: 225691
 7: 216229
 7: 223286
 7: 219801
 7: 226654
 7: 217280
 7: 224338
 7: 227656
 7: 228345
 7: 233193
 7: 226572
 7: 232342
 7: 231679
 7: 222051
 7: 229208
 7: 222214
 7: 228794
 7: 215558
 7: 222535
 7: 226868
 7: 225118
 7: 222888
 7: 224078
 7: 221690
 7: 228853
 7: partitioning...
10: 210007
10: 211514
10: 213688
10: 214096
10: 212232
10: 219044
10: 219171
10: 226163
10: 212382
10: 219209
10: 219238
10: 226364
10: 221495
10: 226236
10: 223541
10: 230839
10: 225829
10: 232859
10: 222117
10: 229071
10: 223827
10: 226363
10: 216285
10: 223345
10: 227073
10: 221551
10: 228552
10: 232971
10: 231188
10: 223927
10: 223687
10: 230955
10: 207162
10: 212424
10: 213122
10: 220076
10: 211831
10: 218619
10: 218665
10: 225691
10: 216229
10: 223286
10: 219801
10: 226654
10: 217280
10: 224338
10: 227656
10: 228345
10: 233193
10: 226572
10: 232342
10: 231679
10: 222051
10: 229208
10: 222214
10: 228794
10: 215558
10: 222535
10: 226868
10: 225118
10: 222888
10: 224078
10: 221690
10: 228853
10: partitioning...
 9: 210007
 9: 211514
 9: 213688
 9: 214096
 9: 212232
 9: 219044
 9: 219171
 9: 226163
 9: 212382
 9: 219209
 9: 219238
 9: 226364
 9: 221495
 9: 226236
 9: 223541
 9: 230839
 9: 225829
 9: 232859
 9: 222117
 9: 229071
 9: 223827
 9: 226363
 9: 216285
 9: 223345
 9: 227073
 9: 221551
 9: 228552
 9: 232971
 9: 231188
 9: 223927
 9: 223687
 9: 230955
 9: 207162
 9: 212424
 9: 213122
 9: 220076
 9: 211831
 9: 218619
 9: 218665
 9: 225691
 9: 216229
 9: 223286
 9: 219801
 9: 226654
 9: 217280
 9: 224338
 9: 227656
 9: 228345
 9: 233193
 9: 226572
 9: 232342
 9: 231679
 9: 222051
 9: 229208
 9: 222214
 9: 228794
 9: 215558
 9: 222535
 9: 226868
 9: 225118
 9: 222888
 9: 224078
 9: 221690
 9: 228853
 9: partitioning...
 8: 210007
 8: 211514
 8: 213688
 8: 214096
 8: 212232
 8: 219044
 8: 219171
 8: 226163
 8: 212382
 8: 219209
 8: 219238
 8: 226364
 8: 221495
 8: 226236
 8: 223541
 8: 230839
 8: 225829
 8: 232859
 8: 222117
 8: 229071
 8: 223827
 8: 226363
 8: 216285
 8: 223345
 8: 227073
 8: 221551
 8: 228552
 8: 232971
 8: 231188
 8: 223927
 8: 223687
 8: 230955
 8: 207162
 8: 212424
 8: 213122
 8: 220076
 8: 211831
 8: 218619
 8: 218665
 8: 225691
 8: 216229
 8: 223286
 8: 219801
 8: 226654
 8: 217280
 8: 224338
 8: 227656
 8: 228345
 8: 233193
 8: 226572
 8: 232342
 8: 231679
 8: 222051
 8: 229208
 8: 222214
 8: 228794
 8: 215558
 8: 222535
 8: 226868
 8: 225118
 8: 222888
 8: 224078
 8: 221690
 8: 228853
 8: partitioning...
11: 210007
11: 211514
11: 213688
11: 214096
11: 212232
11: 219044
11: 219171
11: 226163
11: 212382
11: 219209
11: 219238
11: 226364
11: 221495
11: 226236
11: 223541
11: 230839
11: 225829
11: 232859
11: 222117
11: 229071
11: 223827
11: 226363
11: 216285
11: 223345
11: 227073
11: 221551
11: 228552
11: 232971
11: 231188
11: 223927
11: 223687
11: 230955
11: 207162
11: 212424
11: 213122
11: 220076
11: 211831
11: 218619
11: 218665
11: 225691
11: 216229
11: 223286
11: 219801
11: 226654
11: 217280
11: 224338
11: 227656
11: 228345
11: 233193
11: 226572
11: 232342
11: 231679
11: 222051
11: 229208
11: 222214
11: 228794
11: 215558
11: 222535
11: 226868
11: 225118
11: 222888
11: 224078
11: 221690
11: 228853
11: partitioning...
12: 210007
12: 211514
12: 213688
12: 214096
12: 212232
12: 219044
12: 219171
12: 226163
12: 212382
12: 219209
12: 219238
12: 226364
12: 221495
12: 226236
12: 223541
12: 230839
12: 225829
12: 232859
12: 222117
12: 229071
12: 223827
12: 226363
12: 216285
12: 223345
12: 227073
12: 221551
12: 228552
12: 232971
12: 231188
12: 223927
12: 223687
12: 230955
12: 207162
12: 212424
12: 213122
12: 220076
12: 211831
12: 218619
12: 218665
12: 225691
12: 216229
12: 223286
12: 219801
12: 226654
12: 217280
12: 224338
12: 227656
12: 228345
12: 233193
12: 226572
12: 232342
12: 231679
12: 222051
12: 229208
12: 222214
12: 228794
12: 215558
12: 222535
12: 226868
12: 225118
12: 222888
12: 224078
12: 221690
12: 228853
12: partitioning...
 4: 210007
 4: 211514
 4: 213688
 4: 214096
 4: 212232
 4: 219044
 4: 219171
 4: 226163
 4: 212382
 4: 219209
 4: 219238
 4: 226364
 4: 221495
 4: 226236
 4: 223541
 4: 230839
 4: 225829
 4: 232859
 4: 222117
 4: 229071
 4: 223827
 4: 226363
 4: 216285
 4: 223345
 4: 227073
 4: 221551
 4: 228552
 4: 232971
 4: 231188
 4: 223927
 4: 223687
 4: 230955
 4: 207162
 4: 212424
 4: 213122
 4: 220076
 4: 211831
 4: 218619
 4: 218665
 4: 225691
 4: 216229
 4: 223286
 4: 219801
 4: 226654
 4: 217280
 4: 224338
 4: 227656
 4: 228345
 4: 233193
 4: 226572
 4: 232342
 4: 231679
 4: 222051
 4: 229208
 4: 222214
 4: 228794
 4: 215558
 4: 222535
 4: 226868
 4: 225118
 4: 222888
 4: 224078
 4: 221690
 4: 228853
 4: partitioning...
 5: 210007
 5: 211514
 5: 213688
 5: 214096
 5: 212232
 5: 219044
 5: 219171
 5: 226163
 5: 212382
 5: 219209
 5: 219238
 5: 226364
 5: 221495
 5: 226236
 5: 223541
 5: 230839
 5: 225829
 5: 232859
 5: 222117
 5: 229071
 5: 223827
 5: 226363
 5: 216285
 5: 223345
 5: 227073
 5: 221551
 5: 228552
 5: 232971
 5: 231188
 5: 223927
 5: 223687
 5: 230955
 5: 207162
 5: 212424
 5: 213122
 5: 220076
 5: 211831
 5: 218619
 5: 218665
 5: 225691
 5: 216229
 5: 223286
 5: 219801
 5: 226654
 5: 217280
 5: 224338
 5: 227656
 5: 228345
 5: 233193
 5: 226572
 5: 232342
 5: 231679
 5: 222051
 5: 229208
 5: 222214
 5: 228794
 5: 215558
 5: 222535
 5: 226868
 5: 225118
 5: 222888
 5: 224078
 5: 221690
 5: 228853
 5: partitioning...
13: 210007
13: 211514
13: 213688
13: 214096
13: 212232
13: 219044
13: 219171
13: 226163
13: 212382
13: 219209
13: 219238
13: 226364
13: 221495
13: 226236
13: 223541
13: 230839
13: 225829
13: 232859
13: 222117
13: 229071
13: 223827
13: 226363
13: 216285
13: 223345
13: 227073
13: 221551
13: 228552
13: 232971
13: 231188
13: 223927
13: 223687
13: 230955
13: 207162
13: 212424
13: 213122
13: 220076
13: 211831
13: 218619
13: 218665
13: 225691
13: 216229
13: 223286
13: 219801
13: 226654
13: 217280
13: 224338
13: 227656
13: 228345
13: 233193
13: 226572
13: 232342
13: 231679
13: 222051
13: 229208
13: 222214
13: 228794
13: 215558
13: 222535
13: 226868
13: 225118
13: 222888
13: 224078
13: 221690
13: 228853
13: partitioning...
 3: rank: 3 adj_matrix_loc.size: torch.Size([14249639, 214096])
 3: rank: 3 inputs.size: torch.Size([14249639, 300])
 3: done partitioning
 0: rank: 0 adj_matrix_loc.size: torch.Size([14249639, 210007])
 0: rank: 0 inputs.size: torch.Size([14249639, 300])
 0: done partitioning
 7: rank: 7 adj_matrix_loc.size: torch.Size([14249639, 226163])
 7: rank: 7 inputs.size: torch.Size([14249639, 300])
 7: done partitioning
 5: rank: 5 adj_matrix_loc.size: torch.Size([14249639, 219044])
 5: rank: 5 inputs.size: torch.Size([14249639, 300])
 5: done partitioning
 1: rank: 1 adj_matrix_loc.size: torch.Size([14249639, 211514])
 1: rank: 1 inputs.size: torch.Size([14249639, 300])
 1: done partitioning
 4: rank: 4 adj_matrix_loc.size: torch.Size([14249639, 212232])
 4: rank: 4 inputs.size: torch.Size([14249639, 300])
 4: done partitioning
 9: rank: 9 adj_matrix_loc.size: torch.Size([14249639, 219209])
 9: rank: 9 inputs.size: torch.Size([14249639, 300])
 9: done partitioning
14: rank: 14 adj_matrix_loc.size: torch.Size([14249639, 223541])
14: rank: 14 inputs.size: torch.Size([14249639, 300])
14: done partitioning
 8: rank: 8 adj_matrix_loc.size: torch.Size([14249639, 212382])
 8: rank: 8 inputs.size: torch.Size([14249639, 300])
 8: done partitioning
12: rank: 12 adj_matrix_loc.size: torch.Size([14249639, 221495])
12: rank: 12 inputs.size: torch.Size([14249639, 300])
12: done partitioning
 6: rank: 6 adj_matrix_loc.size: torch.Size([14249639, 219171])
 6: rank: 6 inputs.size: torch.Size([14249639, 300])
 6: done partitioning
11: rank: 11 adj_matrix_loc.size: torch.Size([14249639, 226364])
11: rank: 11 inputs.size: torch.Size([14249639, 300])
11: done partitioning
13: rank: 13 adj_matrix_loc.size: torch.Size([14249639, 226236])
13: rank: 13 inputs.size: torch.Size([14249639, 300])
13: done partitioning
10: rank: 10 adj_matrix_loc.size: torch.Size([14249639, 219238])
10: rank: 10 inputs.size: torch.Size([14249639, 300])
10: done partitioning
15: rank: 15 adj_matrix_loc.size: torch.Size([14249639, 230839])
15: rank: 15 inputs.size: torch.Size([14249639, 300])
15: done partitioning
 2: rank: 2 adj_matrix_loc.size: torch.Size([14249639, 213688])
 2: rank: 2 inputs.size: torch.Size([14249639, 300])
 2: done partitioning
 0: tensor(210001, device='cuda:0')
 0: torch.Size([210007, 210007])
 0: tensor(211506, device='cuda:0')
 0: torch.Size([210007, 211514])
 0: tensor(213673, device='cuda:0')
 0: torch.Size([210007, 213688])
 0: tensor(214092, device='cuda:0')
 0: torch.Size([210007, 214096])
 0: tensor(212227, device='cuda:0')
 0: torch.Size([210007, 212232])
 0: tensor(219035, device='cuda:0')
 0: torch.Size([210007, 219044])
 0: tensor(219165, device='cuda:0')
 0: torch.Size([210007, 219171])
 0: tensor(226153, device='cuda:0')
 0: torch.Size([210007, 226163])
 0: tensor(212372, device='cuda:0')
 0: torch.Size([210007, 212382])
 0: tensor(219206, device='cuda:0')
 0: torch.Size([210007, 219209])
 0: tensor(219235, device='cuda:0')
 0: torch.Size([210007, 219238])
 0: tensor(226363, device='cuda:0')
 0: torch.Size([210007, 226364])
 0: tensor(221493, device='cuda:0')
 0: torch.Size([210007, 221495])
 0: tensor(226227, device='cuda:0')
 0: torch.Size([210007, 226236])
 0: tensor(223540, device='cuda:0')
 0: torch.Size([210007, 223541])
 0: tensor(230826, device='cuda:0')
 0: torch.Size([210007, 230839])
 0: Epoch: 0
 1: tensor(210001, device='cuda:1')
 1: torch.Size([211514, 210007])
 1: tensor(211511, device='cuda:1')
 1: torch.Size([211514, 211514])
 1: tensor(213677, device='cuda:1')
 1: torch.Size([211514, 213688])
 1: tensor(214092, device='cuda:1')
 1: torch.Size([211514, 214096])
 1: tensor(212224, device='cuda:1')
 1: torch.Size([211514, 212232])
 1: tensor(219041, device='cuda:1')
 1: torch.Size([211514, 219044])
 1: tensor(219165, device='cuda:1')
 1: torch.Size([211514, 219171])
 1: tensor(226162, device='cuda:1')
 1: torch.Size([211514, 226163])
 1: tensor(212377, device='cuda:1')
 1: torch.Size([211514, 212382])
 1: tensor(219206, device='cuda:1')
 1: torch.Size([211514, 219209])
 1: tensor(219231, device='cuda:1')
 1: torch.Size([211514, 219238])
 1: tensor(226363, device='cuda:1')
 1: torch.Size([211514, 226364])
 1: tensor(221485, device='cuda:1')
 1: torch.Size([211514, 221495])
 1: tensor(226233, device='cuda:1')
 1: torch.Size([211514, 226236])
 1: tensor(223540, device='cuda:1')
 1: torch.Size([211514, 223541])
 1: tensor(230837, device='cuda:1')
 1: torch.Size([211514, 230839])
 1: Epoch: 0
 3: tensor(210001, device='cuda:3')
 3: torch.Size([214096, 210007])
 3: tensor(211508, device='cuda:3')
 3: torch.Size([214096, 211514])
 3: tensor(213677, device='cuda:3')
 3: torch.Size([214096, 213688])
 3: tensor(214090, device='cuda:3')
 3: torch.Size([214096, 214096])
 3: tensor(212230, device='cuda:3')
 3: torch.Size([214096, 212232])
 3: tensor(219035, device='cuda:3')
 3: torch.Size([214096, 219044])
 3: tensor(219164, device='cuda:3')
 3: torch.Size([214096, 219171])
 3: tensor(226153, device='cuda:3')
 3: torch.Size([214096, 226163])
 3: tensor(212377, device='cuda:3')
 3: torch.Size([214096, 212382])
 3: tensor(219206, device='cuda:3')
 3: torch.Size([214096, 219209])
 3: tensor(219235, device='cuda:3')
 3: torch.Size([214096, 219238])
 3: tensor(226363, device='cuda:3')
 3: torch.Size([214096, 226364])
 3: tensor(221485, device='cuda:3')
 3: torch.Size([214096, 221495])
 3: tensor(226227, device='cuda:3')
 3: torch.Size([214096, 226236])
 3: tensor(223540, device='cuda:3')
 3: torch.Size([214096, 223541])
 3: tensor(230833, device='cuda:3')
 3: torch.Size([214096, 230839])
 3: Epoch: 0
 2: tensor(210001, device='cuda:2')
 2: torch.Size([213688, 210007])
 2: tensor(211505, device='cuda:2')
 2: torch.Size([213688, 211514])
 2: tensor(213682, device='cuda:2')
 2: torch.Size([213688, 213688])
 2: tensor(214088, device='cuda:2')
 2: torch.Size([213688, 214096])
 2: tensor(212231, device='cuda:2')
 2: torch.Size([213688, 212232])
 2: tensor(219030, device='cuda:2')
 2: torch.Size([213688, 219044])
 2: tensor(219165, device='cuda:2')
 2: torch.Size([213688, 219171])
 2: tensor(226151, device='cuda:2')
 2: torch.Size([213688, 226163])
 2: tensor(212377, device='cuda:2')
 2: torch.Size([213688, 212382])
 2: tensor(219206, device='cuda:2')
 2: torch.Size([213688, 219209])
 2: tensor(219235, device='cuda:2')
 2: torch.Size([213688, 219238])
 2: tensor(226363, device='cuda:2')
 2: torch.Size([213688, 226364])
 2: tensor(221492, device='cuda:2')
 2: torch.Size([213688, 221495])
 2: tensor(226227, device='cuda:2')
 2: torch.Size([213688, 226236])
 2: tensor(223540, device='cuda:2')
 2: torch.Size([213688, 223541])
 2: tensor(230838, device='cuda:2')
 2: torch.Size([213688, 230839])
 2: Epoch: 0
10: tensor(210001, device='cuda:2')
10: torch.Size([219238, 210007])
10: tensor(211505, device='cuda:2')
10: torch.Size([219238, 211514])
10: tensor(213673, device='cuda:2')
10: torch.Size([219238, 213688])
10: tensor(214092, device='cuda:2')
10: torch.Size([219238, 214096])
10: tensor(212230, device='cuda:2')
10: torch.Size([219238, 212232])
10: tensor(219035, device='cuda:2')
10: torch.Size([219238, 219044])
10: tensor(219165, device='cuda:2')
10: torch.Size([219238, 219171])
10: tensor(226151, device='cuda:2')
10: torch.Size([219238, 226163])
10: tensor(212377, device='cuda:2')
10: torch.Size([219238, 212382])
10: tensor(219199, device='cuda:2')
10: torch.Size([219238, 219209])
10: tensor(219235, device='cuda:2')
10: torch.Size([219238, 219238])
10: tensor(226363, device='cuda:2')
10: torch.Size([219238, 226364])
10: tensor(221485, device='cuda:2')
10: torch.Size([219238, 221495])
10: tensor(226226, device='cuda:2')
10: torch.Size([219238, 226236])
10: tensor(223523, device='cuda:2')
10: torch.Size([219238, 223541])
10: tensor(230829, device='cuda:2')
10: torch.Size([219238, 230839])
10: Epoch: 0
 7: tensor(209990, device='cuda:3')
 7: torch.Size([226163, 210007])
 7: tensor(211506, device='cuda:3')
 7: torch.Size([226163, 211514])
 7: tensor(213677, device='cuda:3')
 7: torch.Size([226163, 213688])
 7: tensor(214070, device='cuda:3')
 7: torch.Size([226163, 214096])
 7: tensor(212228, device='cuda:3')
 7: torch.Size([226163, 212232])
 7: tensor(219041, device='cuda:3')
 7: torch.Size([226163, 219044])
 7: tensor(219165, device='cuda:3')
 7: torch.Size([226163, 219171])
 7: tensor(226151, device='cuda:3')
 7: torch.Size([226163, 226163])
 7: tensor(212377, device='cuda:3')
 7: torch.Size([226163, 212382])
 7: tensor(219205, device='cuda:3')
 7: torch.Size([226163, 219209])
 7: tensor(219235, device='cuda:3')
 7: torch.Size([226163, 219238])
 7: tensor(226363, device='cuda:3')
 7: torch.Size([226163, 226364])
 7: tensor(221494, device='cuda:3')
 7: torch.Size([226163, 221495])
 7: tensor(226225, device='cuda:3')
 7: torch.Size([226163, 226236])
 7: tensor(223523, device='cuda:3')
 7: torch.Size([226163, 223541])
 7: tensor(230826, device='cuda:3')
 7: torch.Size([226163, 230839])
 7: Epoch: 0
12: tensor(210001, device='cuda:0')
12: torch.Size([221495, 210007])
12: tensor(211506, device='cuda:0')
12: torch.Size([221495, 211514])
12: tensor(213673, device='cuda:0')
12: torch.Size([221495, 213688])
12: tensor(214088, device='cuda:0')
12: torch.Size([221495, 214096])
12: tensor(212230, device='cuda:0')
12: torch.Size([221495, 212232])
12: tensor(219035, device='cuda:0')
12: torch.Size([221495, 219044])
12: tensor(219168, device='cuda:0')
12: torch.Size([221495, 219171])
12: tensor(226151, device='cuda:0')
12: torch.Size([221495, 226163])
12: tensor(212377, device='cuda:0')
12: torch.Size([221495, 212382])
12: tensor(219206, device='cuda:0')
12: torch.Size([221495, 219209])
12: tensor(219235, device='cuda:0')
12: torch.Size([221495, 219238])
12: tensor(226363, device='cuda:0')
12: torch.Size([221495, 226364])
12: tensor(221485, device='cuda:0')
12: torch.Size([221495, 221495])
12: tensor(226227, device='cuda:0')
12: torch.Size([221495, 226236])
12: tensor(223540, device='cuda:0')
12: torch.Size([221495, 223541])
12: tensor(230838, device='cuda:0')
12: torch.Size([221495, 230839])
12: Epoch: 0
 6: tensor(210001, device='cuda:2')
 6: torch.Size([219171, 210007])
 6: tensor(211506, device='cuda:2')
 6: torch.Size([219171, 211514])
 6: tensor(213674, device='cuda:2')
 6: torch.Size([219171, 213688])
 6: tensor(214087, device='cuda:2')
 6: torch.Size([219171, 214096])
 6: tensor(212223, device='cuda:2')
 6: torch.Size([219171, 212232])
 6: tensor(219042, device='cuda:2')
 6: torch.Size([219171, 219044])
 6: tensor(219165, device='cuda:2')
 6: torch.Size([219171, 219171])
 6: tensor(226153, device='cuda:2')
 6: torch.Size([219171, 226163])
 6: tensor(212377, device='cuda:2')
 6: torch.Size([219171, 212382])
 6: tensor(219206, device='cuda:2')
 6: torch.Size([219171, 219209])
 6: tensor(219216, device='cuda:2')
 6: torch.Size([219171, 219238])
 6: tensor(226363, device='cuda:2')
 6: torch.Size([219171, 226364])
 6: tensor(221489, device='cuda:2')
 6: torch.Size([219171, 221495])
 6: tensor(226231, device='cuda:2')
 6: torch.Size([219171, 226236])
 6: tensor(223540, device='cuda:2')
 6: torch.Size([219171, 223541])
 6: tensor(230829, device='cuda:2')
 6: torch.Size([219171, 230839])
 6: Epoch: 0
 4: tensor(210001, device='cuda:0')
 4: torch.Size([212232, 210007])
 4: tensor(211511, device='cuda:0')
 4: torch.Size([212232, 211514])
 4: tensor(213682, device='cuda:0')
 4: torch.Size([212232, 213688])
 4: tensor(214092, device='cuda:0')
 4: torch.Size([212232, 214096])
 4: tensor(212224, device='cuda:0')
 4: torch.Size([212232, 212232])
 4: tensor(219041, device='cuda:0')
 4: torch.Size([212232, 219044])
 4: tensor(219165, device='cuda:0')
 4: torch.Size([212232, 219171])
 4: tensor(226151, device='cuda:0')
 4: torch.Size([212232, 226163])
 4: tensor(212381, device='cuda:0')
 4: torch.Size([212232, 212382])
 4: tensor(219207, device='cuda:0')
 4: torch.Size([212232, 219209])
 4: tensor(219235, device='cuda:0')
 4: torch.Size([212232, 219238])
 4: tensor(226363, device='cuda:0')
 4: torch.Size([212232, 226364])
 4: tensor(221494, device='cuda:0')
 4: torch.Size([212232, 221495])
 4: tensor(226230, device='cuda:0')
 4: torch.Size([212232, 226236])
 4: tensor(223523, device='cuda:0')
 4: torch.Size([212232, 223541])
 4: tensor(230826, device='cuda:0')
 4: torch.Size([212232, 230839])
 4: Epoch: 0
11: tensor(209998, device='cuda:3')
11: torch.Size([226364, 210007])
11: tensor(211508, device='cuda:3')
11: torch.Size([226364, 211514])
11: tensor(213682, device='cuda:3')
11: torch.Size([226364, 213688])
11: tensor(214088, device='cuda:3')
11: torch.Size([226364, 214096])
11: tensor(212230, device='cuda:3')
11: torch.Size([226364, 212232])
11: tensor(219035, device='cuda:3')
11: torch.Size([226364, 219044])
11: tensor(219166, device='cuda:3')
11: torch.Size([226364, 219171])
11: tensor(226157, device='cuda:3')
11: torch.Size([226364, 226163])
11: tensor(212377, device='cuda:3')
11: torch.Size([226364, 212382])
11: tensor(219206, device='cuda:3')
11: torch.Size([226364, 219209])
11: tensor(219235, device='cuda:3')
11: torch.Size([226364, 219238])
11: tensor(226363, device='cuda:3')
11: torch.Size([226364, 226364])
11: tensor(221494, device='cuda:3')
11: torch.Size([226364, 221495])
11: tensor(226226, device='cuda:3')
11: torch.Size([226364, 226236])
11: tensor(223523, device='cuda:3')
11: torch.Size([226364, 223541])
11: tensor(230829, device='cuda:3')
11: torch.Size([226364, 230839])
11: Epoch: 0
 5: tensor(210001, device='cuda:1')
 5: torch.Size([219044, 210007])
 5: tensor(211511, device='cuda:1')
 5: torch.Size([219044, 211514])
 5: tensor(213682, device='cuda:1')
 5: torch.Size([219044, 213688])
 5: tensor(214092, device='cuda:1')
 5: torch.Size([219044, 214096])
 5: tensor(212230, device='cuda:1')
 5: torch.Size([219044, 212232])
 5: tensor(219035, device='cuda:1')
 5: torch.Size([219044, 219044])
 5: tensor(219163, device='cuda:1')
 5: torch.Size([219044, 219171])
 5: tensor(226153, device='cuda:1')
 5: torch.Size([219044, 226163])
 5: tensor(212343, device='cuda:1')
 5: torch.Size([219044, 212382])
 5: tensor(219206, device='cuda:1')
 5: torch.Size([219044, 219209])
 5: tensor(219226, device='cuda:1')
 5: torch.Size([219044, 219238])
 5: tensor(226363, device='cuda:1')
 5: torch.Size([219044, 226364])
 5: tensor(221492, device='cuda:1')
 5: torch.Size([219044, 221495])
 5: tensor(226222, device='cuda:1')
 5: torch.Size([219044, 226236])
 5: tensor(223524, device='cuda:1')
 5: torch.Size([219044, 223541])
 5: tensor(230830, device='cuda:1')
 5: torch.Size([219044, 230839])
 5: Epoch: 0
15: tensor(210001, device='cuda:3')
15: torch.Size([230839, 210007])
15: tensor(211508, device='cuda:3')
15: torch.Size([230839, 211514])
15: tensor(213682, device='cuda:3')
15: torch.Size([230839, 213688])
15: tensor(214088, device='cuda:3')
15: torch.Size([230839, 214096])
15: tensor(212226, device='cuda:3')
15: torch.Size([230839, 212232])
15: tensor(219035, device='cuda:3')
15: torch.Size([230839, 219044])
15: tensor(219166, device='cuda:3')
15: torch.Size([230839, 219171])
15: tensor(226145, device='cuda:3')
15: torch.Size([230839, 226163])
15: tensor(212372, device='cuda:3')
15: torch.Size([230839, 212382])
15: tensor(219194, device='cuda:3')
15: torch.Size([230839, 219209])
15: tensor(219229, device='cuda:3')
15: torch.Size([230839, 219238])
15: tensor(226363, device='cuda:3')
15: torch.Size([230839, 226364])
15: tensor(221485, device='cuda:3')
15: torch.Size([230839, 221495])
15: tensor(226223, device='cuda:3')
15: torch.Size([230839, 226236])
15: tensor(223523, device='cuda:3')
15: torch.Size([230839, 223541])
15: tensor(230836, device='cuda:3')
15: torch.Size([230839, 230839])
15: Epoch: 0
 8: tensor(210001, device='cuda:0')
 8: torch.Size([212382, 210007])
 8: tensor(211506, device='cuda:0')
 8: torch.Size([212382, 211514])
 8: tensor(213682, device='cuda:0')
 8: torch.Size([212382, 213688])
 8: tensor(214088, device='cuda:0')
 8: torch.Size([212382, 214096])
 8: tensor(212230, device='cuda:0')
 8: torch.Size([212382, 212232])
 8: tensor(219035, device='cuda:0')
 8: torch.Size([212382, 219044])
 8: tensor(219165, device='cuda:0')
 8: torch.Size([212382, 219171])
 8: tensor(226144, device='cuda:0')
 8: torch.Size([212382, 226163])
 8: tensor(212377, device='cuda:0')
 8: torch.Size([212382, 212382])
 8: tensor(219206, device='cuda:0')
 8: torch.Size([212382, 219209])
 8: tensor(219235, device='cuda:0')
 8: torch.Size([212382, 219238])
 8: tensor(226363, device='cuda:0')
 8: torch.Size([212382, 226364])
 8: tensor(221485, device='cuda:0')
 8: torch.Size([212382, 221495])
 8: tensor(226233, device='cuda:0')
 8: torch.Size([212382, 226236])
 8: tensor(223540, device='cuda:0')
 8: torch.Size([212382, 223541])
 8: tensor(230829, device='cuda:0')
 8: torch.Size([212382, 230839])
 8: Epoch: 0
14: tensor(210005, device='cuda:2')
14: torch.Size([223541, 210007])
14: tensor(211509, device='cuda:2')
14: torch.Size([223541, 211514])
14: tensor(213677, device='cuda:2')
14: torch.Size([223541, 213688])
14: tensor(214090, device='cuda:2')
14: torch.Size([223541, 214096])
14: tensor(212226, device='cuda:2')
14: torch.Size([223541, 212232])
14: tensor(219035, device='cuda:2')
14: torch.Size([223541, 219044])
14: tensor(219165, device='cuda:2')
14: torch.Size([223541, 219171])
14: tensor(226144, device='cuda:2')
14: torch.Size([223541, 226163])
14: tensor(212372, device='cuda:2')
14: torch.Size([223541, 212382])
14: tensor(219206, device='cuda:2')
14: torch.Size([223541, 219209])
14: tensor(219231, device='cuda:2')
14: torch.Size([223541, 219238])
14: tensor(226363, device='cuda:2')
14: torch.Size([223541, 226364])
14: tensor(221494, device='cuda:2')
14: torch.Size([223541, 221495])
14: tensor(226227, device='cuda:2')
14: torch.Size([223541, 226236])
14: tensor(223515, device='cuda:2')
14: torch.Size([223541, 223541])
14: tensor(230838, device='cuda:2')
14: torch.Size([223541, 230839])
14: Epoch: 0
 9: tensor(210001, device='cuda:1')
 9: torch.Size([219209, 210007])
 9: tensor(211513, device='cuda:1')
 9: torch.Size([219209, 211514])
 9: tensor(213682, device='cuda:1')
 9: torch.Size([219209, 213688])
 9: tensor(214091, device='cuda:1')
 9: torch.Size([219209, 214096])
 9: tensor(212226, device='cuda:1')
 9: torch.Size([219209, 212232])
 9: tensor(219035, device='cuda:1')
 9: torch.Size([219209, 219044])
 9: tensor(219165, device='cuda:1')
 9: torch.Size([219209, 219171])
 9: tensor(226145, device='cuda:1')
 9: torch.Size([219209, 226163])
 9: tensor(212380, device='cuda:1')
 9: torch.Size([219209, 212382])
 9: tensor(219189, device='cuda:1')
 9: torch.Size([219209, 219209])
 9: tensor(219216, device='cuda:1')
 9: torch.Size([219209, 219238])
 9: tensor(226363, device='cuda:1')
 9: torch.Size([219209, 226364])
 9: tensor(221485, device='cuda:1')
 9: torch.Size([219209, 221495])
 9: tensor(226227, device='cuda:1')
 9: torch.Size([219209, 226236])
 9: tensor(223521, device='cuda:1')
 9: torch.Size([219209, 223541])
 9: tensor(230829, device='cuda:1')
 9: torch.Size([219209, 230839])
 9: Epoch: 0
13: tensor(210005, device='cuda:1')
13: torch.Size([226236, 210007])
13: tensor(211505, device='cuda:1')
13: torch.Size([226236, 211514])
13: tensor(213677, device='cuda:1')
13: torch.Size([226236, 213688])
13: tensor(214092, device='cuda:1')
13: torch.Size([226236, 214096])
13: tensor(212230, device='cuda:1')
13: torch.Size([226236, 212232])
13: tensor(219035, device='cuda:1')
13: torch.Size([226236, 219044])
13: tensor(219166, device='cuda:1')
13: torch.Size([226236, 219171])
13: tensor(226151, device='cuda:1')
13: torch.Size([226236, 226163])
13: tensor(212368, device='cuda:1')
13: torch.Size([226236, 212382])
13: tensor(219199, device='cuda:1')
13: torch.Size([226236, 219209])
13: tensor(219235, device='cuda:1')
13: torch.Size([226236, 219238])
13: tensor(226363, device='cuda:1')
13: torch.Size([226236, 226364])
13: tensor(221494, device='cuda:1')
13: torch.Size([226236, 221495])
13: tensor(226223, device='cuda:1')
13: torch.Size([226236, 226236])
13: tensor(223535, device='cuda:1')
13: torch.Size([226236, 223541])
13: tensor(230838, device='cuda:1')
13: torch.Size([226236, 230839])
13: Epoch: 0
 1: /global/common/software/nersc/pm-2022q4/sw/pytorch/1.13.1/lib/python3.9/site-packages/torch/distributed/distributed_c10d.py:262: UserWarning: torch.distributed.reduce_op is deprecated, please use torch.distributed.ReduceOp instead
 1:   warnings.warn(
 3: /global/common/software/nersc/pm-2022q4/sw/pytorch/1.13.1/lib/python3.9/site-packages/torch/distributed/distributed_c10d.py:262: UserWarning: torch.distributed.reduce_op is deprecated, please use torch.distributed.ReduceOp instead
 3:   warnings.warn(
 2: /global/common/software/nersc/pm-2022q4/sw/pytorch/1.13.1/lib/python3.9/site-packages/torch/distributed/distributed_c10d.py:262: UserWarning: torch.distributed.reduce_op is deprecated, please use torch.distributed.ReduceOp instead
 2:   warnings.warn(
 0: /global/common/software/nersc/pm-2022q4/sw/pytorch/1.13.1/lib/python3.9/site-packages/torch/distributed/distributed_c10d.py:262: UserWarning: torch.distributed.reduce_op is deprecated, please use torch.distributed.ReduceOp instead
 0:   warnings.warn(
13: /global/common/software/nersc/pm-2022q4/sw/pytorch/1.13.1/lib/python3.9/site-packages/torch/distributed/distributed_c10d.py:262: UserWarning: torch.distributed.reduce_op is deprecated, please use torch.distributed.ReduceOp instead
13:   warnings.warn(
 4: /global/common/software/nersc/pm-2022q4/sw/pytorch/1.13.1/lib/python3.9/site-packages/torch/distributed/distributed_c10d.py:262: UserWarning: torch.distributed.reduce_op is deprecated, please use torch.distributed.ReduceOp instead
 4:   warnings.warn(
 5: /global/common/software/nersc/pm-2022q4/sw/pytorch/1.13.1/lib/python3.9/site-packages/torch/distributed/distributed_c10d.py:262: UserWarning: torch.distributed.reduce_op is deprecated, please use torch.distributed.ReduceOp instead
 5:   warnings.warn(
11: /global/common/software/nersc/pm-2022q4/sw/pytorch/1.13.1/lib/python3.9/site-packages/torch/distributed/distributed_c10d.py:262: UserWarning: torch.distributed.reduce_op is deprecated, please use torch.distributed.ReduceOp instead
11:   warnings.warn(
14: /global/common/software/nersc/pm-2022q4/sw/pytorch/1.13.1/lib/python3.9/site-packages/torch/distributed/distributed_c10d.py:262: UserWarning: torch.distributed.reduce_op is deprecated, please use torch.distributed.ReduceOp instead
14:   warnings.warn(
 6: /global/common/software/nersc/pm-2022q4/sw/pytorch/1.13.1/lib/python3.9/site-packages/torch/distributed/distributed_c10d.py:262: UserWarning: torch.distributed.reduce_op is deprecated, please use torch.distributed.ReduceOp instead
 6:   warnings.warn(
10: /global/common/software/nersc/pm-2022q4/sw/pytorch/1.13.1/lib/python3.9/site-packages/torch/distributed/distributed_c10d.py:262: UserWarning: torch.distributed.reduce_op is deprecated, please use torch.distributed.ReduceOp instead
10:   warnings.warn(
 7: /global/common/software/nersc/pm-2022q4/sw/pytorch/1.13.1/lib/python3.9/site-packages/torch/distributed/distributed_c10d.py:262: UserWarning: torch.distributed.reduce_op is deprecated, please use torch.distributed.ReduceOp instead
 7:   warnings.warn(
 8: /global/common/software/nersc/pm-2022q4/sw/pytorch/1.13.1/lib/python3.9/site-packages/torch/distributed/distributed_c10d.py:262: UserWarning: torch.distributed.reduce_op is deprecated, please use torch.distributed.ReduceOp instead
 8:   warnings.warn(
15: /global/common/software/nersc/pm-2022q4/sw/pytorch/1.13.1/lib/python3.9/site-packages/torch/distributed/distributed_c10d.py:262: UserWarning: torch.distributed.reduce_op is deprecated, please use torch.distributed.ReduceOp instead
15:   warnings.warn(
 9: /global/common/software/nersc/pm-2022q4/sw/pytorch/1.13.1/lib/python3.9/site-packages/torch/distributed/distributed_c10d.py:262: UserWarning: torch.distributed.reduce_op is deprecated, please use torch.distributed.ReduceOp instead
 9:   warnings.warn(
12: /global/common/software/nersc/pm-2022q4/sw/pytorch/1.13.1/lib/python3.9/site-packages/torch/distributed/distributed_c10d.py:262: UserWarning: torch.distributed.reduce_op is deprecated, please use torch.distributed.ReduceOp instead
12:   warnings.warn(
 0: Epoch: 1
 2: Epoch: 1
 3: Epoch: 1
 1: Epoch: 1
 4: Epoch: 1
13: Epoch: 1
 8: Epoch: 1
12: Epoch: 1
11: Epoch: 1
 9: Epoch: 1
 5: Epoch: 1
10: Epoch: 1
15: Epoch: 1
14: Epoch: 1
 7: Epoch: 1
 6: Epoch: 1
 5: Epoch: 2
 9: Epoch: 2
10: Epoch: 2
11: Epoch: 2
12: Epoch: 2
 2: Epoch: 2
 7: Epoch: 2
13: Epoch: 2
14: Epoch: 2
 0: Epoch: 2
 4: Epoch: 2
 8: Epoch: 2
15: Epoch: 2
 6: Epoch: 2
 3: Epoch: 2
 1: Epoch: 2
 5: Epoch: 3
 9: Epoch: 3
10: Epoch: 3
 0: Epoch: 3
 1: Epoch: 3
 4: Epoch: 3
 2: Epoch: 3
 6: Epoch: 3
 7: Epoch: 3
 8: Epoch: 3
12: Epoch: 3
11: Epoch: 3
13: Epoch: 3
14: Epoch: 3
15: Epoch: 3
 3: Epoch: 3
 9: Epoch: 4
13: Epoch: 4
 0: Epoch: 4
12: Epoch: 4
 2: Epoch: 4
10: Epoch: 4
 7: Epoch: 4
 1: Epoch: 4
 8: Epoch: 4
14: Epoch: 4
11: Epoch: 4
15: Epoch: 4
 3: Epoch: 4
 4: Epoch: 4
 6: Epoch: 4
 5: Epoch: 4
 0: Epoch: 5
 8: Epoch: 5
12: Epoch: 5
13: Epoch: 5
 1: Epoch: 5
10: Epoch: 5
 2: Epoch: 5
 4: Epoch: 5
 9: Epoch: 5
15: Epoch: 5
11: Epoch: 5
14: Epoch: 5
 7: Epoch: 5
 6: Epoch: 5
 3: Epoch: 5
 5: Epoch: 5
12: Epoch: 6
 4: Epoch: 6
 2: Epoch: 6
13: Epoch: 6
 1: Epoch: 6
 0: Epoch: 6
 9: Epoch: 6
10: Epoch: 6
 7: Epoch: 6
14: Epoch: 6
 8: Epoch: 6
15: Epoch: 6
 3: Epoch: 6
 5: Epoch: 6
 6: Epoch: 6
11: Epoch: 6
 4: Epoch: 7
12: Epoch: 7
 1: Epoch: 7
 2: Epoch: 7
 9: Epoch: 7
13: Epoch: 7
10: Epoch: 7
 7: Epoch: 7
14: Epoch: 7
 8: Epoch: 7
 0: Epoch: 7
 3: Epoch: 7
 6: Epoch: 7
11: Epoch: 7
15: Epoch: 7
 5: Epoch: 7
 0: Epoch: 8
 2: Epoch: 8
 1: Epoch: 8
 4: Epoch: 8
 9: Epoch: 8
14: Epoch: 8
12: Epoch: 8
13: Epoch: 8
11: Epoch: 8
 8: Epoch: 8
15: Epoch: 8
 7: Epoch: 8
10: Epoch: 8
 6: Epoch: 8
 5: Epoch: 8
 3: Epoch: 8
 0: Epoch: 9
 4: Epoch: 9
12: Epoch: 9
10: Epoch: 9
11: Epoch: 9
 2: Epoch: 9
13: Epoch: 9
 5: Epoch: 9
 9: Epoch: 9
 7: Epoch: 9
15: Epoch: 9
14: Epoch: 9
 8: Epoch: 9
 1: Epoch: 9
 6: Epoch: 9
 3: Epoch: 9
10: Epoch: 10
 4: Epoch: 10
 0: Epoch: 10
12: Epoch: 10
13: Epoch: 10
 2: Epoch: 10
 9: Epoch: 10
11: Epoch: 10
15: Epoch: 10
 6: Epoch: 10
14: Epoch: 10
 1: Epoch: 10
 7: Epoch: 10
 8: Epoch: 10
 3: Epoch: 10
 5: Epoch: 10
10: Epoch: 11
12: Epoch: 11
 4: Epoch: 11
13: Epoch: 11
 0: Epoch: 11
11: Epoch: 11
14: Epoch: 11
 9: Epoch: 11
15: Epoch: 11
 2: Epoch: 11
 7: Epoch: 11
 8: Epoch: 11
 6: Epoch: 11
 3: Epoch: 11
 5: Epoch: 11
 1: Epoch: 11
 0: Epoch: 12
 4: Epoch: 12
13: Epoch: 12
 9: Epoch: 12
10: Epoch: 12
 2: Epoch: 12
12: Epoch: 12
11: Epoch: 12
15: Epoch: 12
 8: Epoch: 12
 7: Epoch: 12
 6: Epoch: 12
14: Epoch: 12
 3: Epoch: 12
 1: Epoch: 12
 5: Epoch: 12
 0: Epoch: 13
 4: Epoch: 13
12: Epoch: 13
11: Epoch: 13
13: Epoch: 13
 7: Epoch: 13
 2: Epoch: 13
 9: Epoch: 13
15: Epoch: 13
14: Epoch: 13
10: Epoch: 13
 8: Epoch: 13
 1: Epoch: 13
 6: Epoch: 13
 3: Epoch: 13
 5: Epoch: 13
12: Epoch: 14
 2: Epoch: 14
 0: Epoch: 14
 4: Epoch: 14
10: Epoch: 14
13: Epoch: 14
 7: Epoch: 14
 9: Epoch: 14
11: Epoch: 14
15: Epoch: 14
14: Epoch: 14
 8: Epoch: 14
 3: Epoch: 14
 1: Epoch: 14
 5: Epoch: 14
 6: Epoch: 14
10: Epoch: 15
12: Epoch: 15
 0: Epoch: 15
 4: Epoch: 15
 5: Epoch: 15
 2: Epoch: 15
 9: Epoch: 15
13: Epoch: 15
14: Epoch: 15
15: Epoch: 15
 3: Epoch: 15
 1: Epoch: 15
 6: Epoch: 15
 7: Epoch: 15
 8: Epoch: 15
11: Epoch: 15
 2: Epoch: 16
10: Epoch: 16
12: Epoch: 16
 4: Epoch: 16
 0: Epoch: 16
13: Epoch: 16
 5: Epoch: 16
 9: Epoch: 16
14: Epoch: 16
 1: Epoch: 16
 3: Epoch: 16
 6: Epoch: 16
 7: Epoch: 16
 8: Epoch: 16
11: Epoch: 16
15: Epoch: 16
10: Epoch: 17
12: Epoch: 17
 4: Epoch: 17
13: Epoch: 17
 0: Epoch: 17
 2: Epoch: 17
 9: Epoch: 17
11: Epoch: 17
14: Epoch: 17
15: Epoch: 17
 7: Epoch: 17
 8: Epoch: 17
 6: Epoch: 17
 5: Epoch: 17
 3: Epoch: 17
 1: Epoch: 17
 4: Epoch: 18
12: Epoch: 18
 0: Epoch: 18
13: Epoch: 18
 2: Epoch: 18
10: Epoch: 18
11: Epoch: 18
 6: Epoch: 18
 8: Epoch: 18
 7: Epoch: 18
14: Epoch: 18
 3: Epoch: 18
 9: Epoch: 18
15: Epoch: 18
 5: Epoch: 18
 1: Epoch: 18
 0: Epoch: 19
10: Epoch: 19
12: Epoch: 19
 4: Epoch: 19
 2: Epoch: 19
13: Epoch: 19
 9: Epoch: 19
15: Epoch: 19
 3: Epoch: 19
 8: Epoch: 19
14: Epoch: 19
 7: Epoch: 19
11: Epoch: 19
 6: Epoch: 19
 5: Epoch: 19
 1: Epoch: 19
 0: Epoch: 20
 4: Epoch: 20
12: Epoch: 20
13: Epoch: 20
 2: Epoch: 20
11: Epoch: 20
 3: Epoch: 20
 8: Epoch: 20
 7: Epoch: 20
15: Epoch: 20
14: Epoch: 20
 9: Epoch: 20
 6: Epoch: 20
10: Epoch: 20
 1: Epoch: 20
 5: Epoch: 20
 4: Epoch: 21
 0: Epoch: 21
12: Epoch: 21
 6: Epoch: 21
 9: Epoch: 21
15: Epoch: 21
 2: Epoch: 21
 8: Epoch: 21
11: Epoch: 21
13: Epoch: 21
10: Epoch: 21
 7: Epoch: 21
14: Epoch: 21
 5: Epoch: 21
 1: Epoch: 21
 3: Epoch: 21
 4: Epoch: 22
13: Epoch: 22
 0: Epoch: 22
 2: Epoch: 22
12: Epoch: 22
 9: Epoch: 22
 7: Epoch: 22
11: Epoch: 22
15: Epoch: 22
 6: Epoch: 22
10: Epoch: 22
 3: Epoch: 22
 8: Epoch: 22
14: Epoch: 22
 5: Epoch: 22
 1: Epoch: 22
 0: Epoch: 23
12: Epoch: 23
13: Epoch: 23
 4: Epoch: 23
 2: Epoch: 23
10: Epoch: 23
 1: Epoch: 23
 5: Epoch: 23
 6: Epoch: 23
 9: Epoch: 23
 7: Epoch: 23
 8: Epoch: 23
11: Epoch: 23
14: Epoch: 23
15: Epoch: 23
 3: Epoch: 23
 0: Epoch: 24
 2: Epoch: 24
 4: Epoch: 24
12: Epoch: 24
 1: Epoch: 24
13: Epoch: 24
 9: Epoch: 24
10: Epoch: 24
15: Epoch: 24
14: Epoch: 24
 3: Epoch: 24
 5: Epoch: 24
 7: Epoch: 24
 8: Epoch: 24
11: Epoch: 24
 6: Epoch: 24
 0: Epoch: 25
 4: Epoch: 25
10: Epoch: 25
 1: Epoch: 25
12: Epoch: 25
11: Epoch: 25
13: Epoch: 25
 2: Epoch: 25
 7: Epoch: 25
 8: Epoch: 25
15: Epoch: 25
 9: Epoch: 25
14: Epoch: 25
 6: Epoch: 25
 3: Epoch: 25
 5: Epoch: 25
 4: Epoch: 26
13: Epoch: 26
 2: Epoch: 26
 0: Epoch: 26
10: Epoch: 26
12: Epoch: 26
11: Epoch: 26
 1: Epoch: 26
 9: Epoch: 26
15: Epoch: 26
14: Epoch: 26
 6: Epoch: 26
 7: Epoch: 26
 8: Epoch: 26
 3: Epoch: 26
 5: Epoch: 26
 1: Epoch: 27
12: Epoch: 27
 4: Epoch: 27
 9: Epoch: 27
13: Epoch: 27
 2: Epoch: 27
10: Epoch: 27
 7: Epoch: 27
 8: Epoch: 27
14: Epoch: 27
 0: Epoch: 27
 3: Epoch: 27
 5: Epoch: 27
 6: Epoch: 27
11: Epoch: 27
15: Epoch: 27
 4: Epoch: 28
 2: Epoch: 28
 1: Epoch: 28
10: Epoch: 28
 0: Epoch: 28
13: Epoch: 28
12: Epoch: 28
 9: Epoch: 28
11: Epoch: 28
15: Epoch: 28
 7: Epoch: 28
14: Epoch: 28
 5: Epoch: 28
 8: Epoch: 28
 6: Epoch: 28
 3: Epoch: 28
 0: Epoch: 29
 4: Epoch: 29
 5: Epoch: 29
 9: Epoch: 29
12: Epoch: 29
11: Epoch: 29
 2: Epoch: 29
 7: Epoch: 29
13: Epoch: 29
14: Epoch: 29
 3: Epoch: 29
 1: Epoch: 29
 6: Epoch: 29
10: Epoch: 29
 8: Epoch: 29
15: Epoch: 29
 4: Epoch: 30
 1: Epoch: 30
 0: Epoch: 30
12: Epoch: 30
 2: Epoch: 30
13: Epoch: 30
 9: Epoch: 30
10: Epoch: 30
15: Epoch: 30
 5: Epoch: 30
 7: Epoch: 30
 8: Epoch: 30
14: Epoch: 30
 6: Epoch: 30
11: Epoch: 30
 3: Epoch: 30
12: Epoch: 31
 0: Epoch: 31
 4: Epoch: 31
10: Epoch: 31
 1: Epoch: 31
13: Epoch: 31
 2: Epoch: 31
 9: Epoch: 31
 5: Epoch: 31
11: Epoch: 31
15: Epoch: 31
14: Epoch: 31
 7: Epoch: 31
 6: Epoch: 31
 8: Epoch: 31
 3: Epoch: 31
 1: Epoch: 32
 4: Epoch: 32
 0: Epoch: 32
12: Epoch: 32
 9: Epoch: 32
 7: Epoch: 32
13: Epoch: 32
14: Epoch: 32
11: Epoch: 32
10: Epoch: 32
 3: Epoch: 32
 5: Epoch: 32
 2: Epoch: 32
 6: Epoch: 32
 8: Epoch: 32
15: Epoch: 32
13: Epoch: 33
12: Epoch: 33
 0: Epoch: 33
 1: Epoch: 33
 4: Epoch: 33
 9: Epoch: 33
10: Epoch: 33
 2: Epoch: 33
 7: Epoch: 33
 8: Epoch: 33
11: Epoch: 33
14: Epoch: 33
 3: Epoch: 33
 5: Epoch: 33
 6: Epoch: 33
15: Epoch: 33
 0: Epoch: 34
 1: Epoch: 34
 4: Epoch: 34
12: Epoch: 34
 2: Epoch: 34
11: Epoch: 34
13: Epoch: 34
 9: Epoch: 34
 7: Epoch: 34
15: Epoch: 34
 5: Epoch: 34
 8: Epoch: 34
14: Epoch: 34
 6: Epoch: 34
10: Epoch: 34
 3: Epoch: 34
10: Epoch: 35
 4: Epoch: 35
 0: Epoch: 35
12: Epoch: 35
 1: Epoch: 35
13: Epoch: 35
 2: Epoch: 35
 9: Epoch: 35
14: Epoch: 35
15: Epoch: 35
11: Epoch: 35
 6: Epoch: 35
 7: Epoch: 35
 8: Epoch: 35
 3: Epoch: 35
 5: Epoch: 35
 4: Epoch: 36
11: Epoch: 36
10: Epoch: 36
12: Epoch: 36
 1: Epoch: 36
 2: Epoch: 36
 7: Epoch: 36
 0: Epoch: 36
13: Epoch: 36
 8: Epoch: 36
 9: Epoch: 36
15: Epoch: 36
14: Epoch: 36
 6: Epoch: 36
 3: Epoch: 36
 5: Epoch: 36
 4: Epoch: 37
 1: Epoch: 37
13: Epoch: 37
 2: Epoch: 37
12: Epoch: 37
 9: Epoch: 37
 5: Epoch: 37
 0: Epoch: 37
 7: Epoch: 37
15: Epoch: 37
14: Epoch: 37
11: Epoch: 37
 3: Epoch: 37
 6: Epoch: 37
10: Epoch: 37
 8: Epoch: 37
 1: Epoch: 38
 4: Epoch: 38
 2: Epoch: 38
10: Epoch: 38
12: Epoch: 38
 0: Epoch: 38
 3: Epoch: 38
 9: Epoch: 38
13: Epoch: 38
14: Epoch: 38
15: Epoch: 38
 7: Epoch: 38
 8: Epoch: 38
11: Epoch: 38
 6: Epoch: 38
 5: Epoch: 38
 0: Epoch: 39
11: Epoch: 39
 1: Epoch: 39
 4: Epoch: 39
10: Epoch: 39
12: Epoch: 39
13: Epoch: 39
 3: Epoch: 39
 2: Epoch: 39
15: Epoch: 39
 9: Epoch: 39
 7: Epoch: 39
 8: Epoch: 39
14: Epoch: 39
 6: Epoch: 39
 5: Epoch: 39
12: Epoch: 40
13: Epoch: 40
 4: Epoch: 40
10: Epoch: 40
 1: Epoch: 40
 0: Epoch: 40
 9: Epoch: 40
11: Epoch: 40
15: Epoch: 40
14: Epoch: 40
 3: Epoch: 40
 5: Epoch: 40
 2: Epoch: 40
 6: Epoch: 40
 7: Epoch: 40
 8: Epoch: 40
 4: Epoch: 41
 2: Epoch: 41
 0: Epoch: 41
13: Epoch: 41
 1: Epoch: 41
10: Epoch: 41
 8: Epoch: 41
12: Epoch: 41
 9: Epoch: 41
11: Epoch: 41
14: Epoch: 41
15: Epoch: 41
 3: Epoch: 41
 5: Epoch: 41
 6: Epoch: 41
 7: Epoch: 41
 4: Epoch: 42
12: Epoch: 42
 1: Epoch: 42
 2: Epoch: 42
 0: Epoch: 42
 8: Epoch: 42
13: Epoch: 42
 9: Epoch: 42
11: Epoch: 42
15: Epoch: 42
14: Epoch: 42
 3: Epoch: 42
 5: Epoch: 42
 6: Epoch: 42
 7: Epoch: 42
10: Epoch: 42
12: Epoch: 43
 0: Epoch: 43
 1: Epoch: 43
 2: Epoch: 43
13: Epoch: 43
 4: Epoch: 43
 9: Epoch: 43
10: Epoch: 43
 7: Epoch: 43
11: Epoch: 43
15: Epoch: 43
 8: Epoch: 43
14: Epoch: 43
 6: Epoch: 43
 3: Epoch: 43
 5: Epoch: 43
 4: Epoch: 44
 2: Epoch: 44
12: Epoch: 44
13: Epoch: 44
 0: Epoch: 44
 1: Epoch: 44
 9: Epoch: 44
10: Epoch: 44
 5: Epoch: 44
 7: Epoch: 44
 8: Epoch: 44
11: Epoch: 44
15: Epoch: 44
14: Epoch: 44
 3: Epoch: 44
 6: Epoch: 44
 4: Epoch: 45
13: Epoch: 45
 1: Epoch: 45
 9: Epoch: 45
12: Epoch: 45
 2: Epoch: 45
11: Epoch: 45
14: Epoch: 45
 0: Epoch: 45
 7: Epoch: 45
 8: Epoch: 45
 3: Epoch: 45
10: Epoch: 45
15: Epoch: 45
 6: Epoch: 45
 5: Epoch: 45
 0: Epoch: 46
12: Epoch: 46
 1: Epoch: 46
 9: Epoch: 46
15: Epoch: 46
14: Epoch: 46
 3: Epoch: 46
 4: Epoch: 46
 5: Epoch: 46
 2: Epoch: 46
 6: Epoch: 46
 7: Epoch: 46
10: Epoch: 46
 8: Epoch: 46
11: Epoch: 46
13: Epoch: 46
 4: Epoch: 47
 2: Epoch: 47
 1: Epoch: 47
 0: Epoch: 47
12: Epoch: 47
10: Epoch: 47
13: Epoch: 47
11: Epoch: 47
 9: Epoch: 47
 5: Epoch: 47
 8: Epoch: 47
 7: Epoch: 47
14: Epoch: 47
15: Epoch: 47
 6: Epoch: 47
 3: Epoch: 47
 4: Epoch: 48
12: Epoch: 48
 9: Epoch: 48
 0: Epoch: 48
 2: Epoch: 48
13: Epoch: 48
11: Epoch: 48
 7: Epoch: 48
10: Epoch: 48
 1: Epoch: 48
14: Epoch: 48
 5: Epoch: 48
15: Epoch: 48
 6: Epoch: 48
 8: Epoch: 48
 3: Epoch: 48
 0: Epoch: 49
10: Epoch: 49
 4: Epoch: 49
 1: Epoch: 49
 9: Epoch: 49
12: Epoch: 49
 2: Epoch: 49
11: Epoch: 49
13: Epoch: 49
 7: Epoch: 49
 8: Epoch: 49
14: Epoch: 49
 5: Epoch: 49
15: Epoch: 49
 6: Epoch: 49
 3: Epoch: 49
10: Epoch: 50
12: Epoch: 50
 4: Epoch: 50
 0: Epoch: 50
13: Epoch: 50
11: Epoch: 50
 2: Epoch: 50
 1: Epoch: 50
15: Epoch: 50
 5: Epoch: 50
 9: Epoch: 50
 7: Epoch: 50
14: Epoch: 50
 8: Epoch: 50
 3: Epoch: 50
 6: Epoch: 50
 1: Epoch: 51
10: Epoch: 51
 0: Epoch: 51
 4: Epoch: 51
12: Epoch: 51
13: Epoch: 51
 2: Epoch: 51
11: Epoch: 51
 7: Epoch: 51
 5: Epoch: 51
 9: Epoch: 51
15: Epoch: 51
 8: Epoch: 51
14: Epoch: 51
 6: Epoch: 51
 3: Epoch: 51
 4: Epoch: 52
12: Epoch: 52
 1: Epoch: 52
10: Epoch: 52
 9: Epoch: 52
 5: Epoch: 52
13: Epoch: 52
 0: Epoch: 52
11: Epoch: 52
15: Epoch: 52
 2: Epoch: 52
 7: Epoch: 52
14: Epoch: 52
 8: Epoch: 52
 6: Epoch: 52
 3: Epoch: 52
 1: Epoch: 53
 4: Epoch: 53
10: Epoch: 53
12: Epoch: 53
 0: Epoch: 53
13: Epoch: 53
 2: Epoch: 53
11: Epoch: 53
 9: Epoch: 53
15: Epoch: 53
14: Epoch: 53
 7: Epoch: 53
 8: Epoch: 53
 5: Epoch: 53
 6: Epoch: 53
 3: Epoch: 53
10: Epoch: 54
12: Epoch: 54
 1: Epoch: 54
 0: Epoch: 54
 9: Epoch: 54
15: Epoch: 54
 4: Epoch: 54
 2: Epoch: 54
11: Epoch: 54
13: Epoch: 54
14: Epoch: 54
 8: Epoch: 54
 7: Epoch: 54
 6: Epoch: 54
 3: Epoch: 54
 5: Epoch: 54
 9: Epoch: 55
10: Epoch: 55
12: Epoch: 55
15: Epoch: 55
 1: Epoch: 55
 0: Epoch: 55
 3: Epoch: 55
 4: Epoch: 55
 5: Epoch: 55
 2: Epoch: 55
 6: Epoch: 55
 7: Epoch: 55
 8: Epoch: 55
11: Epoch: 55
13: Epoch: 55
14: Epoch: 55
 1: Epoch: 56
 4: Epoch: 56
12: Epoch: 56
13: Epoch: 56
 2: Epoch: 56
 0: Epoch: 56
10: Epoch: 56
 9: Epoch: 56
15: Epoch: 56
11: Epoch: 56
 6: Epoch: 56
 7: Epoch: 56
 8: Epoch: 56
14: Epoch: 56
 3: Epoch: 56
 5: Epoch: 56
12: Epoch: 57
 0: Epoch: 57
 1: Epoch: 57
 4: Epoch: 57
 2: Epoch: 57
 9: Epoch: 57
13: Epoch: 57
11: Epoch: 57
 7: Epoch: 57
 8: Epoch: 57
14: Epoch: 57
 3: Epoch: 57
 5: Epoch: 57
 6: Epoch: 57
10: Epoch: 57
15: Epoch: 57
 1: Epoch: 58
13: Epoch: 58
10: Epoch: 58
12: Epoch: 58
 4: Epoch: 58
 2: Epoch: 58
 0: Epoch: 58
 9: Epoch: 58
 7: Epoch: 58
 8: Epoch: 58
11: Epoch: 58
15: Epoch: 58
14: Epoch: 58
 3: Epoch: 58
 6: Epoch: 58
 5: Epoch: 58
 0: Epoch: 59
 2: Epoch: 59
12: Epoch: 59
 4: Epoch: 59
13: Epoch: 59
10: Epoch: 59
 9: Epoch: 59
 1: Epoch: 59
 8: Epoch: 59
15: Epoch: 59
 7: Epoch: 59
14: Epoch: 59
 3: Epoch: 59
 5: Epoch: 59
 6: Epoch: 59
11: Epoch: 59
 1: Epoch: 60
 4: Epoch: 60
 2: Epoch: 60
10: Epoch: 60
12: Epoch: 60
 9: Epoch: 60
13: Epoch: 60
 0: Epoch: 60
 8: Epoch: 60
14: Epoch: 60
15: Epoch: 60
 3: Epoch: 60
 7: Epoch: 60
 5: Epoch: 60
 6: Epoch: 60
11: Epoch: 60
13: Epoch: 61
 1: Epoch: 61
 4: Epoch: 61
 9: Epoch: 61
 2: Epoch: 61
10: Epoch: 61
12: Epoch: 61
 7: Epoch: 61
11: Epoch: 61
 0: Epoch: 61
 8: Epoch: 61
14: Epoch: 61
 5: Epoch: 61
 6: Epoch: 61
15: Epoch: 61
 3: Epoch: 61
12: Epoch: 62
 1: Epoch: 62
 4: Epoch: 62
10: Epoch: 62
13: Epoch: 62
 0: Epoch: 62
 9: Epoch: 62
11: Epoch: 62
 2: Epoch: 62
 8: Epoch: 62
15: Epoch: 62
 7: Epoch: 62
 6: Epoch: 62
 3: Epoch: 62
14: Epoch: 62
 5: Epoch: 62
 0: Epoch: 63
 4: Epoch: 63
 1: Epoch: 63
 9: Epoch: 63
10: Epoch: 63
12: Epoch: 63
 3: Epoch: 63
 2: Epoch: 63
 6: Epoch: 63
 7: Epoch: 63
 8: Epoch: 63
11: Epoch: 63
13: Epoch: 63
14: Epoch: 63
15: Epoch: 63
 5: Epoch: 63
12: Epoch: 64
 4: Epoch: 64
 2: Epoch: 64
13: Epoch: 64
 9: Epoch: 64
10: Epoch: 64
 1: Epoch: 64
11: Epoch: 64
 0: Epoch: 64
 3: Epoch: 64
 6: Epoch: 64
 7: Epoch: 64
 8: Epoch: 64
15: Epoch: 64
14: Epoch: 64
 5: Epoch: 64
 1: Epoch: 65
 4: Epoch: 65
 2: Epoch: 65
10: Epoch: 65
11: Epoch: 65
 7: Epoch: 65
12: Epoch: 65
13: Epoch: 65
 8: Epoch: 65
 9: Epoch: 65
 0: Epoch: 65
15: Epoch: 65
14: Epoch: 65
 6: Epoch: 65
 5: Epoch: 65
 3: Epoch: 65
 4: Epoch: 66
13: Epoch: 66
 9: Epoch: 66
 2: Epoch: 66
12: Epoch: 66
 0: Epoch: 66
 1: Epoch: 66
14: Epoch: 66
 6: Epoch: 66
11: Epoch: 66
10: Epoch: 66
 7: Epoch: 66
 8: Epoch: 66
15: Epoch: 66
 5: Epoch: 66
 3: Epoch: 66
 4: Epoch: 67
12: Epoch: 67
 1: Epoch: 67
13: Epoch: 67
 0: Epoch: 67
 3: Epoch: 67
 5: Epoch: 67
 2: Epoch: 67
 6: Epoch: 67
 9: Epoch: 67
 7: Epoch: 67
10: Epoch: 67
 8: Epoch: 67
11: Epoch: 67
15: Epoch: 67
14: Epoch: 67
 1: Epoch: 68
 4: Epoch: 68
 9: Epoch: 68
12: Epoch: 68
 0: Epoch: 68
10: Epoch: 68
11: Epoch: 68
13: Epoch: 68
 8: Epoch: 68
14: Epoch: 68
 5: Epoch: 68
 2: Epoch: 68
 6: Epoch: 68
 7: Epoch: 68
15: Epoch: 68
 3: Epoch: 68
10: Epoch: 69
12: Epoch: 69
 4: Epoch: 69
13: Epoch: 69
 0: Epoch: 69
 1: Epoch: 69
11: Epoch: 69
 9: Epoch: 69
 3: Epoch: 69
 8: Epoch: 69
 2: Epoch: 69
 5: Epoch: 69
14: Epoch: 69
15: Epoch: 69
 7: Epoch: 69
 6: Epoch: 69
 4: Epoch: 70
12: Epoch: 70
10: Epoch: 70
 0: Epoch: 70
11: Epoch: 70
 1: Epoch: 70
 9: Epoch: 70
 5: Epoch: 70
 2: Epoch: 70
 7: Epoch: 70
 8: Epoch: 70
13: Epoch: 70
14: Epoch: 70
15: Epoch: 70
 6: Epoch: 70
 3: Epoch: 70
 4: Epoch: 71
10: Epoch: 71
12: Epoch: 71
 0: Epoch: 71
 1: Epoch: 71
 7: Epoch: 71
13: Epoch: 71
 2: Epoch: 71
 8: Epoch: 71
11: Epoch: 71
 3: Epoch: 71
 5: Epoch: 71
 9: Epoch: 71
15: Epoch: 71
14: Epoch: 71
 6: Epoch: 71
 0: Epoch: 72
 1: Epoch: 72
 4: Epoch: 72
10: Epoch: 72
12: Epoch: 72
13: Epoch: 72
 2: Epoch: 72
11: Epoch: 72
 6: Epoch: 72
14: Epoch: 72
15: Epoch: 72
 9: Epoch: 72
 7: Epoch: 72
 3: Epoch: 72
 5: Epoch: 72
 8: Epoch: 72
 1: Epoch: 73
 4: Epoch: 73
 2: Epoch: 73
 0: Epoch: 73
13: Epoch: 73
12: Epoch: 73
11: Epoch: 73
 9: Epoch: 73
 7: Epoch: 73
14: Epoch: 73
15: Epoch: 73
 8: Epoch: 73
 3: Epoch: 73
 5: Epoch: 73
 6: Epoch: 73
10: Epoch: 73
 4: Epoch: 74
13: Epoch: 74
12: Epoch: 74
 0: Epoch: 74
 9: Epoch: 74
14: Epoch: 74
 2: Epoch: 74
 1: Epoch: 74
10: Epoch: 74
 8: Epoch: 74
 6: Epoch: 74
 7: Epoch: 74
11: Epoch: 74
15: Epoch: 74
 3: Epoch: 74
 5: Epoch: 74
 0: Epoch: 75
 1: Epoch: 75
 4: Epoch: 75
 9: Epoch: 75
12: Epoch: 75
13: Epoch: 75
14: Epoch: 75
 2: Epoch: 75
 7: Epoch: 75
 8: Epoch: 75
 6: Epoch: 75
11: Epoch: 75
10: Epoch: 75
15: Epoch: 75
 3: Epoch: 75
 5: Epoch: 75
 4: Epoch: 76
12: Epoch: 76
 1: Epoch: 76
13: Epoch: 76
 0: Epoch: 76
 2: Epoch: 76
10: Epoch: 76
14: Epoch: 76
 9: Epoch: 76
 7: Epoch: 76
11: Epoch: 76
15: Epoch: 76
 6: Epoch: 76
 8: Epoch: 76
 3: Epoch: 76
 5: Epoch: 76
 9: Epoch: 77
 4: Epoch: 77
12: Epoch: 77
 0: Epoch: 77
 2: Epoch: 77
 1: Epoch: 77
13: Epoch: 77
10: Epoch: 77
11: Epoch: 77
 8: Epoch: 77
 7: Epoch: 77
14: Epoch: 77
15: Epoch: 77
 3: Epoch: 77
 6: Epoch: 77
 5: Epoch: 77
 4: Epoch: 78
 0: Epoch: 78
11: Epoch: 78
13: Epoch: 78
 2: Epoch: 78
 8: Epoch: 78
12: Epoch: 78
 1: Epoch: 78
 7: Epoch: 78
10: Epoch: 78
 5: Epoch: 78
 9: Epoch: 78
15: Epoch: 78
14: Epoch: 78
 6: Epoch: 78
 3: Epoch: 78
12: Epoch: 79
 4: Epoch: 79
 2: Epoch: 79
13: Epoch: 79
 0: Epoch: 79
 9: Epoch: 79
 8: Epoch: 79
11: Epoch: 79
14: Epoch: 79
 1: Epoch: 79
 5: Epoch: 79
 6: Epoch: 79
10: Epoch: 79
15: Epoch: 79
 7: Epoch: 79
 3: Epoch: 79
 0: Epoch: 80
 4: Epoch: 80
13: Epoch: 80
 1: Epoch: 80
 2: Epoch: 80
10: Epoch: 80
 8: Epoch: 80
12: Epoch: 80
14: Epoch: 80
11: Epoch: 80
 5: Epoch: 80
 6: Epoch: 80
 9: Epoch: 80
15: Epoch: 80
 7: Epoch: 80
 3: Epoch: 80
 1: Epoch: 81
 4: Epoch: 81
13: Epoch: 81
 0: Epoch: 81
 5: Epoch: 81
10: Epoch: 81
12: Epoch: 81
 3: Epoch: 81
 2: Epoch: 81
 6: Epoch: 81
 9: Epoch: 81
 7: Epoch: 81
 8: Epoch: 81
11: Epoch: 81
14: Epoch: 81
15: Epoch: 81
 0: Epoch: 82
12: Epoch: 82
 4: Epoch: 82
 1: Epoch: 82
10: Epoch: 82
14: Epoch: 82
 2: Epoch: 82
 8: Epoch: 82
13: Epoch: 82
 5: Epoch: 82
 9: Epoch: 82
 7: Epoch: 82
15: Epoch: 82
 6: Epoch: 82
11: Epoch: 82
 3: Epoch: 82
 0: Epoch: 83
12: Epoch: 83
13: Epoch: 83
 4: Epoch: 83
 2: Epoch: 83
 1: Epoch: 83
 5: Epoch: 83
 9: Epoch: 83
10: Epoch: 83
14: Epoch: 83
15: Epoch: 83
 6: Epoch: 83
 7: Epoch: 83
 8: Epoch: 83
11: Epoch: 83
 3: Epoch: 83
13: Epoch: 84
10: Epoch: 84
12: Epoch: 84
 4: Epoch: 84
 2: Epoch: 84
 0: Epoch: 84
 9: Epoch: 84
 1: Epoch: 84
 5: Epoch: 84
 3: Epoch: 84
14: Epoch: 84
 6: Epoch: 84
11: Epoch: 84
15: Epoch: 84
 7: Epoch: 84
 8: Epoch: 84
 4: Epoch: 85
14: Epoch: 85
12: Epoch: 85
 9: Epoch: 85
 0: Epoch: 85
 2: Epoch: 85
13: Epoch: 85
 5: Epoch: 85
 8: Epoch: 85
 7: Epoch: 85
15: Epoch: 85
 3: Epoch: 85
 1: Epoch: 85
 6: Epoch: 85
10: Epoch: 85
11: Epoch: 85
 1: Epoch: 86
13: Epoch: 86
14: Epoch: 86
 4: Epoch: 86
 9: Epoch: 86
 2: Epoch: 86
 7: Epoch: 86
12: Epoch: 86
 0: Epoch: 86
 3: Epoch: 86
 5: Epoch: 86
 6: Epoch: 86
10: Epoch: 86
 8: Epoch: 86
11: Epoch: 86
15: Epoch: 86
 0: Epoch: 87
13: Epoch: 87
 1: Epoch: 87
 9: Epoch: 87
10: Epoch: 87
12: Epoch: 87
11: Epoch: 87
14: Epoch: 87
 5: Epoch: 87
15: Epoch: 87
 3: Epoch: 87
 4: Epoch: 87
 2: Epoch: 87
 6: Epoch: 87
 7: Epoch: 87
 8: Epoch: 87
 9: Epoch: 88
 4: Epoch: 88
 0: Epoch: 88
12: Epoch: 88
 1: Epoch: 88
14: Epoch: 88
 5: Epoch: 88
 2: Epoch: 88
 7: Epoch: 88
13: Epoch: 88
10: Epoch: 88
15: Epoch: 88
 8: Epoch: 88
 6: Epoch: 88
11: Epoch: 88
 3: Epoch: 88
 0: Epoch: 89
 1: Epoch: 89
 4: Epoch: 89
 5: Epoch: 89
 2: Epoch: 89
 9: Epoch: 89
10: Epoch: 89
 8: Epoch: 89
12: Epoch: 89
13: Epoch: 89
14: Epoch: 89
 7: Epoch: 89
 3: Epoch: 89
 6: Epoch: 89
11: Epoch: 89
15: Epoch: 89
 0: Epoch: 90
 4: Epoch: 90
 1: Epoch: 90
12: Epoch: 90
13: Epoch: 90
14: Epoch: 90
 2: Epoch: 90
 8: Epoch: 90
 7: Epoch: 90
 3: Epoch: 90
 5: Epoch: 90
 6: Epoch: 90
 9: Epoch: 90
10: Epoch: 90
11: Epoch: 90
15: Epoch: 90
 0: Epoch: 91
 9: Epoch: 91
13: Epoch: 91
14: Epoch: 91
12: Epoch: 91
 3: Epoch: 91
 1: Epoch: 91
 4: Epoch: 91
 5: Epoch: 91
 2: Epoch: 91
 6: Epoch: 91
 7: Epoch: 91
10: Epoch: 91
 8: Epoch: 91
11: Epoch: 91
15: Epoch: 91
 1: Epoch: 92
 4: Epoch: 92
 9: Epoch: 92
12: Epoch: 92
14: Epoch: 92
 3: Epoch: 92
10: Epoch: 92
 5: Epoch: 92
 0: Epoch: 92
 2: Epoch: 92
 6: Epoch: 92
 7: Epoch: 92
 8: Epoch: 92
11: Epoch: 92
13: Epoch: 92
15: Epoch: 92
 0: Epoch: 93
 4: Epoch: 93
 1: Epoch: 93
12: Epoch: 93
 9: Epoch: 93
13: Epoch: 93
14: Epoch: 93
 7: Epoch: 93
11: Epoch: 93
 2: Epoch: 93
10: Epoch: 93
 3: Epoch: 93
 5: Epoch: 93
15: Epoch: 93
 8: Epoch: 93
 6: Epoch: 93
12: Epoch: 94
 4: Epoch: 94
 9: Epoch: 94
10: Epoch: 94
 0: Epoch: 94
 1: Epoch: 94
13: Epoch: 94
14: Epoch: 94
 2: Epoch: 94
 7: Epoch: 94
 3: Epoch: 94
 5: Epoch: 94
 8: Epoch: 94
11: Epoch: 94
15: Epoch: 94
 6: Epoch: 94
 0: Epoch: 95
 4: Epoch: 95
12: Epoch: 95
 9: Epoch: 95
14: Epoch: 95
13: Epoch: 95
 2: Epoch: 95
 1: Epoch: 95
 5: Epoch: 95
11: Epoch: 95
15: Epoch: 95
10: Epoch: 95
 6: Epoch: 95
 7: Epoch: 95
 8: Epoch: 95
 3: Epoch: 95
 4: Epoch: 96
12: Epoch: 96
 2: Epoch: 96
 9: Epoch: 96
11: Epoch: 96
13: Epoch: 96
14: Epoch: 96
 5: Epoch: 96
15: Epoch: 96
 1: Epoch: 96
10: Epoch: 96
 0: Epoch: 96
 8: Epoch: 96
 7: Epoch: 96
 3: Epoch: 96
 6: Epoch: 96
10: Epoch: 97
13: Epoch: 97
 0: Epoch: 97
 1: Epoch: 97
14: Epoch: 97
11: Epoch: 97
 4: Epoch: 97
 5: Epoch: 97
 2: Epoch: 97
 9: Epoch: 97
 7: Epoch: 97
 8: Epoch: 97
15: Epoch: 97
 6: Epoch: 97
12: Epoch: 97
 3: Epoch: 97
 1: Epoch: 98
10: Epoch: 98
13: Epoch: 98
14: Epoch: 98
11: Epoch: 98
12: Epoch: 98
 0: Epoch: 98
 3: Epoch: 98
 4: Epoch: 98
 5: Epoch: 98
 2: Epoch: 98
 6: Epoch: 98
 9: Epoch: 98
 7: Epoch: 98
 8: Epoch: 98
15: Epoch: 98
 1: Epoch: 99
 2: Epoch: 99
10: Epoch: 99
13: Epoch: 99
14: Epoch: 99
 4: Epoch: 99
12: Epoch: 99
 0: Epoch: 99
 3: Epoch: 99
 5: Epoch: 99
 6: Epoch: 99
 9: Epoch: 99
 7: Epoch: 99
 8: Epoch: 99
11: Epoch: 99
15: Epoch: 99
 0: rank: 0 total_time: 8.353293657302856
 0: rank: 0 timings: defaultdict(<class 'float'>, {'a2a2': 0.0006470680236816406, 'gather_row_data': 0.21547627449035645, 'a2a3': 4.025404453277588, 'spmm_gpu': 2.4217545986175537})
 1: rank: 1 total_time: 8.353055715560913
 4: rank: 4 total_time: 8.342793464660645
 2: rank: 2 total_time: 8.353367567062378
 2: rank: 2 timings: defaultdict(<class 'float'>, {'a2a2': 0.0006062984466552734, 'gather_row_data': 0.21732711791992188, 'a2a3': 4.132950782775879, 'spmm_gpu': 2.4467194080352783})
 6: rank: 6 total_time: 8.340942859649658
 6: rank: 6 timings: defaultdict(<class 'float'>, {'a2a2': 0.0005114078521728516, 'gather_row_data': 0.22257709503173828, 'a2a3': 4.117575645446777, 'spmm_gpu': 2.5029497146606445})
 7: rank: 7 total_time: 8.341425895690918
 7: rank: 7 timings: defaultdict(<class 'float'>, {'a2a2': 0.0007388591766357422, 'gather_row_data': 0.22656035423278809, 'a2a3': 4.076364278793335, 'spmm_gpu': 2.561131477355957})
 8: rank: 8 total_time: 8.342522382736206
 8: rank: 8 timings: defaultdict(<class 'float'>, {'a2a2': 0.0004906654357910156, 'gather_row_data': 0.21940040588378906, 'a2a3': 4.040282249450684, 'spmm_gpu': 2.456785202026367})
12: rank: 12 total_time: 8.342431783676147
12: rank: 12 timings: defaultdict(<class 'float'>, {'a2a2': 0.0006968975067138672, 'gather_row_data': 0.21822667121887207, 'a2a3': 4.092423677444458, 'spmm_gpu': 2.319624423980713})
13: rank: 13 total_time: 8.342689514160156
13: rank: 13 timings: defaultdict(<class 'float'>, {'a2a2': 0.0006732940673828125, 'gather_row_data': 0.21900701522827148, 'a2a3': 4.0417163372039795, 'spmm_gpu': 2.3541598320007324})
14: rank: 14 total_time: 8.34165644645691
 1: rank: 1 timings: defaultdict(<class 'float'>, {'a2a2': 0.0006606578826904297, 'gather_row_data': 0.21613001823425293, 'a2a3': 3.944267749786377, 'spmm_gpu': 2.4385602474212646})
10: rank: 10 total_time: 8.34192943572998
10: rank: 10 timings: defaultdict(<class 'float'>, {'a2a2': 0.0006716251373291016, 'gather_row_data': 0.2159593105316162, 'a2a3': 4.0929930210113525, 'spmm_gpu': 2.295518636703491})
 4: rank: 4 timings: defaultdict(<class 'float'>, {'a2a2': 0.0005383491516113281, 'gather_row_data': 0.21552515029907227, 'a2a3': 4.088949918746948, 'spmm_gpu': 2.438467502593994})
14: rank: 14 timings: defaultdict(<class 'float'>, {'a2a2': 0.0006597042083740234, 'gather_row_data': 0.2196810245513916, 'a2a3': 4.026418447494507, 'spmm_gpu': 2.344424247741699})
11: rank: 11 total_time: 8.34250783920288
11: rank: 11 timings: defaultdict(<class 'float'>, {'a2a2': 0.0006754398345947266, 'gather_row_data': 0.2209947109222412, 'a2a3': 4.087784051895142, 'spmm_gpu': 2.3587608337402344})
 3: rank: 3 total_time: 8.35309886932373
 3: rank: 3 timings: defaultdict(<class 'float'>, {'a2a2': 0.0006082057952880859, 'gather_row_data': 0.22003936767578125, 'a2a3': 4.052783727645874, 'spmm_gpu': 2.455328941345215})
 5: rank: 5 total_time: 8.34199333190918
 5: rank: 5 timings: defaultdict(<class 'float'>, {'a2a2': 0.0006558895111083984, 'gather_row_data': 0.22219038009643555, 'a2a3': 3.9927239418029785, 'spmm_gpu': 2.4922289848327637})
 9: rank: 9 total_time: 8.342357635498047
 9: rank: 9 timings: defaultdict(<class 'float'>, {'a2a2': 0.0006182193756103516, 'gather_row_data': 0.2163395881652832, 'a2a3': 3.9676222801208496, 'spmm_gpu': 2.3131625652313232})
15: rank: 15 total_time: 8.34177565574646
15: rank: 15 timings: defaultdict(<class 'float'>, {'a2a2': 0.0005278587341308594, 'gather_row_data': 0.22123312950134277, 'a2a3': 4.115151882171631, 'spmm_gpu': 2.396918535232544})
srun: error: Node failure on nid008437
srun: Job step aborted: Waiting up to 32 seconds for job step to finish.
